2020-02-20 07:59:59.294 INFO  singlejartest.Main - Connecting...
2020-02-20 07:59:59.554 INFO  com.dukascopy.api.impl.connect.AuthorizationClient - environment(jnlp.client.mode)=DEMO, platformInstanceId=null
2020-02-20 07:59:59.567 INFO  com.dukascopy.api.impl.connect.AuthorizationClient - Auth step 1 request [40BF1FC597D59FE4B6D25A19420D3F6C0A8F3704]
2020-02-20 07:59:59.569 DEBUG com.dukascopy.api.impl.connect.AuthorizationClient - >> [https://login.dukascopy.com/authorization-1/demo/auth?munus=srp_api&passus=1&sermo=b589f6f3-8135-440a-aadb-02142b7666db&putent_genus=0&appello=40BF1FC597D59FE4B6D25A19420D3F6C0A8F3704&obsecro_id=af951746-ca82-4dba-a695-fe3e6455f0b4&srp_versio=1]
2020-02-20 08:00:00.430 DEBUG com.dukascopy.api.impl.connect.AuthorizationClient - << [{"B":"473c8452e3b554664e7f4638ff44741501c7c09395d94aa748132b4c239b01a7dbe4705d6d1ed6ba19c9e6f20963e8ef18c6648aa23cffafe96cc3784df4c90e1c1629c166d219652ebb3b8de0f36fa3417c30505d31f4d830265ba032575e7301232af512df6e48309e3d89830fc5057c80770cdd1cdcadec295299e8de38463727da98fba38f9c881c607d53fc69107fecf267228b0cc933cea53b92fe8c6f2000a232d43921a45149c0806d1e143082fc77a2ce20cd4b01a92de4a2513e914366dcf32468997bc6e1528806ad23bda6e77db5bec614b40186101e3f9c699842a1e2d0fe033bf6a3582de38173f4505748ed4fce4a6d27989346db1db4a4c8","S":"534558afc899ef8775a4b75a16f45b83","G":"2","H":"SHA-256","K":"5b9e8ef059c6b32ea59fc1d322d37f04aa30bae5aa9003b8321e21ddb04e300","N":"ac6bdb41324a9a9bf166de5e1389582faf72b6651987ee07fc3192943db56050a37329cbb4a099ed8193e0757767a13dd52312ab4b03310dcd7f48a9da04fd50e8083969edb767b0cf6095179a163ab3661a05fbd5faaae82918a9962f0b93b855f97993ec975eeaa80d740adbf4ff747359d041d5c33ea71d281e446b14773bca97b43a23fb801676bd207a436c6481f1d2b9078717461a5b9d32e688f87748544523b524b0d57d5ea77a2775d2ecfa032cfbdbf52fb3786160279004e57ae6af874e7303ce53299ccc041c7bc308d82a5698f3a8d0c38271ae35f8e9dbfbb694b5c803d89f7ae435de236d525f54759b65e372fcd68ef20fa7111f9e4aff73","srp_versio":"1"}]
2020-02-20 08:00:00.432 INFO  com.dukascopy.api.impl.connect.AuthorizationClient - Auth step 1 response [ServerResponseObject [passwordServerResponse=Step1ServerResponse [serverPublicValueB=473c8452e3b554664e7f4638ff44741501c7c09395d94aa748132b4c239b01a7dbe4705d6d1ed6ba19c9e6f20963e8ef18c6648aa23cffafe96cc3784df4c90e1c1629c166d219652ebb3b8de0f36fa3417c30505d31f4d830265ba032575e7301232af512df6e48309e3d89830fc5057c80770cdd1cdcadec295299e8de38463727da98fba38f9c881c607d53fc69107fecf267228b0cc933cea53b92fe8c6f2000a232d43921a45149c0806d1e143082fc77a2ce20cd4b01a92de4a2513e914366dcf32468997bc6e1528806ad23bda6e77db5bec614b40186101e3f9c699842a1e2d0fe033bf6a3582de38173f4505748ed4fce4a6d27989346db1db4a4c8, saltS=534558afc899ef8775a4b75a16f45b83, safePrimeN=ac6bdb41324a9a9bf166de5e1389582faf72b6651987ee07fc3192943db56050a37329cbb4a099ed8193e0757767a13dd52312ab4b03310dcd7f48a9da04fd50e8083969edb767b0cf6095179a163ab3661a05fbd5faaae82918a9962f0b93b855f97993ec975eeaa80d740adbf4ff747359d041d5c33ea71d281e446b14773bca97b43a23fb801676bd207a436c6481f1d2b9078717461a5b9d32e688f87748544523b524b0d57d5ea77a2775d2ecfa032cfbdbf52fb3786160279004e57ae6af874e7303ce53299ccc041c7bc308d82a5698f3a8d0c38271ae35f8e9dbfbb694b5c803d89f7ae435de236d525f54759b65e372fcd68ef20fa7111f9e4aff73, correspondingGeneratorG=2, hashAlgorithmH=SHA-256, srpProtocolVersion=1], ]]
2020-02-20 08:00:00.521 INFO  com.dukascopy.api.impl.connect.AuthorizationClient - Auth step 2 request A [5690390816196999702850334209998553249078345644579423358649028570443564439772707561579666160854042140345143469023297476663095530362985863919591243829481394368836021017115132241641298015237695225656564289083599018106635111749386600627973350098271038377482570150586992486664223666662018167279007640948324801378403100862735323827073084454529610749882408152937693123266645705743746108566139125303502746998687279870772719177188210684862600729900340134852817744239100597917291233627535053356408184025081515630760672495710657643409274112215191797105215244354480563021297358319094356504850800388402334744234656316659921545716], M1 [33170666405819353026607729318985751694901603185525347246616138582100681940635]
2020-02-20 08:00:00.522 DEBUG com.dukascopy.api.impl.connect.AuthorizationClient - >> [https://login.dukascopy.com/authorization-1/demo/auth?munus=srp_api&testimonium_nuntius=4955ee8e8c74d3fcfeeebb9e4ba5f05155bc3b3898a1f00d98bbe445acbfde9b&passus=2&publicus_pendo=2d139a9fbf60ed75b760fab1c18a2a657945b314b0208a3883148adf98d5b3652edb4cb59fcce1a37e158eead4bc1e5ae2c0f52d86697b751126d448938f110e0127caf1886aadc106497c9b1e49b4d6270ce66cae899d32c2beb57774f98ce7f2392510cdf2376920b2dbec404bc5d36f9e9d11d2d3a44a8f3b15749028d5b40b071f7a88c53f997b9ad88c89628b86fd9bac2821c7e334dca72bf24ecc0781d1f433bcf5e27474fdbfff341fb21c2052330dcb26b8130ac9ce6d820fda1ced851cec268d98316e9d64afb7e064c76084b4d68734ef595893827052aeac1b167396cfedd269406f15a675f53d1b6996fb1c6cad014068dba250cee1bf3369f4&sermo=b589f6f3-8135-440a-aadb-02142b7666db&putent_genus=0&obsecro_id=af951746-ca82-4dba-a695-fe3e6455f0b4&srp_versio=1]
2020-02-20 08:00:00.881 DEBUG com.dukascopy.api.impl.connect.AuthorizationClient - << [{"M2":"8bcf9e5d7cdb874bb8d5d0871e0bcdc6553097137a5f646467c46d2199288c51","srp_versio":"1"}]
2020-02-20 08:00:00.882 INFO  com.dukascopy.api.impl.connect.AuthorizationClient - Auth step 2 response [ServerResponseObject [passwordServerResponse=Step2ServerResponse [serverEvidenceMessageM2=8bcf9e5d7cdb874bb8d5d0871e0bcdc6553097137a5f646467c46d2199288c51, srpProtocolVersion=1], ]]
2020-02-20 08:00:00.883 INFO  com.dukascopy.api.impl.connect.AuthorizationClient - Auth step 3 request
2020-02-20 08:00:00.884 DEBUG com.dukascopy.api.impl.connect.AuthorizationClient - >> [https://login.dukascopy.com/authorization-1/demo/auth?munus=srp_api&passus=3&sermo=b589f6f3-8135-440a-aadb-02142b7666db&versio=318.4.87&willPing=true&occasus_content_vulgate=0&putent_genus=0&occasus=true&platform=DDS3_JFOREXSDK&obsecro_id=af951746-ca82-4dba-a695-fe3e6455f0b4&srp_versio=1]
2020-02-20 08:00:02.294 DEBUG com.dukascopy.api.impl.connect.AuthorizationClient - << [{"occasus":"rO0ABXNyABRqYXZhLnV0aWwuUHJvcGVydGllczkS0HpwNj6YAgABTAAIZGVmYXVsdHN0ABZMamF2\r\nYS91dGlsL1Byb3BlcnRpZX...","authApiURLs":["d-ja-gva-101-135-154.dukascopy.com:10443","d-ja-usa-e-97-4-b.dukascopy.com:10443","d-ja-sgn-04-a.dukascopy.com:10443","d-ja-jpn-04-a.dukascopy.com:10443","d-ja-hk-110-05.dukascopy.ch:10443","d-ja-msk-10.dukascopy.com:10443","d-ja-hk-111-4.dukascopy.ch:10443"],"srp_versio":"1"}]
2020-02-20 08:00:02.305 INFO  com.dukascopy.api.impl.connect.AuthorizationClient - Auth step 3 response [ServerResponseObject [passwordServerResponse=Step3ServerResponse [serverResponse={"occasus":"rO0ABXNyABRqYXZhLnV0aWwuUHJvcGVydGllczkS0HpwNj6YAgABTAAIZGVmYXVsdHN0ABZMamF2\r\nYS91dGlsL1Byb3BlcnRpZX...","authApiURLs":["d-ja-gva-101-135-154.dukascopy.com:10443","d-ja-usa-e-97-4-b.dukascopy.com:10443","d-ja-sgn-04-a.dukascopy.com:10443","d-ja-jpn-04-a.dukascopy.com:10443","d-ja-hk-110-05.dukascopy.ch:10443","d-ja-msk-10.dukascopy.com:10443","d-ja-hk-111-4.dukascopy.ch:10443"],"srp_versio":"1"}], responseHeaderFields={Transfer-Encoding=[chunked], null=[HTTP/1.1 200], idle-session-ttl=[900000], CF-RAY=[567e99e23d9cf2d8-WAW], Server=[cloudflare], Connection=[keep-alive], Client-Country=[PL], Pragma=[no-cache], Last-Modified=[Thu, 20 Feb 2020 07:00:01 GMT], Date=[Thu, 20 Feb 2020 07:00:02 GMT], CF-Cache-Status=[DYNAMIC], Cache-Control=[no-cache, must-revalidate, no-store, max-age=0], Access-Control-Allow-Credentials=[true], Client-IP=[37.47.204.122], Vary=[Accept-Encoding], Set-Cookie=[__cfduid=d763c0dbb2416002c1816a3deacc796b31582182001; expires=Sat, 21-Mar-20 07:00:01 GMT; path=/; domain=.dukascopy.com; HttpOnly; SameSite=Lax], Expires=[Thu, 01 Jan 1970 00:00:00 GMT], Expect-CT=[max-age=604800, report-uri="https://report-uri.cloudflare.com/cdn-cgi/beacon/expect-ct"], Content-Type=[text/plain;charset=UTF-8]}]]
2020-02-20 08:00:02.457 INFO  com.dukascopy.api.impl.connect.AuthorizationClient - APIC: Ping API server URLs synchronously
2020-02-20 08:00:02.458 INFO  com.dukascopy.api.impl.connect.PingHelper - Selecting the best server...
2020-02-20 08:00:02.479 INFO  com.dukascopy.api.impl.connect.PingHelper - The ping start time=2020-02-20 08:00:02:479
2020-02-20 08:00:02.899 INFO  com.dukascopy.api.impl.connect.PingHelper - The ping end time=2020-02-20 08:00:02:899, the ping processing time=[420]ms
2020-02-20 08:00:02.899 DEBUG com.dukascopy.api.impl.connect.PingHelper - Best api url [d-ja-gva-101-135-154.dukascopy.com:10443] with time [91]
2020-02-20 08:00:02.900 INFO  com.dukascopy.dds2.greed.ping.ApiServerManager - APIC: The ping is finished, the fastest API server is saved: d-ja-gva-101-135-154.dukascopy.com:10443 (91 ms)
2020-02-20 08:00:02.900 DEBUG com.dukascopy.api.impl.connect.DCClientImpl - d-ja-gva-101-135-154.dukascopy.com:10443@16a90060a3cb94f748e569abbeb3e102cd0e8d5c4d788bcf2317d54a712a4dc5
2020-02-20 08:00:02.902 DEBUG com.dukascopy.api.impl.connect.DCClientImpl - UserAgent: {"clientType":"DDS3_JFOREXSDK","javaVersion":"11.0.5","jvmVersion":"11.0.5+10-b520.17","clientVersion":"318.4.87","osName":"Linux"}
2020-02-20 08:00:03.441 INFO  com.dukascopy.dds2.greed.util.FilePathManager - WL info is unavailable. Use default App folder for Platform data:  /home/rudojs/JForex
2020-02-20 08:00:03.854 INFO  com.dukascopy.api.instrument.subscribe.InstrumentManager - InstrumentManager created.
2020-02-20 08:00:04.097 WARN  com.dukascopy.api.impl.connect.WLabelData - White Label Image is not received
2020-02-20 08:00:04.616 INFO  com.dukascopy.dds2.greed.connection.GreedClientAuthorizationProvider - !!!:Thread[(DDS2 Standalone Transport Client) ClientConnector,5,main]
2020-02-20 08:00:04.619 INFO  com.dukascopy.dds4.transport.client.netty.ClientConnector - Authorize task in queue, server address [d-ja-gva-101-135-154.dukascopy.com/194.8.15.154:10443], transport name [DDS2 Standalone Transport Client]
2020-02-20 08:00:04.704 INFO  com.dukascopy.dds2.greed.market.LiveCurrencyMarketManager - LiveCurrencyMarketManager started.
2020-02-20 08:00:05.103 INFO  singlejartest.Main - Connected
2020-02-20 08:00:05.115 INFO  com.dukascopy.dds2.greed.agent.indicator.AccountProvider - Account representation: com.dukascopy.api.impl.connect.PlatformAccountImpl@556c9794[
  currency=PLN
  leverage=100.0
  credit line=1578111.0
  equity=15823.8
  balance=15822.51
  base equity=15824.87
  use of leverage=0.0
  used margin=42.68999999999869
  account state=OK
  global=false
  account id=1958578
  instrument quotes={bCHF=3.99919740919481835336, EUR=4.2686948402, USD=3.956415, aUSD=3.97662420, bUSD=3.93621005, bJPY=0.03528840681704081055683, aCHF=4.04066880048772971828, aJPY=0.03565168144449126179736}
  
  Initial values:
  margin mode=0
  margin cut level=200
  stop loss level=0.0
  over the weekend leverage=30
  currency precision=2
  client ids=[1723066]
  client info set=[Client ID = 1723066, State = OK, Equity = 15823.80, Stop Loss Level = 9871.80, Currency = PLN]
]
2020-02-20 08:00:05.123 DEBUG com.dukascopy.api.impl.connect.DCClientImpl - Order group received for instrument [USD/JPY], adding instrument to the list of the subscribed instruments
2020-02-20 08:00:05.135 DEBUG com.dukascopy.api.impl.connect.DCClientImpl - Order group received for instrument [USD/CHF], adding instrument to the list of the subscribed instruments
2020-02-20 08:00:05.136 DEBUG com.dukascopy.api.impl.connect.DCClientImpl - Order group received for instrument [EUR/USD], adding instrument to the list of the subscribed instruments
2020-02-20 08:00:05.137 DEBUG com.dukascopy.api.impl.connect.DCClientImpl - Order group received for instrument [COPPER.CMD/USD], adding instrument to the list of the subscribed instruments
2020-02-20 08:00:05.228 INFO  com.dukascopy.api.instrument.subscribe.InstrumentManager - SUBSCRIBED INSTRUMENTS: [COPPER.CMD/USD, EUR/USD, USD/CHF, USD/JPY]
2020-02-20 08:00:05.228 INFO  com.dukascopy.api.instrument.subscribe.InstrumentManager - FULL DEPTH INSTRUMENTS: [USD/JPY]
2020-02-20 08:00:05.229 INFO  com.dukascopy.api.instrument.subscribe.InstrumentManager - SUBSCRIBED INSTRUMENTS: [COPPER.CMD/USD, EUR/USD, USD/CHF, USD/JPY]
2020-02-20 08:00:05.229 INFO  com.dukascopy.api.instrument.subscribe.InstrumentManager - FULL DEPTH INSTRUMENTS: [USD/CHF, USD/JPY]
2020-02-20 08:00:05.230 INFO  com.dukascopy.api.instrument.subscribe.InstrumentManager - SUBSCRIBED INSTRUMENTS: [COPPER.CMD/USD, EUR/USD, USD/CHF, USD/JPY]
2020-02-20 08:00:05.230 INFO  com.dukascopy.api.instrument.subscribe.InstrumentManager - FULL DEPTH INSTRUMENTS: [EUR/USD, USD/CHF, USD/JPY]
2020-02-20 08:00:05.231 INFO  com.dukascopy.api.instrument.subscribe.InstrumentManager - SUBSCRIBED INSTRUMENTS: [COPPER.CMD/USD, EUR/USD, USD/CHF, USD/JPY]
2020-02-20 08:00:05.231 INFO  com.dukascopy.api.instrument.subscribe.InstrumentManager - FULL DEPTH INSTRUMENTS: [COPPER.CMD/USD, EUR/USD, USD/CHF, USD/JPY]
2020-02-20 08:00:05.640 INFO  com.dukascopy.dds4.transport.client.netty.TransportClient - Ticks are being transferred via UDP
2020-02-20 08:00:06.097 INFO  singlejartest.Main - Subscribing instruments...
2020-02-20 08:00:06.098 INFO  singlejartest.Main - Starting strategy
2020-02-20 08:00:07.263 INFO  singlejartest.Main - Strategy started: 52
2020-02-20 08:00:10.274 ERROR com.dukascopy.api.impl.execution.TaskOnBar - Label not unique(code 1). (Order already exists) [sell]:label=sell;getId()=185389450;groupId=185389450;openingOrderId=722658309;pendingOrderId=null;pendingOrderCommand=null;parentOrderId=null;tpOrderId=null;slOrderId=null;state=FILLED;instrument=EUR/USD;openPrice=1.07893;requestedAmount=0.001;amount=0.001;lastServerRequest=NONE;awaitingResubmit=false;
fill history:
	[time=2020-02-20 06:58:20, price=1.07893, amount=0.001]
com.dukascopy.api.JFException: Label not unique(code 1). (Order already exists) [sell]:label=sell;getId()=185389450;groupId=185389450;openingOrderId=722658309;pendingOrderId=null;pendingOrderCommand=null;parentOrderId=null;tpOrderId=null;slOrderId=null;state=FILLED;instrument=EUR/USD;openPrice=1.07893;requestedAmount=0.001;amount=0.001;lastServerRequest=NONE;awaitingResubmit=false;
fill history:
	[time=2020-02-20 06:58:20, price=1.07893, amount=0.001]
	at com.dukascopy.api.impl.connect.OrdersInternalCollection.putToAllInstances(OrdersInternalCollection.java:180)
	at com.dukascopy.api.impl.connect.JForexEngineImpl.submitOrderMain(JForexEngineImpl.java:154)
	at com.dukascopy.api.impl.connect.JForexEngineImpl.submitOrder(JForexEngineImpl.java:306)
	at com.dukascopy.api.impl.connect.JForexEngineImpl.submitOrder(JForexEngineImpl.java:320)
	at com.dukascopy.api.impl.connect.JForexEngineImpl.submitOrder(JForexEngineImpl.java:333)
	at com.dukascopy.api.impl.connect.JForexEngineImpl.submitOrder(JForexEngineImpl.java:346)
	at com.dukascopy.api.impl.connect.JForexEngineImpl.submitOrder(JForexEngineImpl.java:370)
	at com.dukascopy.api.impl.connect.JForexEngineImpl.submitOrder(JForexEngineImpl.java:381)
	at singlejartest.Strategy2.onBar(Strategy2.java:70)
	at com.dukascopy.api.impl.execution.TaskOnBar.postData(TaskOnBar.java:85)
	at com.dukascopy.api.impl.execution.TaskOnBar.call(TaskOnBar.java:63)
	at com.dukascopy.api.impl.execution.TaskOnBar.call(TaskOnBar.java:23)
	at java.base/java.util.concurrent.FutureTask.run(FutureTask.java:264)
	at com.dukascopy.api.impl.execution.ScienceThreadPoolExecutor$Worker.runTask(ScienceThreadPoolExecutor.java:904)
	at com.dukascopy.api.impl.execution.ScienceThreadPoolExecutor$Worker.run(ScienceThreadPoolExecutor.java:926)
	at java.base/java.lang.Thread.run(Thread.java:834)
2020-02-20 08:00:10.276 ERROR com.dukascopy.api.impl.connect.DCClientImpl$DefaultStrategyExceptionHandler - Exception thrown while running onBar method: Label not unique(code 1). (Order already exists) [sell]:label=sell;getId()=185389450;groupId=185389450;openingOrderId=722658309;pendingOrderId=null;pendingOrderCommand=null;parentOrderId=null;tpOrderId=null;slOrderId=null;state=FILLED;instrument=EUR/USD;openPrice=1.07893;requestedAmount=0.001;amount=0.001;lastServerRequest=NONE;awaitingResubmit=false;
fill history:
	[time=2020-02-20 06:58:20, price=1.07893, amount=0.001]
com.dukascopy.api.JFException: Label not unique(code 1). (Order already exists) [sell]:label=sell;getId()=185389450;groupId=185389450;openingOrderId=722658309;pendingOrderId=null;pendingOrderCommand=null;parentOrderId=null;tpOrderId=null;slOrderId=null;state=FILLED;instrument=EUR/USD;openPrice=1.07893;requestedAmount=0.001;amount=0.001;lastServerRequest=NONE;awaitingResubmit=false;
fill history:
	[time=2020-02-20 06:58:20, price=1.07893, amount=0.001]
	at com.dukascopy.api.impl.connect.OrdersInternalCollection.putToAllInstances(OrdersInternalCollection.java:180)
	at com.dukascopy.api.impl.connect.JForexEngineImpl.submitOrderMain(JForexEngineImpl.java:154)
	at com.dukascopy.api.impl.connect.JForexEngineImpl.submitOrder(JForexEngineImpl.java:306)
	at com.dukascopy.api.impl.connect.JForexEngineImpl.submitOrder(JForexEngineImpl.java:320)
	at com.dukascopy.api.impl.connect.JForexEngineImpl.submitOrder(JForexEngineImpl.java:333)
	at com.dukascopy.api.impl.connect.JForexEngineImpl.submitOrder(JForexEngineImpl.java:346)
	at com.dukascopy.api.impl.connect.JForexEngineImpl.submitOrder(JForexEngineImpl.java:370)
	at com.dukascopy.api.impl.connect.JForexEngineImpl.submitOrder(JForexEngineImpl.java:381)
	at singlejartest.Strategy2.onBar(Strategy2.java:70)
	at com.dukascopy.api.impl.execution.TaskOnBar.postData(TaskOnBar.java:85)
	at com.dukascopy.api.impl.execution.TaskOnBar.call(TaskOnBar.java:63)
	at com.dukascopy.api.impl.execution.TaskOnBar.call(TaskOnBar.java:23)
	at java.base/java.util.concurrent.FutureTask.run(FutureTask.java:264)
	at com.dukascopy.api.impl.execution.ScienceThreadPoolExecutor$Worker.runTask(ScienceThreadPoolExecutor.java:904)
	at com.dukascopy.api.impl.execution.ScienceThreadPoolExecutor$Worker.run(ScienceThreadPoolExecutor.java:926)
	at java.base/java.lang.Thread.run(Thread.java:834)
2020-02-20 08:00:10.278 INFO  singlejartest.Main - Strategy stopped: 52
2020-02-20 08:00:10.280 DEBUG com.dukascopy.api.impl.connect.ActivityLogger - jah : [{"datumType":"message","message":"Strategy \"Strategy2\" Strategy ID: 9071533F88894656599471315458B991 is started at 2020-02-20 07:00:07.080 GMT on the local computer with no parameters","clientTime":"1582182007242","timestamp":"1582182007080"},{"datumType":"message","message":"com.dukascopy.api.JFException: Label not unique(code 1). (Order already exists) [sell]:label=sell;getId()=185389450;groupId=185389450;openingOrderId=722658309;pendingOrderId=null;pendingOrderCommand=null;parentOrderId=null;tpOrderId=null;slOrderId=null;state=FILLED;instrument=EUR/USD;openPrice=1.07893;requestedAmount=0.001;amount=0.001;lastServerRequest=NONE;awaitingResubmit=false;\nfill history:\n\t[time=2020-02-20 06:58:20, price=1.07893, amount=0.001] @ singlejartest.Strategy2.onBar(Strategy2.java:70)","clientTime":"1582182010273","timestamp":"1582182010112"},{"datumType":"message","message":"Stopping \"Strategy2\" strategy at 2020-02-20 07:00:10.115 GMT on the local computer","clientTime":"1582182010276","timestamp":"1582182010115"}]
2020-02-20 08:00:10.760 DEBUG com.dukascopy.api.impl.connect.ActivityLogger - Trade Log (200) : https://demo-login.dukascopy.com/platformweb/export/tradeLog.php?check=fffd07fffdfffdfffd25fffd56fffd7bfffd3dfffd712efffd&login=DEMO2iLGsh&tzOffsetSeconds=-3600
