2020-02-20 08:01:10.672 INFO  singlejartest.Main - Connecting...
2020-02-20 08:01:11.376 INFO  com.dukascopy.api.impl.connect.AuthorizationClient - environment(jnlp.client.mode)=DEMO, platformInstanceId=null
2020-02-20 08:01:11.385 INFO  com.dukascopy.api.impl.connect.AuthorizationClient - Auth step 1 request [40BF1FC597D59FE4B6D25A19420D3F6C0A8F3704]
2020-02-20 08:01:11.387 DEBUG com.dukascopy.api.impl.connect.AuthorizationClient - >> [https://login.dukascopy.com/authorization-1/demo/auth?munus=srp_api&passus=1&sermo=7b6162e4-f6de-4a52-aa8f-7c25e6688cf7&putent_genus=0&appello=40BF1FC597D59FE4B6D25A19420D3F6C0A8F3704&obsecro_id=c479974d-1550-4717-865b-a7585c425eb3&srp_versio=1]
2020-02-20 08:01:12.619 DEBUG com.dukascopy.api.impl.connect.AuthorizationClient - << [{"B":"ab5586d11dc91293676e27696bc3ba239438a9bf67da5abc6ac36c6e658ae8c1396ff969ac4db05601717fd3998ae934ddd5994a8d296e75afcfd0a9da65c0833809db7be87171454db8f98d1486fd8dce6923e71bea2e232c0cf94511b2f8f90ff2f34bc5a193ba10ac8ac199f9506530e128ad6a4365f04ff80b0a451e5110196cb0ea7c6eb93f17b028c98e3425f6af17750dd8ec42056fed97b9e9e5cbe8442bf39d71d1d58a92828af3fc69c40ac47aafbfbf2f0bf81392a6cf8fd4c61eb40040f2cc08f2b53c7880320e6917194d004a0629ee01e22cce699f2936065c383b432893ff2dc6a0858945281e118985be87fb6f5e0c07e6b34aa5b12c260a","S":"6654ec4b452527b88ff2c4a54c0cb807","G":"2","H":"SHA-256","K":"5b9e8ef059c6b32ea59fc1d322d37f04aa30bae5aa9003b8321e21ddb04e300","N":"ac6bdb41324a9a9bf166de5e1389582faf72b6651987ee07fc3192943db56050a37329cbb4a099ed8193e0757767a13dd52312ab4b03310dcd7f48a9da04fd50e8083969edb767b0cf6095179a163ab3661a05fbd5faaae82918a9962f0b93b855f97993ec975eeaa80d740adbf4ff747359d041d5c33ea71d281e446b14773bca97b43a23fb801676bd207a436c6481f1d2b9078717461a5b9d32e688f87748544523b524b0d57d5ea77a2775d2ecfa032cfbdbf52fb3786160279004e57ae6af874e7303ce53299ccc041c7bc308d82a5698f3a8d0c38271ae35f8e9dbfbb694b5c803d89f7ae435de236d525f54759b65e372fcd68ef20fa7111f9e4aff73","srp_versio":"1"}]
2020-02-20 08:01:12.620 INFO  com.dukascopy.api.impl.connect.AuthorizationClient - Auth step 1 response [ServerResponseObject [passwordServerResponse=Step1ServerResponse [serverPublicValueB=ab5586d11dc91293676e27696bc3ba239438a9bf67da5abc6ac36c6e658ae8c1396ff969ac4db05601717fd3998ae934ddd5994a8d296e75afcfd0a9da65c0833809db7be87171454db8f98d1486fd8dce6923e71bea2e232c0cf94511b2f8f90ff2f34bc5a193ba10ac8ac199f9506530e128ad6a4365f04ff80b0a451e5110196cb0ea7c6eb93f17b028c98e3425f6af17750dd8ec42056fed97b9e9e5cbe8442bf39d71d1d58a92828af3fc69c40ac47aafbfbf2f0bf81392a6cf8fd4c61eb40040f2cc08f2b53c7880320e6917194d004a0629ee01e22cce699f2936065c383b432893ff2dc6a0858945281e118985be87fb6f5e0c07e6b34aa5b12c260a, saltS=6654ec4b452527b88ff2c4a54c0cb807, safePrimeN=ac6bdb41324a9a9bf166de5e1389582faf72b6651987ee07fc3192943db56050a37329cbb4a099ed8193e0757767a13dd52312ab4b03310dcd7f48a9da04fd50e8083969edb767b0cf6095179a163ab3661a05fbd5faaae82918a9962f0b93b855f97993ec975eeaa80d740adbf4ff747359d041d5c33ea71d281e446b14773bca97b43a23fb801676bd207a436c6481f1d2b9078717461a5b9d32e688f87748544523b524b0d57d5ea77a2775d2ecfa032cfbdbf52fb3786160279004e57ae6af874e7303ce53299ccc041c7bc308d82a5698f3a8d0c38271ae35f8e9dbfbb694b5c803d89f7ae435de236d525f54759b65e372fcd68ef20fa7111f9e4aff73, correspondingGeneratorG=2, hashAlgorithmH=SHA-256, srpProtocolVersion=1], ]]
2020-02-20 08:01:12.711 INFO  com.dukascopy.api.impl.connect.AuthorizationClient - Auth step 2 request A [15169262362237602456014640006605193070804731871153261700159937817262597069691116736108641595026006378371300814564921755710207196792270305398641590273662674288521279534434074974195368358984146083729108593021001089538409144656628755159003330597286455522226257682286578622523920287353145704938257222864130171823813418175065949069326510253955847823086367538185082164771189538706148011590702724701132648719832851631026616490351538264383206021248976677570836252549089248220751524696364820261521751780019604027222565946492871241008547006603043922676044974380621926561805885135416266801635755565248120295923753510920783283103], M1 [20488052704710750166466769866209915016621799440688064863278586939111013768051]
2020-02-20 08:01:12.712 DEBUG com.dukascopy.api.impl.connect.AuthorizationClient - >> [https://login.dukascopy.com/authorization-1/demo/auth?munus=srp_api&testimonium_nuntius=2d4bd3af1447387bc1b58d4969ef9f7dd0781386e19c78cc19ab2ae004ba5b73&passus=2&publicus_pendo=7829e8881fbf6f30b52b379321614e65cc04d56130de8e8b99396ce3fc4b530b5c0789a254359ec2b456cf01e457df0707fb933e987a580a4c74c09eb1ef3bd2c74d08f0fbb23fd736c2faa38ee72cd58e085278ad9149bdf5814a64595c8f97cf6e81d94da39282452b4ebf23009947f94a9141d4e6a3f83a48f5997486cc6dc08563a02f2cfb989f473675e010538ea55b8015a1633594f12cd03ff9c86abc19350c51205a76d28f0e2dadb8e855beb03afed574d08e975591eebba1f0f2e4519dd9e87bf8033d2ce07658ca7f3e003953f04fb29de274791a37ce74b6cca5d2949830fde8dab4f09b483c87db38703366625e7748d5cba12cf5023796439f&sermo=7b6162e4-f6de-4a52-aa8f-7c25e6688cf7&putent_genus=0&obsecro_id=c479974d-1550-4717-865b-a7585c425eb3&srp_versio=1]
2020-02-20 08:01:13.225 DEBUG com.dukascopy.api.impl.connect.AuthorizationClient - << [{"M2":"f8e91ac8cfc6d3b53612bfe2c2afe944a222207a25ab80a2fd677458aaa18b41","srp_versio":"1"}]
2020-02-20 08:01:13.225 INFO  com.dukascopy.api.impl.connect.AuthorizationClient - Auth step 2 response [ServerResponseObject [passwordServerResponse=Step2ServerResponse [serverEvidenceMessageM2=f8e91ac8cfc6d3b53612bfe2c2afe944a222207a25ab80a2fd677458aaa18b41, srpProtocolVersion=1], ]]
2020-02-20 08:01:13.226 INFO  com.dukascopy.api.impl.connect.AuthorizationClient - Auth step 3 request
2020-02-20 08:01:13.227 DEBUG com.dukascopy.api.impl.connect.AuthorizationClient - >> [https://login.dukascopy.com/authorization-1/demo/auth?munus=srp_api&passus=3&sermo=7b6162e4-f6de-4a52-aa8f-7c25e6688cf7&versio=318.4.87&willPing=true&occasus_content_vulgate=0&putent_genus=0&occasus=true&platform=DDS3_JFOREXSDK&obsecro_id=c479974d-1550-4717-865b-a7585c425eb3&srp_versio=1]
2020-02-20 08:01:14.577 DEBUG com.dukascopy.api.impl.connect.AuthorizationClient - << [{"occasus":"rO0ABXNyABRqYXZhLnV0aWwuUHJvcGVydGllczkS0HpwNj6YAgABTAAIZGVmYXVsdHN0ABZMamF2\r\nYS91dGlsL1Byb3BlcnRpZX...","authApiURLs":["d-ja-gva-121-130-118.dukascopy.com:10443","d-ja-usa-e-97-4-b.dukascopy.com:10443","d-ja-sgn-04-a.dukascopy.com:10443","d-ja-jpn-102-100-c.dukascopy.com:10443","d-ja-hk-110-05.dukascopy.ch:10443","d-ja-msk-10.dukascopy.com:10443","d-ja-hk-111-4.dukascopy.ch:10443"],"srp_versio":"1"}]
2020-02-20 08:01:14.592 INFO  com.dukascopy.api.impl.connect.AuthorizationClient - Auth step 3 response [ServerResponseObject [passwordServerResponse=Step3ServerResponse [serverResponse={"occasus":"rO0ABXNyABRqYXZhLnV0aWwuUHJvcGVydGllczkS0HpwNj6YAgABTAAIZGVmYXVsdHN0ABZMamF2\r\nYS91dGlsL1Byb3BlcnRpZX...","authApiURLs":["d-ja-gva-121-130-118.dukascopy.com:10443","d-ja-usa-e-97-4-b.dukascopy.com:10443","d-ja-sgn-04-a.dukascopy.com:10443","d-ja-jpn-102-100-c.dukascopy.com:10443","d-ja-hk-110-05.dukascopy.ch:10443","d-ja-msk-10.dukascopy.com:10443","d-ja-hk-111-4.dukascopy.ch:10443"],"srp_versio":"1"}], responseHeaderFields={Transfer-Encoding=[chunked], null=[HTTP/1.1 200], idle-session-ttl=[900000], CF-RAY=[567e9ba68a6dcc73-WAW], Server=[cloudflare], Connection=[keep-alive], Client-Country=[PL], Pragma=[no-cache], Last-Modified=[Thu, 20 Feb 2020 07:01:13 GMT], Date=[Thu, 20 Feb 2020 07:01:14 GMT], CF-Cache-Status=[DYNAMIC], Cache-Control=[no-cache, must-revalidate, no-store, max-age=0], Access-Control-Allow-Credentials=[true], Client-IP=[37.47.204.122], Vary=[Accept-Encoding], Set-Cookie=[__cfduid=dfc9eb0df6d0cf934dfdc45b74a53288a1582182073; expires=Sat, 21-Mar-20 07:01:13 GMT; path=/; domain=.dukascopy.com; HttpOnly; SameSite=Lax], Expires=[Thu, 01 Jan 1970 00:00:00 GMT], Expect-CT=[max-age=604800, report-uri="https://report-uri.cloudflare.com/cdn-cgi/beacon/expect-ct"], Content-Type=[text/plain;charset=UTF-8]}]]
2020-02-20 08:01:14.743 INFO  com.dukascopy.api.impl.connect.AuthorizationClient - APIC: Ping API server URLs synchronously
2020-02-20 08:01:14.744 INFO  com.dukascopy.api.impl.connect.PingHelper - Selecting the best server...
2020-02-20 08:01:15.762 INFO  com.dukascopy.api.impl.connect.PingHelper - The ping start time=2020-02-20 08:01:15:762
2020-02-20 08:01:16.115 INFO  com.dukascopy.api.impl.connect.PingHelper - The ping end time=2020-02-20 08:01:16:115, the ping processing time=[353]ms
2020-02-20 08:01:16.115 DEBUG com.dukascopy.api.impl.connect.PingHelper - Best api url [d-ja-gva-121-130-118.dukascopy.com:10443] with time [83]
2020-02-20 08:01:16.116 INFO  com.dukascopy.dds2.greed.ping.ApiServerManager - APIC: The ping is finished, the fastest API server is saved: d-ja-gva-121-130-118.dukascopy.com:10443 (83 ms)
2020-02-20 08:01:16.116 DEBUG com.dukascopy.api.impl.connect.DCClientImpl - d-ja-gva-121-130-118.dukascopy.com:10443@2de54886932b7d80ce297db64e88d35f7194b82b463b93ecdaa66105f8a70517
2020-02-20 08:01:16.118 DEBUG com.dukascopy.api.impl.connect.DCClientImpl - UserAgent: {"clientType":"DDS3_JFOREXSDK","javaVersion":"11.0.5","jvmVersion":"11.0.5+10-b520.17","clientVersion":"318.4.87","osName":"Linux"}
2020-02-20 08:01:16.674 INFO  com.dukascopy.dds2.greed.util.FilePathManager - WL info is unavailable. Use default App folder for Platform data:  /home/rudojs/JForex
2020-02-20 08:01:17.078 INFO  com.dukascopy.api.instrument.subscribe.InstrumentManager - InstrumentManager created.
2020-02-20 08:01:17.317 WARN  com.dukascopy.api.impl.connect.WLabelData - White Label Image is not received
2020-02-20 08:01:17.720 INFO  com.dukascopy.dds2.greed.connection.GreedClientAuthorizationProvider - !!!:Thread[(DDS2 Standalone Transport Client) ClientConnector,5,main]
2020-02-20 08:01:17.723 INFO  com.dukascopy.dds4.transport.client.netty.ClientConnector - Authorize task in queue, server address [d-ja-gva-121-130-118.dukascopy.com/194.8.15.118:10443], transport name [DDS2 Standalone Transport Client]
2020-02-20 08:01:17.801 INFO  com.dukascopy.dds2.greed.market.LiveCurrencyMarketManager - LiveCurrencyMarketManager started.
2020-02-20 08:01:18.241 INFO  singlejartest.Main - Connected
2020-02-20 08:01:18.257 INFO  com.dukascopy.dds2.greed.agent.indicator.AccountProvider - Account representation: com.dukascopy.api.impl.connect.PlatformAccountImpl@1b4379a4[
  currency=PLN
  leverage=100.0
  credit line=1582372.0
  equity=15823.72
  balance=15822.51
  base equity=15824.76
  use of leverage=0.0
  used margin=0.0
  account state=OK
  global=false
  account id=1958578
  instrument quotes={bCHF=3.99960197716004117955, USD=3.95667, aUSD=3.97677495, bUSD=3.93656825, bJPY=0.03529668110250340724505, aCHF=4.04078091976914284741, aJPY=0.03565782821942865284063}
  
  Initial values:
  margin mode=0
  margin cut level=200
  stop loss level=0.0
  over the weekend leverage=30
  currency precision=2
  client ids=[1723066]
  client info set=[Client ID = 1723066, State = OK, Equity = 15823.72, Stop Loss Level = 9871.80, Currency = PLN]
]
2020-02-20 08:01:18.266 DEBUG com.dukascopy.api.impl.connect.DCClientImpl - Order group received for instrument [USD/JPY], adding instrument to the list of the subscribed instruments
2020-02-20 08:01:18.281 DEBUG com.dukascopy.api.impl.connect.DCClientImpl - Order group received for instrument [USD/CHF], adding instrument to the list of the subscribed instruments
2020-02-20 08:01:18.283 DEBUG com.dukascopy.api.impl.connect.DCClientImpl - Order group received for instrument [COPPER.CMD/USD], adding instrument to the list of the subscribed instruments
2020-02-20 08:01:18.318 INFO  singlejartest.Main - Subscribing instruments...
2020-02-20 08:01:18.320 INFO  singlejartest.Main - Starting strategy
2020-02-20 08:01:18.356 INFO  com.dukascopy.api.instrument.subscribe.InstrumentManager - SUBSCRIBED INSTRUMENTS: [COPPER.CMD/USD, EUR/USD, USD/CHF, USD/JPY]
2020-02-20 08:01:18.356 INFO  com.dukascopy.api.instrument.subscribe.InstrumentManager - FULL DEPTH INSTRUMENTS: [USD/JPY]
2020-02-20 08:01:18.363 INFO  com.dukascopy.api.instrument.subscribe.InstrumentManager - SUBSCRIBED INSTRUMENTS: [COPPER.CMD/USD, EUR/USD, USD/CHF, USD/JPY]
2020-02-20 08:01:18.363 INFO  com.dukascopy.api.instrument.subscribe.InstrumentManager - FULL DEPTH INSTRUMENTS: [USD/CHF, USD/JPY]
2020-02-20 08:01:18.365 INFO  com.dukascopy.api.instrument.subscribe.InstrumentManager - SUBSCRIBED INSTRUMENTS: [COPPER.CMD/USD, EUR/USD, USD/CHF, USD/JPY]
2020-02-20 08:01:18.365 INFO  com.dukascopy.api.instrument.subscribe.InstrumentManager - FULL DEPTH INSTRUMENTS: [COPPER.CMD/USD, USD/CHF, USD/JPY]
2020-02-20 08:01:18.387 INFO  com.dukascopy.api.instrument.subscribe.InstrumentManager - SUBSCRIBED INSTRUMENTS: [COPPER.CMD/USD, EUR/USD, USD/CHF, USD/JPY]
2020-02-20 08:01:18.387 INFO  com.dukascopy.api.instrument.subscribe.InstrumentManager - FULL DEPTH INSTRUMENTS: [COPPER.CMD/USD, EUR/USD, USD/CHF, USD/JPY]
2020-02-20 08:01:18.464 INFO  com.dukascopy.dds4.transport.client.netty.TransportClient - Ticks are being transferred via UDP
2020-02-20 08:01:20.390 INFO  singlejartest.Main - Strategy started: 52
2020-02-20 08:01:26.896 DEBUG com.dukascopy.api.impl.connect.ActivityLogger - jah : [{"datumType":"message","message":"Strategy \"Strategy2\" Strategy ID: 9071533F88894656599471315458B991 is started at 2020-02-20 07:01:20.247 GMT on the local computer with no parameters","clientTime":"1582182080369","timestamp":"1582182080247"}]
2020-02-20 08:01:27.561 DEBUG com.dukascopy.api.impl.connect.ActivityLogger - Trade Log (200) : https://demo-login.dukascopy.com/platformweb/export/tradeLog.php?check=fffd07fffdfffdfffd25fffd56fffd7bfffd3dfffd712efffd&login=DEMO2iLGsh&tzOffsetSeconds=-3600
2020-02-20 08:01:31.056 DEBUG com.dukascopy.api.impl.connect.JForexEngineImpl - Submitting order [<OrderGroupMessage(,instrument=EUR/USD,orders=[<OrderMessageExt(,executorBlackList=[],primeBroker=[],properties=[],instrument=EUR/USD,amount=1000.000,side=BUY,priceTrailingLimit=0.00050,priceClient=1.07902,direction=OPEN,state=CREATED,trades=[],externalSysId=buy,strategyId=Strategy2.class 9071533F88894656599471315458B991,sessionId=7b6162e4-f6de-4a52-aa8f-7c25e6688cf7,strategyType=0,internalIp=127.0.0.1,externalIp=37.47.204.122,managerType=TRADER)>],externalSysId=buy,managerType=TRADER,timestamp=1582182091055)>]
2020-02-20 08:01:31.146 DEBUG com.dukascopy.api.impl.connect.PlatformOrderImpl - processing OrderGroupMessage [<OrderGroupMessage(orderGroupId=185389620,instrument=EUR/USD,orders=[<OrderMessageExt(,executorBlackList=[],primeBroker=[],equity=15823.71,properties=[],orderId=722658888,instrument=EUR/USD,amount=1000,side=BUY,priceTrailingLimit=0.00050,priceClient=1.07902,orderGroupId=185389620,direction=OPEN,state=EXECUTING,trades=[],parentOrderId=722658888,createdDate=Thu Feb 20 08:01:31 CET 2020,externalSysId=buy,strategyId=Strategy2.class 9071533F88894656599471315458B991,origAmount=1000,sessionId=7b6162e4-f6de-4a52-aa8f-7c25e6688cf7,strategyType=0,bestBid=1.07899,bestAsk=1.07902,checkTime=1582182091097,internalIp=127.0.0.1,externalIp=37.47.204.122,platform=DDS3_JFOREXSDK,managerType=TRADER,ts=1582182091096,userId=1958578,requestId=2cc395f5-5253-4a3a-bafe-425db629ffb7-1,accountLoginId=1909596,timestamp=1582182091097)>],amount=0,pricePosOpen=0,side=LONG,status=OPEN,externalSysId=buy,accCcy=PLN,pricePl=0,accSwap=0,platform=DDS3_JFOREXSDK,managerType=TRADER,ts=1582182091096,userId=1958578,requestId=2cc395f5-5253-4a3a-bafe-425db629ffb7-1,accountLoginId=1909596,timestamp=1582182091097)>]
2020-02-20 08:01:31.146 DEBUG com.dukascopy.api.impl.connect.PlatformOrderImpl - transiting order from CREATED state to OPENED as a response to EXECUTING order update message
2020-02-20 08:01:31.172 DEBUG com.dukascopy.api.impl.connect.PlatformOrderImpl - processing OrderGroupMessage [<OrderGroupMessage(orderGroupId=185389620,instrument=EUR/USD,orders=[<OrderMessageExt(,executorBlackList=[],zlPresent=1.079005,zlOnReceive=1.079005,commonId=722658888,primeBroker=[],allowSdex=1,wlPartnerId=1,equity=15823.71,properties=[AMOUNT_SELL=0, AMOUNT_BUY=1000.000, SWAP_BASE_CUR=0],orderId=722658888,rootOrderId=722658888,instrument=EUR/USD,amount=1000.0000000,side=BUY,priceTrailingLimit=0.00050,priceClient=1.07902,priceClientInitial=1.07902,orderGroupId=185389620,direction=OPEN,state=FILLED,trades=[],notes=,parentOrderId=722658888,createdDate=Thu Feb 20 08:01:31 CET 2020,externalSysId=buy,strategyId=Strategy2.class 9071533F88894656599471315458B991,rollover=true,pricePosOpen=1.07902,origAmount=1000,sessionId=7b6162e4-f6de-4a52-aa8f-7c25e6688cf7,orderCommission=0.15,strategyType=0,execAmount=1000.000,execPrice=1.07902,routerExecTime=Thu Feb 20 08:01:31 CET 2020,accCcy=PLN,bestBid=1.07899,bestAsk=1.07902,checkTime=1582182091097,internalIp=127.0.0.1,externalIp=37.47.204.122,platform=DDS3_JFOREXSDK,managerType=TRADER,ts=1582182091096,userId=1958578,requestId=2cc395f5-5253-4a3a-bafe-425db629ffb7-1,accountLoginId=1909596,timestamp=1582182091125)>],summaryCommission=0.15,amount=1000.0000000,priceOpen=1.07902,pricePosOpen=1.07902,side=LONG,status=OPEN,externalSysId=buy,accCcy=PLN,pricePl=1.07902,accSwap=0,platform=DDS3_JFOREXSDK,managerType=TRADER,ts=1582182091096,userId=1958578,requestId=2cc395f5-5253-4a3a-bafe-425db629ffb7-1,accountLoginId=1909596,timestamp=1582182091126)>]
2020-02-20 08:01:31.173 DEBUG com.dukascopy.api.impl.connect.PlatformOrderImpl - transiting order from OPENED to FILLED state as a response to FILLED order update message
2020-02-20 08:01:37.562 DEBUG com.dukascopy.api.impl.connect.ActivityLogger - jah : [{"datumType":"message","message":"Order BUY 1000 EUR/USD @ MKT  is sent at 2020-02-20 07:01:31.058 GMT by the strategy \"Strategy2\": from the local computer","clientTime":"1582182091058","timestamp":"1582182090936"},{"datumType":"message","message":"Order ACCEPTED: #722658888 BUY 0.001 mil. EUR/USD @ MKT MAX SLIPPAGE 0.0005 - Position #185389620","clientTime":"1582182091143","timestamp":"1582182091021"},{"datumType":"message","message":"Order FILLED at 1.07902 (#722658888 BUY 0.001 mil. EUR/USD @ MKT MAX SLIPPAGE 0.0005)  - Position #185389620","clientTime":"1582182091170","timestamp":"1582182091049"}]
2020-02-20 08:01:37.925 DEBUG com.dukascopy.api.impl.connect.ActivityLogger - Trade Log (200) : https://demo-login.dukascopy.com/platformweb/export/tradeLog.php?check=fffd07fffdfffdfffd25fffd56fffd7bfffd3dfffd712efffd&login=DEMO2iLGsh&tzOffsetSeconds=-3600
