2020-02-22 02:00:30.973 INFO  singlejartest.Main - Connecting...
2020-02-22 02:00:31.923 INFO  com.dukascopy.api.impl.connect.AuthorizationClient - environment(jnlp.client.mode)=DEMO, platformInstanceId=null
2020-02-22 02:00:31.932 INFO  com.dukascopy.api.impl.connect.AuthorizationClient - Auth step 1 request [40BF1FC597D59FE4B6D25A19420D3F6C0A8F3704]
2020-02-22 02:00:31.933 DEBUG com.dukascopy.api.impl.connect.AuthorizationClient - >> [https://login.dukascopy.com/authorization-1/demo/auth?munus=srp_api&passus=1&sermo=066358f5-a3ae-4cdf-b624-30780fcb2530&putent_genus=0&appello=40BF1FC597D59FE4B6D25A19420D3F6C0A8F3704&obsecro_id=dfb3abfd-389d-41b7-b0cc-5f58c3b6f23a&srp_versio=1]
2020-02-22 02:00:33.463 DEBUG com.dukascopy.api.impl.connect.AuthorizationClient - << [{"B":"1c0af57b8628d5e0c9c43ed89825380ae60e9f46c3d2b8a2c32e672dc2b1af0bde389d348c5f709068d5cfc1c01e6739033eda3c654a131a524e0c6291e88087cf41e3200197dd8fbe6698987d84222b788ada0e2ea7ad35d1514644be1050da74346f26992339d34104ee296cdf2272b6da4fa899faa6a2a27e2bb1b705fbb8016c1a5dc7decf9a0d1a0ce487f5eaa6d205792053b44c3af20ec703f026f0ca9ef1f82684216b380c391f59a2771e302c6c2888f8d16169c4f87aa84057e9ba11b0e915e42588a31b3c256db4248e9cbae115c57364e753575bedfd80324714a7823e60d0f490ef54ce42b93072be824a58e22433328f8d8a595ff28a8da7a3","S":"3caab1a758aa5c3efd0ed7f08e28b743","G":"2","H":"SHA-256","K":"5b9e8ef059c6b32ea59fc1d322d37f04aa30bae5aa9003b8321e21ddb04e300","N":"ac6bdb41324a9a9bf166de5e1389582faf72b6651987ee07fc3192943db56050a37329cbb4a099ed8193e0757767a13dd52312ab4b03310dcd7f48a9da04fd50e8083969edb767b0cf6095179a163ab3661a05fbd5faaae82918a9962f0b93b855f97993ec975eeaa80d740adbf4ff747359d041d5c33ea71d281e446b14773bca97b43a23fb801676bd207a436c6481f1d2b9078717461a5b9d32e688f87748544523b524b0d57d5ea77a2775d2ecfa032cfbdbf52fb3786160279004e57ae6af874e7303ce53299ccc041c7bc308d82a5698f3a8d0c38271ae35f8e9dbfbb694b5c803d89f7ae435de236d525f54759b65e372fcd68ef20fa7111f9e4aff73","srp_versio":"1"}]
2020-02-22 02:00:33.465 INFO  com.dukascopy.api.impl.connect.AuthorizationClient - Auth step 1 response [ServerResponseObject [passwordServerResponse=Step1ServerResponse [serverPublicValueB=1c0af57b8628d5e0c9c43ed89825380ae60e9f46c3d2b8a2c32e672dc2b1af0bde389d348c5f709068d5cfc1c01e6739033eda3c654a131a524e0c6291e88087cf41e3200197dd8fbe6698987d84222b788ada0e2ea7ad35d1514644be1050da74346f26992339d34104ee296cdf2272b6da4fa899faa6a2a27e2bb1b705fbb8016c1a5dc7decf9a0d1a0ce487f5eaa6d205792053b44c3af20ec703f026f0ca9ef1f82684216b380c391f59a2771e302c6c2888f8d16169c4f87aa84057e9ba11b0e915e42588a31b3c256db4248e9cbae115c57364e753575bedfd80324714a7823e60d0f490ef54ce42b93072be824a58e22433328f8d8a595ff28a8da7a3, saltS=3caab1a758aa5c3efd0ed7f08e28b743, safePrimeN=ac6bdb41324a9a9bf166de5e1389582faf72b6651987ee07fc3192943db56050a37329cbb4a099ed8193e0757767a13dd52312ab4b03310dcd7f48a9da04fd50e8083969edb767b0cf6095179a163ab3661a05fbd5faaae82918a9962f0b93b855f97993ec975eeaa80d740adbf4ff747359d041d5c33ea71d281e446b14773bca97b43a23fb801676bd207a436c6481f1d2b9078717461a5b9d32e688f87748544523b524b0d57d5ea77a2775d2ecfa032cfbdbf52fb3786160279004e57ae6af874e7303ce53299ccc041c7bc308d82a5698f3a8d0c38271ae35f8e9dbfbb694b5c803d89f7ae435de236d525f54759b65e372fcd68ef20fa7111f9e4aff73, correspondingGeneratorG=2, hashAlgorithmH=SHA-256, srpProtocolVersion=1], ]]
2020-02-22 02:00:33.546 INFO  com.dukascopy.api.impl.connect.AuthorizationClient - Auth step 2 request A [16387794016723606637035840680429292800929570590902652322070954197385945371026609969795186039526320763043604817470431017098120977359917610071984602458423204067391858631805332477426869309004179313152943575444077931310911035907430471177116434705058545171240272567485973707515185147695249735208486180252848960299458469132629386455557649868097465070943730867093203555389052239025850548991764938981683950252573970015726904436892124209838189759910443261209485421278984638439564874615050752907217191607702003734326394255771575083311441772691990413577660208980887880061894685895526542587698501302025423424910757969971727999984], M1 [75221799709854080885293880724726909368729283718369768489446764712764396721350]
2020-02-22 02:00:33.547 DEBUG com.dukascopy.api.impl.connect.AuthorizationClient - >> [https://login.dukascopy.com/authorization-1/demo/auth?munus=srp_api&testimonium_nuntius=a64e07a57ee4ea2e3f89b1eabd8779e6f881baec56f0966c93733673ecead4c6&passus=2&publicus_pendo=81d0fb4b3e2d0a14f9017c399b68562ac9372fcd88bb0185dfea1e32f9305251693e94c21f4a4cddf7de4f210c18e72c9c3f05dae54d8301197939ee624db587155bd27aa427fabec135c0a540a2b366b183188fa7770c5496a7cb83985e7f554571450e984515edab0a70eee839538b409c7c78dd833bf6745bdf3880b2937039265c8031fa6c83a16066a6fecddbb23ee85e8665d8eb2886be71924d3d52dff33e7c54348ec9e5d492d489cf4c8f38dd17e3d2218253103984443dfd2c12ff6c2e05bd7160f5eb946963ae6fe7cd80e38e2eae567d7a6e62fdb8234842bfc56ee1cb1a4095341d00fd5d0fda3b558344aec072f8d74e99f54894a350baa3f0&sermo=066358f5-a3ae-4cdf-b624-30780fcb2530&putent_genus=0&obsecro_id=dfb3abfd-389d-41b7-b0cc-5f58c3b6f23a&srp_versio=1]
2020-02-22 02:00:33.964 DEBUG com.dukascopy.api.impl.connect.AuthorizationClient - << [{"M2":"2f0512b67ca4a515430287fa29c426b163f11db570cd24ce1cd5f7e636956b76","srp_versio":"1"}]
2020-02-22 02:00:33.965 INFO  com.dukascopy.api.impl.connect.AuthorizationClient - Auth step 2 response [ServerResponseObject [passwordServerResponse=Step2ServerResponse [serverEvidenceMessageM2=2f0512b67ca4a515430287fa29c426b163f11db570cd24ce1cd5f7e636956b76, srpProtocolVersion=1], ]]
2020-02-22 02:00:33.966 INFO  com.dukascopy.api.impl.connect.AuthorizationClient - Auth step 3 request
2020-02-22 02:00:33.966 DEBUG com.dukascopy.api.impl.connect.AuthorizationClient - >> [https://login.dukascopy.com/authorization-1/demo/auth?munus=srp_api&passus=3&sermo=066358f5-a3ae-4cdf-b624-30780fcb2530&versio=318.4.87&willPing=true&occasus_content_vulgate=0&putent_genus=0&occasus=true&platform=DDS3_JFOREXSDK&obsecro_id=dfb3abfd-389d-41b7-b0cc-5f58c3b6f23a&srp_versio=1]
2020-02-22 02:00:35.433 DEBUG com.dukascopy.api.impl.connect.AuthorizationClient - << [{"occasus":"rO0ABXNyABRqYXZhLnV0aWwuUHJvcGVydGllczkS0HpwNj6YAgABTAAIZGVmYXVsdHN0ABZMamF2\r\nYS91dGlsL1Byb3BlcnRpZX...","authApiURLs":["d-ja-gva-101-135-154.dukascopy.com:10443","d-ja-usa-e-97-4-b.dukascopy.com:10443","d-ja-sgn-04-a.dukascopy.com:10443","d-ja-jpn-102-100-c.dukascopy.com:10443","d-ja-hk-110-05.dukascopy.ch:10443","d-ja-msk-10.dukascopy.com:10443","d-ja-hk-111-4.dukascopy.ch:10443"],"srp_versio":"1"}]
2020-02-22 02:00:35.443 INFO  com.dukascopy.api.impl.connect.AuthorizationClient - Auth step 3 response [ServerResponseObject [passwordServerResponse=Step3ServerResponse [serverResponse={"occasus":"rO0ABXNyABRqYXZhLnV0aWwuUHJvcGVydGllczkS0HpwNj6YAgABTAAIZGVmYXVsdHN0ABZMamF2\r\nYS91dGlsL1Byb3BlcnRpZX...","authApiURLs":["d-ja-gva-101-135-154.dukascopy.com:10443","d-ja-usa-e-97-4-b.dukascopy.com:10443","d-ja-sgn-04-a.dukascopy.com:10443","d-ja-jpn-102-100-c.dukascopy.com:10443","d-ja-hk-110-05.dukascopy.ch:10443","d-ja-msk-10.dukascopy.com:10443","d-ja-hk-111-4.dukascopy.ch:10443"],"srp_versio":"1"}], responseHeaderFields={Transfer-Encoding=[chunked], null=[HTTP/1.1 200], idle-session-ttl=[900000], CF-RAY=[568d06190ac5cc83-WAW], Server=[cloudflare], Connection=[keep-alive], Client-Country=[PL], Pragma=[no-cache], Last-Modified=[Sat, 22 Feb 2020 01:00:34 GMT], Date=[Sat, 22 Feb 2020 01:00:35 GMT], CF-Cache-Status=[DYNAMIC], Cache-Control=[no-cache, must-revalidate, no-store, max-age=0], Access-Control-Allow-Credentials=[true], Client-IP=[37.47.234.33], Vary=[Accept-Encoding], Set-Cookie=[__cfduid=d33e1b53725cda960940f2758b28140801582333234; expires=Mon, 23-Mar-20 01:00:34 GMT; path=/; domain=.dukascopy.com; HttpOnly; SameSite=Lax], Expires=[Thu, 01 Jan 1970 00:00:00 GMT], Expect-CT=[max-age=604800, report-uri="https://report-uri.cloudflare.com/cdn-cgi/beacon/expect-ct"], Content-Type=[text/plain;charset=UTF-8]}]]
2020-02-22 02:00:35.728 INFO  com.dukascopy.api.impl.connect.AuthorizationClient - APIC: Ping API server URLs synchronously
2020-02-22 02:00:35.729 INFO  com.dukascopy.api.impl.connect.PingHelper - Selecting the best server...
2020-02-22 02:00:36.476 INFO  com.dukascopy.api.impl.connect.PingHelper - The ping start time=2020-02-22 02:00:36:476
2020-02-22 02:00:36.937 INFO  com.dukascopy.api.impl.connect.PingHelper - The ping end time=2020-02-22 02:00:36:937, the ping processing time=[461]ms
2020-02-22 02:00:36.937 DEBUG com.dukascopy.api.impl.connect.PingHelper - Best api url [d-ja-gva-101-135-154.dukascopy.com:10443] with time [105]
2020-02-22 02:00:36.938 INFO  com.dukascopy.dds2.greed.ping.ApiServerManager - APIC: The ping is finished, the fastest API server is saved: d-ja-gva-101-135-154.dukascopy.com:10443 (105 ms)
2020-02-22 02:00:36.938 DEBUG com.dukascopy.api.impl.connect.DCClientImpl - d-ja-gva-101-135-154.dukascopy.com:10443@e2e75d77e039b071de8ff03ae8f7dedbf051e7ba7bf4ca95db3c3ef54bf89e74
2020-02-22 02:00:36.941 DEBUG com.dukascopy.api.impl.connect.DCClientImpl - UserAgent: {"clientType":"DDS3_JFOREXSDK","javaVersion":"11.0.5","jvmVersion":"11.0.5+10-b520.17","clientVersion":"318.4.87","osName":"Linux"}
2020-02-22 02:00:37.950 INFO  com.dukascopy.dds2.greed.util.FilePathManager - WL info is unavailable. Use default App folder for Platform data:  /home/rudojs/JForex
2020-02-22 02:00:38.972 INFO  com.dukascopy.api.instrument.subscribe.InstrumentManager - InstrumentManager created.
2020-02-22 02:00:39.263 WARN  com.dukascopy.api.impl.connect.WLabelData - White Label Image is not received
2020-02-22 02:00:39.770 INFO  com.dukascopy.dds2.greed.connection.GreedClientAuthorizationProvider - !!!:Thread[(DDS2 Standalone Transport Client) ClientConnector,5,main]
2020-02-22 02:00:39.774 INFO  com.dukascopy.dds4.transport.client.netty.ClientConnector - Authorize task in queue, server address [d-ja-gva-101-135-154.dukascopy.com/194.8.15.154:10443], transport name [DDS2 Standalone Transport Client]
2020-02-22 02:00:39.966 INFO  com.dukascopy.dds2.greed.market.LiveCurrencyMarketManager - LiveCurrencyMarketManager started.
2020-02-22 02:00:40.299 INFO  singlejartest.Main - Connected
2020-02-22 02:00:40.419 INFO  com.dukascopy.dds2.greed.agent.indicator.AccountProvider - Account representation: com.dukascopy.api.impl.connect.PlatformAccountImpl@225e0cf6[
  currency=PLN
  leverage=100.0
  credit line=1392945.0
  equity=13929.45
  balance=13929.6
  base equity=13929.6
  use of leverage=0.0
  used margin=0.0
  account state=OK
  global=false
  account id=1958578
  instrument quotes={bCHF=4.01832672437580982330, bJPY=0.03524329207077678819695, aCHF=4.06434518576073082536, USD=3.953645, aJPY=0.03564095102337215098116}
  
  Initial values:
  margin mode=0
  margin cut level=200
  stop loss level=0.0
  over the weekend leverage=50
  currency precision=2
  client ids=[1723066]
  client info set=[Client ID = 1723066, State = OK, Equity = 13929.45, Stop Loss Level = 9871.80, Currency = PLN]
]
2020-02-22 02:00:40.428 DEBUG com.dukascopy.api.impl.connect.DCClientImpl - Order group received for instrument [USD/JPY], adding instrument to the list of the subscribed instruments
2020-02-22 02:00:40.479 DEBUG com.dukascopy.api.impl.connect.DCClientImpl - Order group received for instrument [USD/CHF], adding instrument to the list of the subscribed instruments
2020-02-22 02:00:40.480 DEBUG com.dukascopy.api.impl.connect.DCClientImpl - Order group received for instrument [COPPER.CMD/USD], adding instrument to the list of the subscribed instruments
2020-02-22 02:00:40.729 INFO  com.dukascopy.api.instrument.subscribe.InstrumentManager - SUBSCRIBED INSTRUMENTS: [COPPER.CMD/USD, USD/CHF, USD/JPY]
2020-02-22 02:00:40.729 INFO  com.dukascopy.api.instrument.subscribe.InstrumentManager - FULL DEPTH INSTRUMENTS: [USD/JPY]
2020-02-22 02:00:40.730 INFO  com.dukascopy.api.instrument.subscribe.InstrumentManager - SUBSCRIBED INSTRUMENTS: [COPPER.CMD/USD, USD/CHF, USD/JPY]
2020-02-22 02:00:40.730 INFO  com.dukascopy.api.instrument.subscribe.InstrumentManager - FULL DEPTH INSTRUMENTS: [USD/CHF, USD/JPY]
2020-02-22 02:00:40.732 INFO  com.dukascopy.api.instrument.subscribe.InstrumentManager - SUBSCRIBED INSTRUMENTS: [COPPER.CMD/USD, USD/CHF, USD/JPY]
2020-02-22 02:00:40.732 INFO  com.dukascopy.api.instrument.subscribe.InstrumentManager - FULL DEPTH INSTRUMENTS: [COPPER.CMD/USD, USD/CHF, USD/JPY]
2020-02-22 02:00:41.264 INFO  singlejartest.Main - Subscribing instruments...
2020-02-22 02:00:41.265 INFO  singlejartest.Main - Starting strategy
2020-02-22 02:00:41.405 INFO  com.dukascopy.api.instrument.subscribe.InstrumentManager - SUBSCRIBED INSTRUMENTS: [COPPER.CMD/USD, EUR/USD, USD/CHF, USD/JPY]
2020-02-22 02:00:41.405 INFO  com.dukascopy.api.instrument.subscribe.InstrumentManager - FULL DEPTH INSTRUMENTS: [COPPER.CMD/USD, EUR/USD, USD/CHF, USD/JPY]
2020-02-22 02:00:42.764 INFO  singlejartest.Main - Strategy started: 52
2020-02-22 02:00:43.339 DEBUG com.dukascopy.api.impl.connect.DCClientImpl - Unrecognized protocol message : class com.dukascopy.dds3.transport.msg.dfs.LastTickResponseMessage / <LastTickResponseMessage(result=USD/CHF,1582322396031,0.97814,0.97847,750000.0,750000.0,sessionId=066358f5-a3ae-4cdf-b624-30780fcb2530,userId=1958578,requestId=7,timestamp=1582333243278)>
2020-02-22 02:00:43.340 DEBUG com.dukascopy.api.impl.connect.DCClientImpl - Unrecognized protocol message : class com.dukascopy.dds3.transport.msg.dfs.LastTickResponseMessage / <LastTickResponseMessage(result=COPPER.CMD/USD,1582322385107,2.6078,2.611,1600.0,1600.0,sessionId=066358f5-a3ae-4cdf-b624-30780fcb2530,userId=1958578,requestId=6,timestamp=1582333243280)>
2020-02-22 02:00:43.341 DEBUG com.dukascopy.api.impl.connect.DCClientImpl - Unrecognized protocol message : class com.dukascopy.dds3.transport.msg.dfs.LastTickResponseMessage / <LastTickResponseMessage(result=EUR/USD,1582322396040,1.08468,1.08485,560000.0,750000.0,sessionId=066358f5-a3ae-4cdf-b624-30780fcb2530,userId=1958578,requestId=5,timestamp=1582333243281)>
2020-02-22 02:00:43.341 DEBUG com.dukascopy.api.impl.connect.DCClientImpl - Unrecognized protocol message : class com.dukascopy.dds3.transport.msg.dfs.LastTickResponseMessage / <LastTickResponseMessage(result=USD/JPY,1582322395592,111.543,111.562,750000.0,1310000.0,sessionId=066358f5-a3ae-4cdf-b624-30780fcb2530,userId=1958578,requestId=8,timestamp=1582333243282)>
2020-02-22 02:00:43.884 DEBUG com.dukascopy.api.impl.connect.DCClientImpl - Unrecognized protocol message : class com.dukascopy.dds3.transport.msg.dfs.LastTickResponseMessage / <LastTickResponseMessage(result=EUR/USD,1582322396040,1.08468,1.08485,560000.0,750000.0,sessionId=066358f5-a3ae-4cdf-b624-30780fcb2530,userId=1958578,requestId=9,timestamp=1582333243836)>
2020-02-22 02:00:43.884 DEBUG com.dukascopy.api.impl.connect.DCClientImpl - Unrecognized protocol message : class com.dukascopy.dds3.transport.msg.dfs.LastTickResponseMessage / <LastTickResponseMessage(result=USD/JPY,1582322395592,111.543,111.562,750000.0,1310000.0,sessionId=066358f5-a3ae-4cdf-b624-30780fcb2530,userId=1958578,requestId=10,timestamp=1582333243836)>
2020-02-22 02:00:43.952 DEBUG com.dukascopy.api.impl.connect.DCClientImpl - Unrecognized protocol message : class com.dukascopy.dds3.transport.msg.dfs.LastTickResponseMessage / <LastTickResponseMessage(result=COPPER.CMD/USD,1582322385107,2.6078,2.611,1600.0,1600.0,sessionId=066358f5-a3ae-4cdf-b624-30780fcb2530,userId=1958578,requestId=11,timestamp=1582333243905)>
2020-02-22 02:00:44.014 DEBUG com.dukascopy.api.impl.connect.DCClientImpl - Unrecognized protocol message : class com.dukascopy.dds3.transport.msg.dfs.LastTickResponseMessage / <LastTickResponseMessage(result=USD/CHF,1582322396031,0.97814,0.97847,750000.0,750000.0,sessionId=066358f5-a3ae-4cdf-b624-30780fcb2530,userId=1958578,requestId=12,timestamp=1582333243966)>
2020-02-22 02:00:48.427 DEBUG com.dukascopy.api.impl.connect.ActivityLogger - jah : [{"datumType":"message","message":"Strategy \"Strategy2\" Strategy ID: 6B4E5352065D08E03333203B1404AF03 is started at 2020-02-22 01:00:42.692 GMT on the local computer with no parameters","clientTime":"1582333242743","timestamp":"1582333242692"}]
2020-02-22 02:00:49.209 DEBUG com.dukascopy.api.impl.connect.ActivityLogger - Trade Log (200) : https://demo-login.dukascopy.com/platformweb/export/tradeLog.php?check=fffd07fffdfffdfffd25fffd56fffd7bfffd3dfffd712efffd&login=DEMO2iLGsh&tzOffsetSeconds=-3600
2020-02-22 02:10:38.816 DEBUG com.dukascopy.api.impl.connect.DCClientImpl - Unrecognized protocol message : class com.dukascopy.dds3.transport.msg.dfs.ServerTimeResponseMessage / <ServerTimeResponseMessage(serverTime=1582333838760,serverSystemTime=1582333838762,lastKnownTickTime=1582322396070,sessionId=066358f5-a3ae-4cdf-b624-30780fcb2530,userId=1958578,requestId=45,timestamp=1582333838762)>
2020-02-22 02:20:38.811 DEBUG com.dukascopy.api.impl.connect.DCClientImpl - Unrecognized protocol message : class com.dukascopy.dds3.transport.msg.dfs.ServerTimeResponseMessage / <ServerTimeResponseMessage(serverTime=1582334438748,serverSystemTime=1582334438750,lastKnownTickTime=1582322396070,sessionId=066358f5-a3ae-4cdf-b624-30780fcb2530,userId=1958578,requestId=46,timestamp=1582334438750)>
2020-02-22 02:30:38.958 DEBUG com.dukascopy.api.impl.connect.DCClientImpl - Unrecognized protocol message : class com.dukascopy.dds3.transport.msg.dfs.ServerTimeResponseMessage / <ServerTimeResponseMessage(serverTime=1582335038807,serverSystemTime=1582335038809,lastKnownTickTime=1582322396070,sessionId=066358f5-a3ae-4cdf-b624-30780fcb2530,userId=1958578,requestId=47,timestamp=1582335038809)>
2020-02-22 02:40:38.917 DEBUG com.dukascopy.api.impl.connect.DCClientImpl - Unrecognized protocol message : class com.dukascopy.dds3.transport.msg.dfs.ServerTimeResponseMessage / <ServerTimeResponseMessage(serverTime=1582335638806,serverSystemTime=1582335638808,lastKnownTickTime=1582322396070,sessionId=066358f5-a3ae-4cdf-b624-30780fcb2530,userId=1958578,requestId=48,timestamp=1582335638808)>
2020-02-22 02:50:38.811 DEBUG com.dukascopy.api.impl.connect.DCClientImpl - Unrecognized protocol message : class com.dukascopy.dds3.transport.msg.dfs.ServerTimeResponseMessage / <ServerTimeResponseMessage(serverTime=1582336238767,serverSystemTime=1582336238769,lastKnownTickTime=1582322396070,sessionId=066358f5-a3ae-4cdf-b624-30780fcb2530,userId=1958578,requestId=49,timestamp=1582336238769)>
2020-02-22 03:00:38.945 DEBUG com.dukascopy.api.impl.connect.DCClientImpl - Unrecognized protocol message : class com.dukascopy.dds3.transport.msg.dfs.ServerTimeResponseMessage / <ServerTimeResponseMessage(serverTime=1582336838807,serverSystemTime=1582336838809,lastKnownTickTime=1582322396070,sessionId=066358f5-a3ae-4cdf-b624-30780fcb2530,userId=1958578,requestId=50,timestamp=1582336838809)>
2020-02-22 03:10:38.909 DEBUG com.dukascopy.api.impl.connect.DCClientImpl - Unrecognized protocol message : class com.dukascopy.dds3.transport.msg.dfs.ServerTimeResponseMessage / <ServerTimeResponseMessage(serverTime=1582337438828,serverSystemTime=1582337438830,lastKnownTickTime=1582322396070,sessionId=066358f5-a3ae-4cdf-b624-30780fcb2530,userId=1958578,requestId=51,timestamp=1582337438830)>
