2020-02-16 09:05:18.843 INFO  singlejartest.Main - Connecting...
2020-02-16 09:05:19.270 INFO  com.dukascopy.api.impl.connect.AuthorizationClient - environment(jnlp.client.mode)=DEMO, platformInstanceId=null
2020-02-16 09:05:19.282 INFO  com.dukascopy.api.impl.connect.AuthorizationClient - Auth step 1 request [40BF1FC597D59FE4B6D25A19420D3F6C0A8F3704]
2020-02-16 09:05:19.284 DEBUG com.dukascopy.api.impl.connect.AuthorizationClient - >> [https://login.dukascopy.com/authorization-1/demo/auth?munus=srp_api&passus=1&sermo=04369a23-eebf-4a89-892d-874ea997ef95&putent_genus=0&appello=40BF1FC597D59FE4B6D25A19420D3F6C0A8F3704&obsecro_id=73d33275-603c-420e-9fba-31ec5294aee0&srp_versio=1]
2020-02-16 09:05:20.318 DEBUG com.dukascopy.api.impl.connect.AuthorizationClient - << [{"B":"8473c08e1d97af2faaf03fe90aae1d4e9bdc8f1695f84856d430d456ffc3b2ee321796c59065129089a4a0e569f15e57501bc8504721692cc3d1617d2c9468a12c39c63ed6b2fb9980465b40c8cb1cb7b06b4565528399637f88e5dd848edddc425068bbf9aad307817f00d183cfe570e905e7dd0b602f5f525035626268abed87ab2123b264e6182f0ad68a99f982d2270dd984bb0d1becb63dfc3c3acb364ec9967ecec85a9dce71a58f6abc2e6915867cfdb7693b9db7ae3e42e662f2ea9ea4d9121bc150563f2bdb6e9829cf97a9856b5aa169add6c1b830556264844ad415e647b8e96292c84235e1dd6db7bea4c768ed040243f861a3d60cf7cc51e938","S":"16d6d40e8538fb60776466a83df4bc36","G":"2","H":"SHA-256","K":"5b9e8ef059c6b32ea59fc1d322d37f04aa30bae5aa9003b8321e21ddb04e300","N":"ac6bdb41324a9a9bf166de5e1389582faf72b6651987ee07fc3192943db56050a37329cbb4a099ed8193e0757767a13dd52312ab4b03310dcd7f48a9da04fd50e8083969edb767b0cf6095179a163ab3661a05fbd5faaae82918a9962f0b93b855f97993ec975eeaa80d740adbf4ff747359d041d5c33ea71d281e446b14773bca97b43a23fb801676bd207a436c6481f1d2b9078717461a5b9d32e688f87748544523b524b0d57d5ea77a2775d2ecfa032cfbdbf52fb3786160279004e57ae6af874e7303ce53299ccc041c7bc308d82a5698f3a8d0c38271ae35f8e9dbfbb694b5c803d89f7ae435de236d525f54759b65e372fcd68ef20fa7111f9e4aff73","srp_versio":"1"}]
2020-02-16 09:05:20.320 INFO  com.dukascopy.api.impl.connect.AuthorizationClient - Auth step 1 response [ServerResponseObject [passwordServerResponse=Step1ServerResponse [serverPublicValueB=8473c08e1d97af2faaf03fe90aae1d4e9bdc8f1695f84856d430d456ffc3b2ee321796c59065129089a4a0e569f15e57501bc8504721692cc3d1617d2c9468a12c39c63ed6b2fb9980465b40c8cb1cb7b06b4565528399637f88e5dd848edddc425068bbf9aad307817f00d183cfe570e905e7dd0b602f5f525035626268abed87ab2123b264e6182f0ad68a99f982d2270dd984bb0d1becb63dfc3c3acb364ec9967ecec85a9dce71a58f6abc2e6915867cfdb7693b9db7ae3e42e662f2ea9ea4d9121bc150563f2bdb6e9829cf97a9856b5aa169add6c1b830556264844ad415e647b8e96292c84235e1dd6db7bea4c768ed040243f861a3d60cf7cc51e938, saltS=16d6d40e8538fb60776466a83df4bc36, safePrimeN=ac6bdb41324a9a9bf166de5e1389582faf72b6651987ee07fc3192943db56050a37329cbb4a099ed8193e0757767a13dd52312ab4b03310dcd7f48a9da04fd50e8083969edb767b0cf6095179a163ab3661a05fbd5faaae82918a9962f0b93b855f97993ec975eeaa80d740adbf4ff747359d041d5c33ea71d281e446b14773bca97b43a23fb801676bd207a436c6481f1d2b9078717461a5b9d32e688f87748544523b524b0d57d5ea77a2775d2ecfa032cfbdbf52fb3786160279004e57ae6af874e7303ce53299ccc041c7bc308d82a5698f3a8d0c38271ae35f8e9dbfbb694b5c803d89f7ae435de236d525f54759b65e372fcd68ef20fa7111f9e4aff73, correspondingGeneratorG=2, hashAlgorithmH=SHA-256, srpProtocolVersion=1], ]]
2020-02-16 09:05:20.413 INFO  com.dukascopy.api.impl.connect.AuthorizationClient - Auth step 2 request A [17199419574095174629867931052539197815249594461040366656956596872716517594049394033397137885514787829967226994167437001470727375846926335706599373092717521890919286334776508841863869081749989014746912649449660316889279165804793314610330193272477792942843337263801909365795416768800841063474392302677390855659647801936096734205459037438047435676767442630538522197548635807605981512891152524414139826267513281944679915719172029545511719681967792065915812141412684239235748255395251534769630465520771950321159037225418442206691038375785946293359723755891687068703781071706420676073672747366771205051021322747334057622734], M1 [15155410640050906097558486765255197437499921357872894697429713097078898766867]
2020-02-16 09:05:20.414 DEBUG com.dukascopy.api.impl.connect.AuthorizationClient - >> [https://login.dukascopy.com/authorization-1/demo/auth?munus=srp_api&testimonium_nuntius=2181a88f9f69894a1514ab37a189b393790e1537cc54195d7861057240553413&passus=2&publicus_pendo=883ee2bdcdccb12a442e046c9471360cb4324de69439773e08d14cef0a9e5827cf60d4174b1aafbbf4842438e65884d3a95ca022180d6e4c8c088b05f0e8a5fe35332ebdae11e464a3ab7a9257c39d101bb5bc97109c1e310912d2160766e86af7640c8e0a1ed908307208219707b91bc6c7cd544fea127727bc9be1678b4d66917a8306cc6f4e75d4d6dc53ef59a5a1339696d306be9031c0394d51f35b464661f712ea667326a404b9ca96d4d8b54c47ea34063e2d8e4096ab539427d13fa73f87213414f4a9296b9213c230e73d48a5e0224286ee5a9767779e904ed0c21e5edbc52c451a44d9627096bf1b3b0ec888fb87c1a445c996be721d73c0c97cce&sermo=04369a23-eebf-4a89-892d-874ea997ef95&putent_genus=0&obsecro_id=73d33275-603c-420e-9fba-31ec5294aee0&srp_versio=1]
2020-02-16 09:05:20.925 DEBUG com.dukascopy.api.impl.connect.AuthorizationClient - << [{"M2":"afaa398a56fd74027019a1c128e9c9f78fa835620c831168473bacc9a08766c5","srp_versio":"1"}]
2020-02-16 09:05:20.926 INFO  com.dukascopy.api.impl.connect.AuthorizationClient - Auth step 2 response [ServerResponseObject [passwordServerResponse=Step2ServerResponse [serverEvidenceMessageM2=afaa398a56fd74027019a1c128e9c9f78fa835620c831168473bacc9a08766c5, srpProtocolVersion=1], ]]
2020-02-16 09:05:20.927 INFO  com.dukascopy.api.impl.connect.AuthorizationClient - Auth step 3 request
2020-02-16 09:05:20.927 DEBUG com.dukascopy.api.impl.connect.AuthorizationClient - >> [https://login.dukascopy.com/authorization-1/demo/auth?munus=srp_api&passus=3&sermo=04369a23-eebf-4a89-892d-874ea997ef95&versio=318.4.87&willPing=true&occasus_content_vulgate=0&putent_genus=0&occasus=true&platform=DDS3_JFOREXSDK&obsecro_id=73d33275-603c-420e-9fba-31ec5294aee0&srp_versio=1]
2020-02-16 09:05:21.881 DEBUG com.dukascopy.api.impl.connect.AuthorizationClient - << [{"occasus":"rO0ABXNyABRqYXZhLnV0aWwuUHJvcGVydGllczkS0HpwNj6YAgABTAAIZGVmYXVsdHN0ABZMamF2\r\nYS91dGlsL1Byb3BlcnRpZX...","authApiURLs":["d-ja-gva-91-191.dukascopy.com:10443","d-ja-usa-e-97-4-b.dukascopy.com:10443","d-ja-sgn-04-a.dukascopy.com:10443","d-ja-jpn-04-a.dukascopy.com:10443","d-ja-hk-110-05.dukascopy.ch:10443","d-ja-msk-10.dukascopy.com:10443","d-ja-hk-111-4.dukascopy.ch:10443"],"srp_versio":"1"}]
2020-02-16 09:05:21.891 INFO  com.dukascopy.api.impl.connect.AuthorizationClient - Auth step 3 response [ServerResponseObject [passwordServerResponse=Step3ServerResponse [serverResponse={"occasus":"rO0ABXNyABRqYXZhLnV0aWwuUHJvcGVydGllczkS0HpwNj6YAgABTAAIZGVmYXVsdHN0ABZMamF2\r\nYS91dGlsL1Byb3BlcnRpZX...","authApiURLs":["d-ja-gva-91-191.dukascopy.com:10443","d-ja-usa-e-97-4-b.dukascopy.com:10443","d-ja-sgn-04-a.dukascopy.com:10443","d-ja-jpn-04-a.dukascopy.com:10443","d-ja-hk-110-05.dukascopy.ch:10443","d-ja-msk-10.dukascopy.com:10443","d-ja-hk-111-4.dukascopy.ch:10443"],"srp_versio":"1"}], responseHeaderFields={Transfer-Encoding=[chunked], null=[HTTP/1.1 200], idle-session-ttl=[900000], CF-RAY=[565e0416b95acc7f-WAW], Server=[cloudflare], Connection=[keep-alive], Client-Country=[PL], Pragma=[no-cache], Last-Modified=[Sun, 16 Feb 2020 08:05:21 GMT], Date=[Sun, 16 Feb 2020 08:05:21 GMT], CF-Cache-Status=[DYNAMIC], Cache-Control=[no-cache, must-revalidate, no-store, max-age=0], Access-Control-Allow-Credentials=[true], Client-IP=[37.47.197.228], Vary=[Accept-Encoding], Set-Cookie=[__cfduid=d95d327233aa134b141818b39b1228e331581840321; expires=Tue, 17-Mar-20 08:05:21 GMT; path=/; domain=.dukascopy.com; HttpOnly; SameSite=Lax], Expires=[Thu, 01 Jan 1970 00:00:00 GMT], Expect-CT=[max-age=604800, report-uri="https://report-uri.cloudflare.com/cdn-cgi/beacon/expect-ct"], Content-Type=[text/plain;charset=UTF-8]}]]
2020-02-16 09:05:22.038 INFO  com.dukascopy.api.impl.connect.AuthorizationClient - APIC: Ping API server URLs synchronously
2020-02-16 09:05:22.039 INFO  com.dukascopy.api.impl.connect.PingHelper - Selecting the best server...
2020-02-16 09:05:22.592 INFO  com.dukascopy.api.impl.connect.PingHelper - The ping start time=2020-02-16 09:05:22:591
2020-02-16 09:05:22.965 INFO  com.dukascopy.api.impl.connect.PingHelper - The ping end time=2020-02-16 09:05:22:964, the ping processing time=[373]ms
2020-02-16 09:05:22.965 DEBUG com.dukascopy.api.impl.connect.PingHelper - Best api url [d-ja-gva-91-191.dukascopy.com:10443] with time [93]
2020-02-16 09:05:22.965 INFO  com.dukascopy.dds2.greed.ping.ApiServerManager - APIC: The ping is finished, the fastest API server is saved: d-ja-gva-91-191.dukascopy.com:10443 (93 ms)
2020-02-16 09:05:22.965 DEBUG com.dukascopy.api.impl.connect.DCClientImpl - d-ja-gva-91-191.dukascopy.com:10443@942bec3e8df4f89996c2df0d79c7d0cabd4290181caf35b88224de38cca67123
2020-02-16 09:05:22.967 DEBUG com.dukascopy.api.impl.connect.DCClientImpl - UserAgent: {"clientType":"DDS3_JFOREXSDK","javaVersion":"11.0.5","jvmVersion":"11.0.5+10-b520.17","clientVersion":"318.4.87","osName":"Linux"}
2020-02-16 09:05:23.481 INFO  com.dukascopy.dds2.greed.util.FilePathManager - WL info is unavailable. Use default App folder for Platform data:  /home/rudojs/JForex
2020-02-16 09:05:23.879 INFO  com.dukascopy.api.instrument.subscribe.InstrumentManager - InstrumentManager created.
2020-02-16 09:05:24.117 WARN  com.dukascopy.api.impl.connect.WLabelData - White Label Image is not received
2020-02-16 09:05:24.816 INFO  com.dukascopy.dds2.greed.connection.GreedClientAuthorizationProvider - !!!:Thread[(DDS2 Standalone Transport Client) ClientConnector,5,main]
2020-02-16 09:05:24.819 INFO  com.dukascopy.dds4.transport.client.netty.ClientConnector - Authorize task in queue, server address [d-ja-gva-91-191.dukascopy.com/194.8.15.191:10443], transport name [DDS2 Standalone Transport Client]
2020-02-16 09:05:24.889 INFO  com.dukascopy.dds2.greed.market.LiveCurrencyMarketManager - LiveCurrencyMarketManager started.
2020-02-16 09:05:25.403 INFO  singlejartest.Main - Connected
2020-02-16 09:05:25.417 INFO  com.dukascopy.dds2.greed.agent.indicator.AccountProvider - Account representation: com.dukascopy.api.impl.connect.PlatformAccountImpl@1c0fcd72[
  currency=PLN
  leverage=100.0
  credit line=980640.0
  equity=19550.74
  balance=19593.99
  base equity=19593.99
  use of leverage=50.0
  used margin=9744.340000000002
  account state=OK
  global=false
  account id=1958578
  instrument quotes={EUR=4.2499125818, GBP=5.1190816818, USD=3.92366, aUSD=3.94486620, bUSD=3.90246960, COPPER.CMD=10.195240672, bJPY=0.03554291231010237285088, aJPY=0.03595099016668337428536}
  
  Initial values:
  margin mode=0
  margin cut level=200
  stop loss level=0.0
  over the weekend leverage=30
  currency precision=2
  client ids=[1723066]
  client info set=[Client ID = 1723066, State = OK, Equity = 19550.74, Stop Loss Level = 9871.80, Currency = PLN]
]
2020-02-16 09:05:25.426 DEBUG com.dukascopy.api.impl.connect.DCClientImpl - Order group received for instrument [USD/JPY], adding instrument to the list of the subscribed instruments
2020-02-16 09:05:25.437 DEBUG com.dukascopy.api.impl.connect.DCClientImpl - Order group received for instrument [COPPER.CMD/USD], adding instrument to the list of the subscribed instruments
2020-02-16 09:05:25.438 DEBUG com.dukascopy.api.impl.connect.DCClientImpl - Order group received for instrument [GBP/USD], adding instrument to the list of the subscribed instruments
2020-02-16 09:05:25.439 DEBUG com.dukascopy.api.impl.connect.DCClientImpl - Order group received for instrument [EUR/USD], adding instrument to the list of the subscribed instruments
2020-02-16 09:05:25.509 INFO  com.dukascopy.api.instrument.subscribe.InstrumentManager - SUBSCRIBED INSTRUMENTS: [COPPER.CMD/USD, EUR/USD, GBP/USD, USD/JPY]
2020-02-16 09:05:25.509 INFO  com.dukascopy.api.instrument.subscribe.InstrumentManager - FULL DEPTH INSTRUMENTS: [USD/JPY]
2020-02-16 09:05:25.518 INFO  com.dukascopy.api.instrument.subscribe.InstrumentManager - SUBSCRIBED INSTRUMENTS: [COPPER.CMD/USD, EUR/USD, GBP/USD, USD/JPY]
2020-02-16 09:05:25.518 INFO  com.dukascopy.api.instrument.subscribe.InstrumentManager - FULL DEPTH INSTRUMENTS: [COPPER.CMD/USD, USD/JPY]
2020-02-16 09:05:25.519 INFO  com.dukascopy.api.instrument.subscribe.InstrumentManager - SUBSCRIBED INSTRUMENTS: [COPPER.CMD/USD, EUR/USD, GBP/USD, USD/JPY]
2020-02-16 09:05:25.520 INFO  com.dukascopy.api.instrument.subscribe.InstrumentManager - FULL DEPTH INSTRUMENTS: [COPPER.CMD/USD, GBP/USD, USD/JPY]
2020-02-16 09:05:25.521 INFO  com.dukascopy.api.instrument.subscribe.InstrumentManager - SUBSCRIBED INSTRUMENTS: [COPPER.CMD/USD, EUR/USD, GBP/USD, USD/JPY]
2020-02-16 09:05:25.521 INFO  com.dukascopy.api.instrument.subscribe.InstrumentManager - FULL DEPTH INSTRUMENTS: [COPPER.CMD/USD, EUR/USD, GBP/USD, USD/JPY]
2020-02-16 09:05:26.118 INFO  singlejartest.Main - Subscribing instruments...
2020-02-16 09:05:26.118 INFO  singlejartest.Main - Starting strategy
2020-02-16 09:05:27.557 INFO  singlejartest.Main - Strategy started: 52
2020-02-16 09:05:33.703 DEBUG com.dukascopy.api.impl.connect.ActivityLogger - jah : [{"datumType":"message","message":"Strategy \"Strategy2\" Strategy ID: C73767C03638B6621C1DD945FC342EEF is started at 2020-02-16 08:05:27.524 GMT on the local computer with no parameters","clientTime":"1581840327524","timestamp":"1581840327525"}]
2020-02-16 09:05:34.646 DEBUG com.dukascopy.api.impl.connect.ActivityLogger - Trade Log (200) : https://demo-login.dukascopy.com/platformweb/export/tradeLog.php?check=fffd07fffdfffdfffd25fffd56fffd7bfffd3dfffd712efffd&login=DEMO2iLGsh&tzOffsetSeconds=-3600
