2020-02-20 08:12:45.403 INFO  singlejartest.Main - Connecting...
2020-02-20 08:12:46.301 INFO  com.dukascopy.api.impl.connect.AuthorizationClient - environment(jnlp.client.mode)=DEMO, platformInstanceId=null
2020-02-20 08:12:46.312 INFO  com.dukascopy.api.impl.connect.AuthorizationClient - Auth step 1 request [40BF1FC597D59FE4B6D25A19420D3F6C0A8F3704]
2020-02-20 08:12:46.313 DEBUG com.dukascopy.api.impl.connect.AuthorizationClient - >> [https://login.dukascopy.com/authorization-1/demo/auth?munus=srp_api&passus=1&sermo=c68bbc22-0cc6-4b2b-b5c3-31d65b4e175e&putent_genus=0&appello=40BF1FC597D59FE4B6D25A19420D3F6C0A8F3704&obsecro_id=e4102e1c-180f-4058-947b-88428004c904&srp_versio=1]
2020-02-20 08:12:47.509 DEBUG com.dukascopy.api.impl.connect.AuthorizationClient - << [{"B":"3b492b69cd88a5df68c8f8d2eaa293bc863b60819f3eb698af0113c991fa4b10e76a4fc77161cf19b959cd027692fa8cedbb330af97c859965591abcfe52c2302a20f3b937201891f49a902bed746fca4d7940c4ff939894f6c25cef4f444a0cae5a865a7874e9a983308879a2f5ab69183b4b52cb7ec8f813eebc811de3e102d4e32dd202ec2051dadbdd80b32aff4ac0738e561c5e042b714839d9d7f84d614ab5318424d3221b84c6a8be2734f4fc5af0083af8163214d0203af9e0bf8179ef1fed57e0e1777e5ada2918910695ccca99d2e267a4b20f7049a00c9882d637e1794f562a2534a17916b2c2e03682314aaa9c12b8d22d18ca336ee881d0544d","S":"1569aff1442f38284bc6cc9cffa4152","G":"2","H":"SHA-256","K":"5b9e8ef059c6b32ea59fc1d322d37f04aa30bae5aa9003b8321e21ddb04e300","N":"ac6bdb41324a9a9bf166de5e1389582faf72b6651987ee07fc3192943db56050a37329cbb4a099ed8193e0757767a13dd52312ab4b03310dcd7f48a9da04fd50e8083969edb767b0cf6095179a163ab3661a05fbd5faaae82918a9962f0b93b855f97993ec975eeaa80d740adbf4ff747359d041d5c33ea71d281e446b14773bca97b43a23fb801676bd207a436c6481f1d2b9078717461a5b9d32e688f87748544523b524b0d57d5ea77a2775d2ecfa032cfbdbf52fb3786160279004e57ae6af874e7303ce53299ccc041c7bc308d82a5698f3a8d0c38271ae35f8e9dbfbb694b5c803d89f7ae435de236d525f54759b65e372fcd68ef20fa7111f9e4aff73","srp_versio":"1"}]
2020-02-20 08:12:47.510 INFO  com.dukascopy.api.impl.connect.AuthorizationClient - Auth step 1 response [ServerResponseObject [passwordServerResponse=Step1ServerResponse [serverPublicValueB=3b492b69cd88a5df68c8f8d2eaa293bc863b60819f3eb698af0113c991fa4b10e76a4fc77161cf19b959cd027692fa8cedbb330af97c859965591abcfe52c2302a20f3b937201891f49a902bed746fca4d7940c4ff939894f6c25cef4f444a0cae5a865a7874e9a983308879a2f5ab69183b4b52cb7ec8f813eebc811de3e102d4e32dd202ec2051dadbdd80b32aff4ac0738e561c5e042b714839d9d7f84d614ab5318424d3221b84c6a8be2734f4fc5af0083af8163214d0203af9e0bf8179ef1fed57e0e1777e5ada2918910695ccca99d2e267a4b20f7049a00c9882d637e1794f562a2534a17916b2c2e03682314aaa9c12b8d22d18ca336ee881d0544d, saltS=1569aff1442f38284bc6cc9cffa4152, safePrimeN=ac6bdb41324a9a9bf166de5e1389582faf72b6651987ee07fc3192943db56050a37329cbb4a099ed8193e0757767a13dd52312ab4b03310dcd7f48a9da04fd50e8083969edb767b0cf6095179a163ab3661a05fbd5faaae82918a9962f0b93b855f97993ec975eeaa80d740adbf4ff747359d041d5c33ea71d281e446b14773bca97b43a23fb801676bd207a436c6481f1d2b9078717461a5b9d32e688f87748544523b524b0d57d5ea77a2775d2ecfa032cfbdbf52fb3786160279004e57ae6af874e7303ce53299ccc041c7bc308d82a5698f3a8d0c38271ae35f8e9dbfbb694b5c803d89f7ae435de236d525f54759b65e372fcd68ef20fa7111f9e4aff73, correspondingGeneratorG=2, hashAlgorithmH=SHA-256, srpProtocolVersion=1], ]]
2020-02-20 08:12:47.622 INFO  com.dukascopy.api.impl.connect.AuthorizationClient - Auth step 2 request A [7589679070332857139085276455727314667022670991490666792454942423783738265699622362758693803980031456118207568363791417708823060301205336032109726509999841457374457509896965750747229388208786252438682676154018701237800850918930028008987225536685919631190720855793482664245015498620021643561655556730542549015942348254221444321691092429350333728036961544831730782381458718905656630843929763374065549881988398296052118768708795586809679226767937602629122115612762232613553300937498215521224170323114635236471812603345009794002939438442446084249865135257824749969604845470882315683282058894327846516585355356665258053621], M1 [66770327217494505211259186271585005017575014422678499208304154143307773193943]
2020-02-20 08:12:47.622 DEBUG com.dukascopy.api.impl.connect.AuthorizationClient - >> [https://login.dukascopy.com/authorization-1/demo/auth?munus=srp_api&testimonium_nuntius=939eaa7bfc44b81db1473a097fce0ade40c0af176943a517bd8f1d41fc132ed7&passus=2&publicus_pendo=3c1f30da58f37a7562fd4cae0f2d95db5460a1e35061740362ff66e311de29404318912c8156648476ff9b9b7ff2711f1a97636284f7b4e909f3f2e3eda76a6d66b7df44b19b5a3ff3f2f49a04fa6b364c2ba14eec3e564329bf54288edc1f96015b2fdd89f323f1c27f5c5c566e26f08ee0f3ee9fe0b2f348297ccffb3db7df2f24091577405e46797fbb72619fa6c364d07e8e8649413dc79d68ed7322fe5a8b1365e3e876bef8a315e83589914d598abac3677db6a6ee1550c2faca00f7c3dcd5d93d3ee874453c398516ae543572d706a13bdda3cc21b529a15822121ff46828b865c743c357f80ba101943bdae6a918ed1ed068becfff0488e53d4a0ff5&sermo=c68bbc22-0cc6-4b2b-b5c3-31d65b4e175e&putent_genus=0&obsecro_id=e4102e1c-180f-4058-947b-88428004c904&srp_versio=1]
2020-02-20 08:12:48.116 DEBUG com.dukascopy.api.impl.connect.AuthorizationClient - << [{"M2":"dc3d2b3b9eeee4037321c9e0ba9d79ef98280e9685ae09913f9c6da06b0fed1a","srp_versio":"1"}]
2020-02-20 08:12:48.116 INFO  com.dukascopy.api.impl.connect.AuthorizationClient - Auth step 2 response [ServerResponseObject [passwordServerResponse=Step2ServerResponse [serverEvidenceMessageM2=dc3d2b3b9eeee4037321c9e0ba9d79ef98280e9685ae09913f9c6da06b0fed1a, srpProtocolVersion=1], ]]
2020-02-20 08:12:48.117 INFO  com.dukascopy.api.impl.connect.AuthorizationClient - Auth step 3 request
2020-02-20 08:12:48.117 DEBUG com.dukascopy.api.impl.connect.AuthorizationClient - >> [https://login.dukascopy.com/authorization-1/demo/auth?munus=srp_api&passus=3&sermo=c68bbc22-0cc6-4b2b-b5c3-31d65b4e175e&versio=318.4.87&willPing=true&occasus_content_vulgate=0&putent_genus=0&occasus=true&platform=DDS3_JFOREXSDK&obsecro_id=e4102e1c-180f-4058-947b-88428004c904&srp_versio=1]
2020-02-20 08:12:49.070 DEBUG com.dukascopy.api.impl.connect.AuthorizationClient - << [{"occasus":"rO0ABXNyABRqYXZhLnV0aWwuUHJvcGVydGllczkS0HpwNj6YAgABTAAIZGVmYXVsdHN0ABZMamF2\r\nYS91dGlsL1Byb3BlcnRpZX...","authApiURLs":["d-ja-gva-121-130-118.dukascopy.com:10443","d-ja-usa-e-96-4-a.dukascopy.com:10443","d-ja-sgn-04-b.dukascopy.com:10443","d-ja-jpn-102-100-c.dukascopy.com:10443","d-ja-hk-110-05.dukascopy.ch:10443","d-ja-msk-10.dukascopy.com:10443","d-ja-hk-111-4.dukascopy.ch:10443"],"srp_versio":"1"}]
2020-02-20 08:12:49.080 INFO  com.dukascopy.api.impl.connect.AuthorizationClient - Auth step 3 response [ServerResponseObject [passwordServerResponse=Step3ServerResponse [serverResponse={"occasus":"rO0ABXNyABRqYXZhLnV0aWwuUHJvcGVydGllczkS0HpwNj6YAgABTAAIZGVmYXVsdHN0ABZMamF2\r\nYS91dGlsL1Byb3BlcnRpZX...","authApiURLs":["d-ja-gva-121-130-118.dukascopy.com:10443","d-ja-usa-e-96-4-a.dukascopy.com:10443","d-ja-sgn-04-b.dukascopy.com:10443","d-ja-jpn-102-100-c.dukascopy.com:10443","d-ja-hk-110-05.dukascopy.ch:10443","d-ja-msk-10.dukascopy.com:10443","d-ja-hk-111-4.dukascopy.ch:10443"],"srp_versio":"1"}], responseHeaderFields={Transfer-Encoding=[chunked], null=[HTTP/1.1 200], idle-session-ttl=[900000], CF-RAY=[567eac9d9bb7ccaf-WAW], Server=[cloudflare], Connection=[keep-alive], Client-Country=[PL], Pragma=[no-cache], Last-Modified=[Thu, 20 Feb 2020 07:12:48 GMT], Date=[Thu, 20 Feb 2020 07:12:48 GMT], CF-Cache-Status=[DYNAMIC], Cache-Control=[no-cache, must-revalidate, no-store, max-age=0], Access-Control-Allow-Credentials=[true], Client-IP=[37.47.204.122], Vary=[Accept-Encoding], Set-Cookie=[__cfduid=d0ddf79da4f14ad5c9845f7455355877d1582182768; expires=Sat, 21-Mar-20 07:12:48 GMT; path=/; domain=.dukascopy.com; HttpOnly; SameSite=Lax], Expires=[Thu, 01 Jan 1970 00:00:00 GMT], Expect-CT=[max-age=604800, report-uri="https://report-uri.cloudflare.com/cdn-cgi/beacon/expect-ct"], Content-Type=[text/plain;charset=UTF-8]}]]
2020-02-20 08:12:49.225 INFO  com.dukascopy.api.impl.connect.AuthorizationClient - APIC: Ping API server URLs synchronously
2020-02-20 08:12:49.227 INFO  com.dukascopy.api.impl.connect.PingHelper - Selecting the best server...
2020-02-20 08:12:50.296 INFO  com.dukascopy.api.impl.connect.PingHelper - The ping start time=2020-02-20 08:12:50:295
2020-02-20 08:12:50.641 INFO  com.dukascopy.api.impl.connect.PingHelper - The ping end time=2020-02-20 08:12:50:641, the ping processing time=[346]ms
2020-02-20 08:12:50.641 DEBUG com.dukascopy.api.impl.connect.PingHelper - Best api url [d-ja-gva-121-130-118.dukascopy.com:10443] with time [73]
2020-02-20 08:12:50.642 INFO  com.dukascopy.dds2.greed.ping.ApiServerManager - APIC: The ping is finished, the fastest API server is saved: d-ja-gva-121-130-118.dukascopy.com:10443 (73 ms)
2020-02-20 08:12:50.642 DEBUG com.dukascopy.api.impl.connect.DCClientImpl - d-ja-gva-121-130-118.dukascopy.com:10443@f65b1b759c71c7ff40de73632e3521c1d3298b2b5eefabc460a1e8e29838a2b7
2020-02-20 08:12:50.644 DEBUG com.dukascopy.api.impl.connect.DCClientImpl - UserAgent: {"clientType":"DDS3_JFOREXSDK","javaVersion":"11.0.5","jvmVersion":"11.0.5+10-b520.17","clientVersion":"318.4.87","osName":"Linux"}
2020-02-20 08:12:51.148 INFO  com.dukascopy.dds2.greed.util.FilePathManager - WL info is unavailable. Use default App folder for Platform data:  /home/rudojs/JForex
2020-02-20 08:12:51.707 INFO  com.dukascopy.api.instrument.subscribe.InstrumentManager - InstrumentManager created.
2020-02-20 08:12:51.930 WARN  com.dukascopy.api.impl.connect.WLabelData - White Label Image is not received
2020-02-20 08:12:52.467 INFO  com.dukascopy.dds2.greed.connection.GreedClientAuthorizationProvider - !!!:Thread[(DDS2 Standalone Transport Client) ClientConnector,5,main]
2020-02-20 08:12:52.469 INFO  com.dukascopy.dds4.transport.client.netty.ClientConnector - Authorize task in queue, server address [d-ja-gva-121-130-118.dukascopy.com/194.8.15.118:10443], transport name [DDS2 Standalone Transport Client]
2020-02-20 08:12:52.536 INFO  com.dukascopy.dds2.greed.market.LiveCurrencyMarketManager - LiveCurrencyMarketManager started.
2020-02-20 08:12:52.997 INFO  singlejartest.Main - Connected
2020-02-20 08:12:53.008 INFO  com.dukascopy.dds2.greed.agent.indicator.AccountProvider - Account representation: com.dukascopy.api.impl.connect.PlatformAccountImpl@1fd5a549[
  currency=PLN
  leverage=100.0
  credit line=1582255.0
  equity=15822.55
  balance=15822.51
  base equity=15823.58
  use of leverage=0.0
  used margin=0.0
  account state=OK
  global=false
  account id=1958578
  instrument quotes={bCHF=3.99850753773948959649, USD=3.956135, aUSD=3.97622220, bUSD=3.93605085, bJPY=0.03528413265443331790326, aCHF=4.03972670378347744860, aJPY=0.03564520125504258224868}
  
  Initial values:
  margin mode=0
  margin cut level=200
  stop loss level=0.0
  over the weekend leverage=30
  currency precision=2
  client ids=[1723066]
  client info set=[Client ID = 1723066, State = OK, Equity = 15822.55, Stop Loss Level = 9871.80, Currency = PLN]
]
2020-02-20 08:12:53.016 DEBUG com.dukascopy.api.impl.connect.DCClientImpl - Order group received for instrument [USD/JPY], adding instrument to the list of the subscribed instruments
2020-02-20 08:12:53.028 DEBUG com.dukascopy.api.impl.connect.DCClientImpl - Order group received for instrument [USD/CHF], adding instrument to the list of the subscribed instruments
2020-02-20 08:12:53.029 DEBUG com.dukascopy.api.impl.connect.DCClientImpl - Order group received for instrument [COPPER.CMD/USD], adding instrument to the list of the subscribed instruments
2020-02-20 08:12:53.109 INFO  com.dukascopy.api.instrument.subscribe.InstrumentManager - SUBSCRIBED INSTRUMENTS: [COPPER.CMD/USD, USD/CHF, USD/JPY]
2020-02-20 08:12:53.109 INFO  com.dukascopy.api.instrument.subscribe.InstrumentManager - FULL DEPTH INSTRUMENTS: [USD/JPY]
2020-02-20 08:12:53.110 INFO  com.dukascopy.api.instrument.subscribe.InstrumentManager - SUBSCRIBED INSTRUMENTS: [COPPER.CMD/USD, USD/CHF, USD/JPY]
2020-02-20 08:12:53.110 INFO  com.dukascopy.api.instrument.subscribe.InstrumentManager - FULL DEPTH INSTRUMENTS: [USD/CHF, USD/JPY]
2020-02-20 08:12:53.112 INFO  com.dukascopy.api.instrument.subscribe.InstrumentManager - SUBSCRIBED INSTRUMENTS: [COPPER.CMD/USD, USD/CHF, USD/JPY]
2020-02-20 08:12:53.112 INFO  com.dukascopy.api.instrument.subscribe.InstrumentManager - FULL DEPTH INSTRUMENTS: [COPPER.CMD/USD, USD/CHF, USD/JPY]
2020-02-20 08:12:53.645 INFO  com.dukascopy.dds4.transport.client.netty.TransportClient - Ticks are being transferred via UDP
2020-02-20 08:12:53.931 INFO  singlejartest.Main - Subscribing instruments...
2020-02-20 08:12:53.932 INFO  singlejartest.Main - Starting strategy
2020-02-20 08:12:54.260 INFO  com.dukascopy.api.instrument.subscribe.InstrumentManager - SUBSCRIBED INSTRUMENTS: [COPPER.CMD/USD, EUR/USD, USD/CHF, USD/JPY]
2020-02-20 08:12:54.260 INFO  com.dukascopy.api.instrument.subscribe.InstrumentManager - FULL DEPTH INSTRUMENTS: [COPPER.CMD/USD, EUR/USD, USD/CHF, USD/JPY]
2020-02-20 08:12:55.150 INFO  singlejartest.Main - Strategy started: 52
2020-02-20 08:13:01.320 WARN  com.dukascopy.api.impl.connect.JForexEngineImpl - Order REJECTED: SELL EUR/USD, REASON: STOP LOSS Price can't be negative
2020-02-20 08:13:01.322 ERROR com.dukascopy.api.impl.execution.TaskOnBar -  state is CANCELED
com.dukascopy.api.JFException:  state is CANCELED
	at com.dukascopy.api.impl.connect.PlatformOrderImpl.updated(PlatformOrderImpl.java:2161)
	at com.dukascopy.api.impl.execution.ScienceThreadPoolExecutor.runExceptTicksAndBars(ScienceThreadPoolExecutor.java:1034)
	at com.dukascopy.api.impl.connect.JFRunnableProcessor.waitForUpdate(JFRunnableProcessor.java:125)
	at com.dukascopy.api.impl.connect.JForexTaskManager.waitForUpdate(JForexTaskManager.java:799)
	at com.dukascopy.api.impl.connect.PlatformOrderImpl.waitForUpdate(PlatformOrderImpl.java:2249)
	at com.dukascopy.api.impl.connect.PlatformOrderImpl.waitForUpdate(PlatformOrderImpl.java:2233)
	at singlejartest.Strategy2.onBar(Strategy2.java:73)
	at com.dukascopy.api.impl.execution.TaskOnBar.postData(TaskOnBar.java:85)
	at com.dukascopy.api.impl.execution.TaskOnBar.call(TaskOnBar.java:63)
	at com.dukascopy.api.impl.execution.TaskOnBar.call(TaskOnBar.java:23)
	at java.base/java.util.concurrent.FutureTask.run(FutureTask.java:264)
	at com.dukascopy.api.impl.execution.ScienceThreadPoolExecutor$Worker.runTask(ScienceThreadPoolExecutor.java:904)
	at com.dukascopy.api.impl.execution.ScienceThreadPoolExecutor$Worker.run(ScienceThreadPoolExecutor.java:926)
	at java.base/java.lang.Thread.run(Thread.java:834)
2020-02-20 08:13:01.325 ERROR com.dukascopy.api.impl.connect.DCClientImpl$DefaultStrategyExceptionHandler - Exception thrown while running onBar method:  state is CANCELED
com.dukascopy.api.JFException:  state is CANCELED
	at com.dukascopy.api.impl.connect.PlatformOrderImpl.updated(PlatformOrderImpl.java:2161)
	at com.dukascopy.api.impl.execution.ScienceThreadPoolExecutor.runExceptTicksAndBars(ScienceThreadPoolExecutor.java:1034)
	at com.dukascopy.api.impl.connect.JFRunnableProcessor.waitForUpdate(JFRunnableProcessor.java:125)
	at com.dukascopy.api.impl.connect.JForexTaskManager.waitForUpdate(JForexTaskManager.java:799)
	at com.dukascopy.api.impl.connect.PlatformOrderImpl.waitForUpdate(PlatformOrderImpl.java:2249)
	at com.dukascopy.api.impl.connect.PlatformOrderImpl.waitForUpdate(PlatformOrderImpl.java:2233)
	at singlejartest.Strategy2.onBar(Strategy2.java:73)
	at com.dukascopy.api.impl.execution.TaskOnBar.postData(TaskOnBar.java:85)
	at com.dukascopy.api.impl.execution.TaskOnBar.call(TaskOnBar.java:63)
	at com.dukascopy.api.impl.execution.TaskOnBar.call(TaskOnBar.java:23)
	at java.base/java.util.concurrent.FutureTask.run(FutureTask.java:264)
	at com.dukascopy.api.impl.execution.ScienceThreadPoolExecutor$Worker.runTask(ScienceThreadPoolExecutor.java:904)
	at com.dukascopy.api.impl.execution.ScienceThreadPoolExecutor$Worker.run(ScienceThreadPoolExecutor.java:926)
	at java.base/java.lang.Thread.run(Thread.java:834)
2020-02-20 08:13:01.326 INFO  singlejartest.Main - Strategy stopped: 52
2020-02-20 08:13:01.328 DEBUG com.dukascopy.api.impl.connect.ActivityLogger - jah : [{"datumType":"message","message":"Strategy \"Strategy2\" Strategy ID: 31EABE131D9AE26F94F759B626B15363 is started at 2020-02-20 07:12:54.940 GMT on the local computer with no parameters","clientTime":"1582182775124","timestamp":"1582182774940"},{"datumType":"message","message":"com.dukascopy.api.JFException:  state is CANCELED @ singlejartest.Strategy2.onBar(Strategy2.java:73)","clientTime":"1582182781322","timestamp":"1582182781139"},{"datumType":"message","message":"Stopping \"Strategy2\" strategy at 2020-02-20 07:13:01.141 GMT on the local computer","clientTime":"1582182781325","timestamp":"1582182781141"}]
2020-02-20 08:13:01.768 DEBUG com.dukascopy.api.impl.connect.ActivityLogger - Trade Log (200) : https://demo-login.dukascopy.com/platformweb/export/tradeLog.php?check=fffd07fffdfffdfffd25fffd56fffd7bfffd3dfffd712efffd&login=DEMO2iLGsh&tzOffsetSeconds=-3600
