2020-02-16 09:56:09.638 INFO  singlejartest.Main - Connecting...
2020-02-16 09:56:10.182 INFO  com.dukascopy.api.impl.connect.AuthorizationClient - environment(jnlp.client.mode)=DEMO, platformInstanceId=null
2020-02-16 09:56:10.193 INFO  com.dukascopy.api.impl.connect.AuthorizationClient - Auth step 1 request [40BF1FC597D59FE4B6D25A19420D3F6C0A8F3704]
2020-02-16 09:56:10.194 DEBUG com.dukascopy.api.impl.connect.AuthorizationClient - >> [https://login.dukascopy.com/authorization-1/demo/auth?munus=srp_api&passus=1&sermo=b6f96aec-0fc5-48ce-845b-8ef64e38e85d&putent_genus=0&appello=40BF1FC597D59FE4B6D25A19420D3F6C0A8F3704&obsecro_id=bbdce69d-3b41-4188-bacf-fff3fc4c3312&srp_versio=1]
2020-02-16 09:56:11.337 DEBUG com.dukascopy.api.impl.connect.AuthorizationClient - << [{"B":"1f5355350ec6f1801be4302b36930ebc32c99b3be211d9cb999bf556bf6ae201317df929318af7347076f2b72a568734434b946d294e7a4b76daeaad5dcfb73f9890259c5233259c859f998eef27a192dc41c83311ad3c04c27974d275c7e019cd4923c2db3cb7473e27150c89e856f9573b9de16101e580701eed721dc9bbc659c7eb9890263ff05033ad3b99d185b754e00a8435e0190950a9b1f31af1a16ce02ce1a9f7653976196427e1661d4ed66a2d990bfb8670794debfaf1c5cc55b4f3d91cd036582861a19c7a47a93bf0bdcdeddf642c36b3bb0320035cb2b1278fa5bb45a9fc6669370dbe1fb09e0b807c512cfcf8c06960ac2e79fa5ee19a3536","S":"5634b00af7a84df98875fe2b1e465b0a","G":"2","H":"SHA-256","K":"5b9e8ef059c6b32ea59fc1d322d37f04aa30bae5aa9003b8321e21ddb04e300","N":"ac6bdb41324a9a9bf166de5e1389582faf72b6651987ee07fc3192943db56050a37329cbb4a099ed8193e0757767a13dd52312ab4b03310dcd7f48a9da04fd50e8083969edb767b0cf6095179a163ab3661a05fbd5faaae82918a9962f0b93b855f97993ec975eeaa80d740adbf4ff747359d041d5c33ea71d281e446b14773bca97b43a23fb801676bd207a436c6481f1d2b9078717461a5b9d32e688f87748544523b524b0d57d5ea77a2775d2ecfa032cfbdbf52fb3786160279004e57ae6af874e7303ce53299ccc041c7bc308d82a5698f3a8d0c38271ae35f8e9dbfbb694b5c803d89f7ae435de236d525f54759b65e372fcd68ef20fa7111f9e4aff73","srp_versio":"1"}]
2020-02-16 09:56:11.339 INFO  com.dukascopy.api.impl.connect.AuthorizationClient - Auth step 1 response [ServerResponseObject [passwordServerResponse=Step1ServerResponse [serverPublicValueB=1f5355350ec6f1801be4302b36930ebc32c99b3be211d9cb999bf556bf6ae201317df929318af7347076f2b72a568734434b946d294e7a4b76daeaad5dcfb73f9890259c5233259c859f998eef27a192dc41c83311ad3c04c27974d275c7e019cd4923c2db3cb7473e27150c89e856f9573b9de16101e580701eed721dc9bbc659c7eb9890263ff05033ad3b99d185b754e00a8435e0190950a9b1f31af1a16ce02ce1a9f7653976196427e1661d4ed66a2d990bfb8670794debfaf1c5cc55b4f3d91cd036582861a19c7a47a93bf0bdcdeddf642c36b3bb0320035cb2b1278fa5bb45a9fc6669370dbe1fb09e0b807c512cfcf8c06960ac2e79fa5ee19a3536, saltS=5634b00af7a84df98875fe2b1e465b0a, safePrimeN=ac6bdb41324a9a9bf166de5e1389582faf72b6651987ee07fc3192943db56050a37329cbb4a099ed8193e0757767a13dd52312ab4b03310dcd7f48a9da04fd50e8083969edb767b0cf6095179a163ab3661a05fbd5faaae82918a9962f0b93b855f97993ec975eeaa80d740adbf4ff747359d041d5c33ea71d281e446b14773bca97b43a23fb801676bd207a436c6481f1d2b9078717461a5b9d32e688f87748544523b524b0d57d5ea77a2775d2ecfa032cfbdbf52fb3786160279004e57ae6af874e7303ce53299ccc041c7bc308d82a5698f3a8d0c38271ae35f8e9dbfbb694b5c803d89f7ae435de236d525f54759b65e372fcd68ef20fa7111f9e4aff73, correspondingGeneratorG=2, hashAlgorithmH=SHA-256, srpProtocolVersion=1], ]]
2020-02-16 09:56:11.429 INFO  com.dukascopy.api.impl.connect.AuthorizationClient - Auth step 2 request A [2832104130636433106942481394105163988408119411555386125726396589981866816919950592858854754073781638834532776589278073578459469787001338233210848830097962239151728230089013788111700805286233848614586050383007708177976861334280908833406552804651753634590895989874143492350614757785873711789019089217160165453201255638857921671723713665308982830012543189920285726125581627441281917284270020646639883621781788495213100493186441182990338281406673334800041054499265562260771314581694176121276496737977674139975554373542524988043632189500200014665766331360479450444869473769530096549485046156402620664700285473314626379749], M1 [87597053302079793417582273010341683607970354728806591821793247877926839931408]
2020-02-16 09:56:11.429 DEBUG com.dukascopy.api.impl.connect.AuthorizationClient - >> [https://login.dukascopy.com/authorization-1/demo/auth?munus=srp_api&testimonium_nuntius=c1aa2cd8e6d4aca21923e4ecddf1d454f76621aaa55dd42caac96830dbd85210&passus=2&publicus_pendo=166f410a08be8819f76d07d0181e828db8248ac72e2e9dd84630a26a8a3a01a6cca2d29790ecbaafd4f27f7f996e014c0c15dbf84e97c762596abb9775d512e295cfb151efa8fb4707d5d2d799167d9c8df8e3f8519f384cceed9dcd60a73393b7ce48610a61d9a219be165b4e7e135bc514c9323dfb6baac9581f7706d83b1def8cc4897a6cd00587ce79b34426a88444235d8e176000b69ad20f2903f143ad323e442b1dbbb7c6226d5282ad1fc89655af00b6df5bbcea3c5e1488082eaafe81787091f5e98768243dd19100c8195edebe7c22d1f6c0f2472c4a47602b3ce386561d620f345cf4625f816d98b9218ee8499524834f5260d2ea206ff7989fe5&sermo=b6f96aec-0fc5-48ce-845b-8ef64e38e85d&putent_genus=0&obsecro_id=bbdce69d-3b41-4188-bacf-fff3fc4c3312&srp_versio=1]
2020-02-16 09:56:12.045 DEBUG com.dukascopy.api.impl.connect.AuthorizationClient - << [{"M2":"da882878b16b2999179ad5c621f604d30d6a06fe2c0b36507814fe75d3559567","srp_versio":"1"}]
2020-02-16 09:56:12.045 INFO  com.dukascopy.api.impl.connect.AuthorizationClient - Auth step 2 response [ServerResponseObject [passwordServerResponse=Step2ServerResponse [serverEvidenceMessageM2=da882878b16b2999179ad5c621f604d30d6a06fe2c0b36507814fe75d3559567, srpProtocolVersion=1], ]]
2020-02-16 09:56:12.046 INFO  com.dukascopy.api.impl.connect.AuthorizationClient - Auth step 3 request
2020-02-16 09:56:12.046 DEBUG com.dukascopy.api.impl.connect.AuthorizationClient - >> [https://login.dukascopy.com/authorization-1/demo/auth?munus=srp_api&passus=3&sermo=b6f96aec-0fc5-48ce-845b-8ef64e38e85d&versio=318.4.87&willPing=true&occasus_content_vulgate=0&putent_genus=0&occasus=true&platform=DDS3_JFOREXSDK&obsecro_id=bbdce69d-3b41-4188-bacf-fff3fc4c3312&srp_versio=1]
2020-02-16 09:56:13.081 DEBUG com.dukascopy.api.impl.connect.AuthorizationClient - << [{"occasus":"rO0ABXNyABRqYXZhLnV0aWwuUHJvcGVydGllczkS0HpwNj6YAgABTAAIZGVmYXVsdHN0ABZMamF2\r\nYS91dGlsL1Byb3BlcnRpZX...","authApiURLs":["d-ja-gva-91-191.dukascopy.com:10443","d-ja-usa-e-96-4-a.dukascopy.com:10443","d-ja-sgn-04-b.dukascopy.com:10443","d-ja-jpn-04-a.dukascopy.com:10443","d-ja-hk-110-05.dukascopy.ch:10443","d-ja-msk-10.dukascopy.com:10443","d-ja-hk-111-4.dukascopy.ch:10443"],"srp_versio":"1"}]
2020-02-16 09:56:13.091 INFO  com.dukascopy.api.impl.connect.AuthorizationClient - Auth step 3 response [ServerResponseObject [passwordServerResponse=Step3ServerResponse [serverResponse={"occasus":"rO0ABXNyABRqYXZhLnV0aWwuUHJvcGVydGllczkS0HpwNj6YAgABTAAIZGVmYXVsdHN0ABZMamF2\r\nYS91dGlsL1Byb3BlcnRpZX...","authApiURLs":["d-ja-gva-91-191.dukascopy.com:10443","d-ja-usa-e-96-4-a.dukascopy.com:10443","d-ja-sgn-04-b.dukascopy.com:10443","d-ja-jpn-04-a.dukascopy.com:10443","d-ja-hk-110-05.dukascopy.ch:10443","d-ja-msk-10.dukascopy.com:10443","d-ja-hk-111-4.dukascopy.ch:10443"],"srp_versio":"1"}], responseHeaderFields={Transfer-Encoding=[chunked], null=[HTTP/1.1 200], idle-session-ttl=[900000], CF-RAY=[565e4e948becffc0-WAW], Server=[cloudflare], Connection=[keep-alive], Client-Country=[PL], Pragma=[no-cache], Last-Modified=[Sun, 16 Feb 2020 08:56:12 GMT], Date=[Sun, 16 Feb 2020 08:56:12 GMT], CF-Cache-Status=[DYNAMIC], Cache-Control=[no-cache, must-revalidate, no-store, max-age=0], Access-Control-Allow-Credentials=[true], Client-IP=[37.47.197.228], Vary=[Accept-Encoding], Set-Cookie=[__cfduid=d461be23ee98cf41858c29e79e02dca6d1581843372; expires=Tue, 17-Mar-20 08:56:12 GMT; path=/; domain=.dukascopy.com; HttpOnly; SameSite=Lax], Expires=[Thu, 01 Jan 1970 00:00:00 GMT], Expect-CT=[max-age=604800, report-uri="https://report-uri.cloudflare.com/cdn-cgi/beacon/expect-ct"], Content-Type=[text/plain;charset=UTF-8]}]]
2020-02-16 09:56:13.250 INFO  com.dukascopy.api.impl.connect.AuthorizationClient - APIC: Ping API server URLs synchronously
2020-02-16 09:56:13.251 INFO  com.dukascopy.api.impl.connect.PingHelper - Selecting the best server...
2020-02-16 09:56:14.250 INFO  com.dukascopy.api.impl.connect.PingHelper - The ping start time=2020-02-16 09:56:14:250
2020-02-16 09:56:14.625 INFO  com.dukascopy.api.impl.connect.PingHelper - The ping end time=2020-02-16 09:56:14:625, the ping processing time=[375]ms
2020-02-16 09:56:14.625 DEBUG com.dukascopy.api.impl.connect.PingHelper - Best api url [d-ja-gva-91-191.dukascopy.com:10443] with time [239]
2020-02-16 09:56:14.626 INFO  com.dukascopy.dds2.greed.ping.ApiServerManager - APIC: The ping is finished, the fastest API server is saved: d-ja-gva-91-191.dukascopy.com:10443 (239 ms)
2020-02-16 09:56:14.626 DEBUG com.dukascopy.api.impl.connect.DCClientImpl - d-ja-gva-91-191.dukascopy.com:10443@9a5f774e3ac021b4c3466d0b7e368b270c752f2d558e824152138708a85fba9b
2020-02-16 09:56:14.628 DEBUG com.dukascopy.api.impl.connect.DCClientImpl - UserAgent: {"clientType":"DDS3_JFOREXSDK","javaVersion":"11.0.5","jvmVersion":"11.0.5+10-b520.17","clientVersion":"318.4.87","osName":"Linux"}
2020-02-16 09:56:15.155 INFO  com.dukascopy.dds2.greed.util.FilePathManager - WL info is unavailable. Use default App folder for Platform data:  /home/rudojs/JForex
2020-02-16 09:56:15.550 INFO  com.dukascopy.api.instrument.subscribe.InstrumentManager - InstrumentManager created.
2020-02-16 09:56:15.801 WARN  com.dukascopy.api.impl.connect.WLabelData - White Label Image is not received
2020-02-16 09:56:16.307 INFO  com.dukascopy.dds2.greed.connection.GreedClientAuthorizationProvider - !!!:Thread[(DDS2 Standalone Transport Client) ClientConnector,5,main]
2020-02-16 09:56:16.311 INFO  com.dukascopy.dds4.transport.client.netty.ClientConnector - Authorize task in queue, server address [d-ja-gva-91-191.dukascopy.com/194.8.15.191:10443], transport name [DDS2 Standalone Transport Client]
2020-02-16 09:56:16.379 INFO  com.dukascopy.dds2.greed.market.LiveCurrencyMarketManager - LiveCurrencyMarketManager started.
2020-02-16 09:56:16.877 INFO  singlejartest.Main - Connected
2020-02-16 09:56:16.892 INFO  com.dukascopy.dds2.greed.agent.indicator.AccountProvider - Account representation: com.dukascopy.api.impl.connect.PlatformAccountImpl@1c0fcd72[
  currency=PLN
  leverage=100.0
  credit line=980640.0
  equity=19550.74
  balance=19593.99
  base equity=19593.99
  use of leverage=50.0
  used margin=9744.340000000002
  account state=OK
  global=false
  account id=1958578
  instrument quotes={EUR=4.2499125818, GBP=5.1190816818, USD=3.92366, aUSD=3.94486620, bUSD=3.90246960, COPPER.CMD=10.195240672, bJPY=0.03554291231010237285088, aJPY=0.03595099016668337428536}
  
  Initial values:
  margin mode=0
  margin cut level=200
  stop loss level=0.0
  over the weekend leverage=30
  currency precision=2
  client ids=[1723066]
  client info set=[Client ID = 1723066, State = OK, Equity = 19550.74, Stop Loss Level = 9871.80, Currency = PLN]
]
2020-02-16 09:56:16.905 DEBUG com.dukascopy.api.impl.connect.DCClientImpl - Order group received for instrument [USD/JPY], adding instrument to the list of the subscribed instruments
2020-02-16 09:56:16.917 DEBUG com.dukascopy.api.impl.connect.DCClientImpl - Order group received for instrument [COPPER.CMD/USD], adding instrument to the list of the subscribed instruments
2020-02-16 09:56:16.918 DEBUG com.dukascopy.api.impl.connect.DCClientImpl - Order group received for instrument [GBP/USD], adding instrument to the list of the subscribed instruments
2020-02-16 09:56:16.920 DEBUG com.dukascopy.api.impl.connect.DCClientImpl - Order group received for instrument [EUR/USD], adding instrument to the list of the subscribed instruments
2020-02-16 09:56:17.006 INFO  com.dukascopy.api.instrument.subscribe.InstrumentManager - SUBSCRIBED INSTRUMENTS: [COPPER.CMD/USD, EUR/USD, GBP/USD, USD/JPY]
2020-02-16 09:56:17.006 INFO  com.dukascopy.api.instrument.subscribe.InstrumentManager - FULL DEPTH INSTRUMENTS: [USD/JPY]
2020-02-16 09:56:17.008 INFO  com.dukascopy.api.instrument.subscribe.InstrumentManager - SUBSCRIBED INSTRUMENTS: [COPPER.CMD/USD, EUR/USD, GBP/USD, USD/JPY]
2020-02-16 09:56:17.008 INFO  com.dukascopy.api.instrument.subscribe.InstrumentManager - FULL DEPTH INSTRUMENTS: [COPPER.CMD/USD, USD/JPY]
2020-02-16 09:56:17.009 INFO  com.dukascopy.api.instrument.subscribe.InstrumentManager - SUBSCRIBED INSTRUMENTS: [COPPER.CMD/USD, EUR/USD, GBP/USD, USD/JPY]
2020-02-16 09:56:17.009 INFO  com.dukascopy.api.instrument.subscribe.InstrumentManager - FULL DEPTH INSTRUMENTS: [COPPER.CMD/USD, GBP/USD, USD/JPY]
2020-02-16 09:56:17.009 INFO  com.dukascopy.api.instrument.subscribe.InstrumentManager - SUBSCRIBED INSTRUMENTS: [COPPER.CMD/USD, EUR/USD, GBP/USD, USD/JPY]
2020-02-16 09:56:17.009 INFO  com.dukascopy.api.instrument.subscribe.InstrumentManager - FULL DEPTH INSTRUMENTS: [COPPER.CMD/USD, EUR/USD, GBP/USD, USD/JPY]
2020-02-16 09:56:17.802 INFO  singlejartest.Main - Subscribing instruments...
2020-02-16 09:56:17.802 INFO  singlejartest.Main - Starting strategy
2020-02-16 09:56:19.069 INFO  singlejartest.Main - Strategy started: 52
2020-02-16 09:56:25.387 DEBUG com.dukascopy.api.impl.connect.ActivityLogger - jah : [{"datumType":"message","message":"Strategy \"Strategy2\" Strategy ID: 75FC901A0337362A98FE49358F84DBB7 is started at 2020-02-16 08:56:18.845 GMT on the local computer with no parameters","clientTime":"1581843379029","timestamp":"1581843378845"}]
2020-02-16 09:56:26.037 DEBUG com.dukascopy.api.impl.connect.ActivityLogger - Trade Log (200) : https://demo-login.dukascopy.com/platformweb/export/tradeLog.php?check=fffd07fffdfffdfffd25fffd56fffd7bfffd3dfffd712efffd&login=DEMO2iLGsh&tzOffsetSeconds=-3600
