2020-02-20 08:00:20.348 INFO  singlejartest.Main - Connecting...
2020-02-20 08:00:20.653 INFO  com.dukascopy.api.impl.connect.AuthorizationClient - environment(jnlp.client.mode)=DEMO, platformInstanceId=null
2020-02-20 08:00:20.667 INFO  com.dukascopy.api.impl.connect.AuthorizationClient - Auth step 1 request [40BF1FC597D59FE4B6D25A19420D3F6C0A8F3704]
2020-02-20 08:00:20.669 DEBUG com.dukascopy.api.impl.connect.AuthorizationClient - >> [https://login.dukascopy.com/authorization-1/demo/auth?munus=srp_api&passus=1&sermo=b1ccf56b-9085-4fea-a4f0-ec0d135cbbbe&putent_genus=0&appello=40BF1FC597D59FE4B6D25A19420D3F6C0A8F3704&obsecro_id=81d0a226-3f6e-4b27-9a06-309130846b65&srp_versio=1]
2020-02-20 08:00:21.623 DEBUG com.dukascopy.api.impl.connect.AuthorizationClient - << [{"B":"769584db7796aeeeae7b92820bd295dfec58152e46efcf1843dd651a0cf92043ede221400476f6e4f72a17715cd661e94535b51d1697fb5b12c36c1a412bcd18163c4d5e9640bbf48837847b04504608ca877981ebfe4debb402f71ad3399d9bdd4cb79a8229e3190f79ad59aea515e3288cf1c932efa81722614aae32164c975c9664d3a2bb64815992c373631f4e5323848e4a408d7cda8b5a1c4d352879bdd4ef7965037413e799690358bc13975343e3aa3f4ea6e09a52ed8c1c1babd7d23497190b61cac91c3b2db37721fc37e23f2d071c67857a32ce2af0685a54959b9be1d317d3b2e59398df3163844a19426a1e27fd9712e78e0a2c0118fcc11a00","S":"29444a34d815ace9aecaa47443733b2e","G":"2","H":"SHA-256","K":"5b9e8ef059c6b32ea59fc1d322d37f04aa30bae5aa9003b8321e21ddb04e300","N":"ac6bdb41324a9a9bf166de5e1389582faf72b6651987ee07fc3192943db56050a37329cbb4a099ed8193e0757767a13dd52312ab4b03310dcd7f48a9da04fd50e8083969edb767b0cf6095179a163ab3661a05fbd5faaae82918a9962f0b93b855f97993ec975eeaa80d740adbf4ff747359d041d5c33ea71d281e446b14773bca97b43a23fb801676bd207a436c6481f1d2b9078717461a5b9d32e688f87748544523b524b0d57d5ea77a2775d2ecfa032cfbdbf52fb3786160279004e57ae6af874e7303ce53299ccc041c7bc308d82a5698f3a8d0c38271ae35f8e9dbfbb694b5c803d89f7ae435de236d525f54759b65e372fcd68ef20fa7111f9e4aff73","srp_versio":"1"}]
2020-02-20 08:00:21.625 INFO  com.dukascopy.api.impl.connect.AuthorizationClient - Auth step 1 response [ServerResponseObject [passwordServerResponse=Step1ServerResponse [serverPublicValueB=769584db7796aeeeae7b92820bd295dfec58152e46efcf1843dd651a0cf92043ede221400476f6e4f72a17715cd661e94535b51d1697fb5b12c36c1a412bcd18163c4d5e9640bbf48837847b04504608ca877981ebfe4debb402f71ad3399d9bdd4cb79a8229e3190f79ad59aea515e3288cf1c932efa81722614aae32164c975c9664d3a2bb64815992c373631f4e5323848e4a408d7cda8b5a1c4d352879bdd4ef7965037413e799690358bc13975343e3aa3f4ea6e09a52ed8c1c1babd7d23497190b61cac91c3b2db37721fc37e23f2d071c67857a32ce2af0685a54959b9be1d317d3b2e59398df3163844a19426a1e27fd9712e78e0a2c0118fcc11a00, saltS=29444a34d815ace9aecaa47443733b2e, safePrimeN=ac6bdb41324a9a9bf166de5e1389582faf72b6651987ee07fc3192943db56050a37329cbb4a099ed8193e0757767a13dd52312ab4b03310dcd7f48a9da04fd50e8083969edb767b0cf6095179a163ab3661a05fbd5faaae82918a9962f0b93b855f97993ec975eeaa80d740adbf4ff747359d041d5c33ea71d281e446b14773bca97b43a23fb801676bd207a436c6481f1d2b9078717461a5b9d32e688f87748544523b524b0d57d5ea77a2775d2ecfa032cfbdbf52fb3786160279004e57ae6af874e7303ce53299ccc041c7bc308d82a5698f3a8d0c38271ae35f8e9dbfbb694b5c803d89f7ae435de236d525f54759b65e372fcd68ef20fa7111f9e4aff73, correspondingGeneratorG=2, hashAlgorithmH=SHA-256, srpProtocolVersion=1], ]]
2020-02-20 08:00:21.714 INFO  com.dukascopy.api.impl.connect.AuthorizationClient - Auth step 2 request A [18439115087985884141271633083383339616355748775361646604670334499179214999184013926648890643564188406629159023524476826247851937085693422145052344242024263759359150898718101730137727871995161576492280132284884299059400417021419345817135102504082174166331009237572832042697900195573296382078689918388964179208538582442139573635818732620979257179631457767655488368906623884103910446433784773373707835575994529267252630517928185754294218437311340084833011290957304517983559661602107878575054678349586008358924992329602171252879658505119409971479744401134139935530097436464534200953944578164894389707382478679997351101894], M1 [98265767600891226200762718640390094679145685079911841507153517199407424089825]
2020-02-20 08:00:21.715 DEBUG com.dukascopy.api.impl.connect.AuthorizationClient - >> [https://login.dukascopy.com/authorization-1/demo/auth?munus=srp_api&testimonium_nuntius=d9407417df59d908674cea0fc298f6373aaf3f7cc0eda6fc8fc2625d20322ee1&passus=2&publicus_pendo=9210e09e313270cdfbe3cc0de4bf112e3a32c8f307c489ae6b3c45e0fd8863a2d100a395bfed35c1569403e5c62200655548093bd140e732231334751d3616bef8f336d8e6259bdb37a4e2877cada1d2d65f52fde18209ce084b2b880ab66db5fa0c8b5e1e1f357345863e265fa4fbfdfd9f5d4b959c2fc89aaec26a014e262699cfdb2a5f1e4b2182411365414debc6e94bd9c31e596ce69e1c0d243eba4d5460dffcae1f47ce1df9ceabd6710d0dcfd9b4beb206a4c15ed9c60e71fc92a4370f859ed1a83b95855fbffa1c9366b45a4cd9ba5071e951f4d6f5cd688e2cb331d7657d279079b119ec9a4144badb10bec5607ddd2e2ded68f182c462534a85c6&sermo=b1ccf56b-9085-4fea-a4f0-ec0d135cbbbe&putent_genus=0&obsecro_id=81d0a226-3f6e-4b27-9a06-309130846b65&srp_versio=1]
2020-02-20 08:00:22.230 DEBUG com.dukascopy.api.impl.connect.AuthorizationClient - << [{"M2":"e5deb9c63c4c29ab619b7faf179c3dcfee7fdd23824b537136b89c8263f558a5","srp_versio":"1"}]
2020-02-20 08:00:22.230 INFO  com.dukascopy.api.impl.connect.AuthorizationClient - Auth step 2 response [ServerResponseObject [passwordServerResponse=Step2ServerResponse [serverEvidenceMessageM2=e5deb9c63c4c29ab619b7faf179c3dcfee7fdd23824b537136b89c8263f558a5, srpProtocolVersion=1], ]]
2020-02-20 08:00:22.231 INFO  com.dukascopy.api.impl.connect.AuthorizationClient - Auth step 3 request
2020-02-20 08:00:22.231 DEBUG com.dukascopy.api.impl.connect.AuthorizationClient - >> [https://login.dukascopy.com/authorization-1/demo/auth?munus=srp_api&passus=3&sermo=b1ccf56b-9085-4fea-a4f0-ec0d135cbbbe&versio=318.4.87&willPing=true&occasus_content_vulgate=0&putent_genus=0&occasus=true&platform=DDS3_JFOREXSDK&obsecro_id=81d0a226-3f6e-4b27-9a06-309130846b65&srp_versio=1]
2020-02-20 08:00:24.196 DEBUG com.dukascopy.api.impl.connect.AuthorizationClient - << [{"occasus":"rO0ABXNyABRqYXZhLnV0aWwuUHJvcGVydGllczkS0HpwNj6YAgABTAAIZGVmYXVsdHN0ABZMamF2\r\nYS91dGlsL1Byb3BlcnRpZX...","authApiURLs":["d-ja-gva-101-135-154.dukascopy.com:10443","d-ja-usa-e-97-4-b.dukascopy.com:10443","d-ja-sgn-04-a.dukascopy.com:10443","d-ja-jpn-04-a.dukascopy.com:10443","d-ja-hk-110-05.dukascopy.ch:10443","d-ja-msk-10.dukascopy.com:10443","d-ja-hk-111-4.dukascopy.ch:10443"],"srp_versio":"1"}]
2020-02-20 08:00:24.207 INFO  com.dukascopy.api.impl.connect.AuthorizationClient - Auth step 3 response [ServerResponseObject [passwordServerResponse=Step3ServerResponse [serverResponse={"occasus":"rO0ABXNyABRqYXZhLnV0aWwuUHJvcGVydGllczkS0HpwNj6YAgABTAAIZGVmYXVsdHN0ABZMamF2\r\nYS91dGlsL1Byb3BlcnRpZX...","authApiURLs":["d-ja-gva-101-135-154.dukascopy.com:10443","d-ja-usa-e-97-4-b.dukascopy.com:10443","d-ja-sgn-04-a.dukascopy.com:10443","d-ja-jpn-04-a.dukascopy.com:10443","d-ja-hk-110-05.dukascopy.ch:10443","d-ja-msk-10.dukascopy.com:10443","d-ja-hk-111-4.dukascopy.ch:10443"],"srp_versio":"1"}], responseHeaderFields={Transfer-Encoding=[chunked], null=[HTTP/1.1 200], idle-session-ttl=[900000], CF-RAY=[567e9a67ba2ff2a4-WAW], Server=[cloudflare], Connection=[keep-alive], Client-Country=[PL], Pragma=[no-cache], Last-Modified=[Thu, 20 Feb 2020 07:00:22 GMT], Date=[Thu, 20 Feb 2020 07:00:23 GMT], CF-Cache-Status=[DYNAMIC], Cache-Control=[no-cache, must-revalidate, no-store, max-age=0], Access-Control-Allow-Credentials=[true], Client-IP=[37.47.204.122], Vary=[Accept-Encoding], Set-Cookie=[__cfduid=de27c07120f14435ef574d32f1243b3b91582182022; expires=Sat, 21-Mar-20 07:00:22 GMT; path=/; domain=.dukascopy.com; HttpOnly; SameSite=Lax], Expires=[Thu, 01 Jan 1970 00:00:00 GMT], Expect-CT=[max-age=604800, report-uri="https://report-uri.cloudflare.com/cdn-cgi/beacon/expect-ct"], Content-Type=[text/plain;charset=UTF-8]}]]
2020-02-20 08:00:24.349 INFO  com.dukascopy.api.impl.connect.AuthorizationClient - APIC: Ping API server URLs synchronously
2020-02-20 08:00:24.350 INFO  com.dukascopy.api.impl.connect.PingHelper - Selecting the best server...
2020-02-20 08:00:25.897 INFO  com.dukascopy.api.impl.connect.PingHelper - The ping start time=2020-02-20 08:00:25:897
2020-02-20 08:00:26.270 INFO  com.dukascopy.api.impl.connect.PingHelper - The ping end time=2020-02-20 08:00:26:270, the ping processing time=[373]ms
2020-02-20 08:00:26.270 DEBUG com.dukascopy.api.impl.connect.PingHelper - Best api url [d-ja-gva-101-135-154.dukascopy.com:10443] with time [89]
2020-02-20 08:00:26.271 INFO  com.dukascopy.dds2.greed.ping.ApiServerManager - APIC: The ping is finished, the fastest API server is saved: d-ja-gva-101-135-154.dukascopy.com:10443 (89 ms)
2020-02-20 08:00:26.271 DEBUG com.dukascopy.api.impl.connect.DCClientImpl - d-ja-gva-101-135-154.dukascopy.com:10443@e82ffa9c78b156751cd55a814a01b42b7aa507600764c9673d5e4b6f175a22a0
2020-02-20 08:00:26.273 DEBUG com.dukascopy.api.impl.connect.DCClientImpl - UserAgent: {"clientType":"DDS3_JFOREXSDK","javaVersion":"11.0.5","jvmVersion":"11.0.5+10-b520.17","clientVersion":"318.4.87","osName":"Linux"}
2020-02-20 08:00:26.826 INFO  com.dukascopy.dds2.greed.util.FilePathManager - WL info is unavailable. Use default App folder for Platform data:  /home/rudojs/JForex
2020-02-20 08:00:27.520 INFO  com.dukascopy.api.instrument.subscribe.InstrumentManager - InstrumentManager created.
2020-02-20 08:00:27.741 WARN  com.dukascopy.api.impl.connect.WLabelData - White Label Image is not received
2020-02-20 08:00:28.447 INFO  com.dukascopy.dds2.greed.connection.GreedClientAuthorizationProvider - !!!:Thread[(DDS2 Standalone Transport Client) ClientConnector,5,main]
2020-02-20 08:00:28.450 INFO  com.dukascopy.dds4.transport.client.netty.ClientConnector - Authorize task in queue, server address [d-ja-gva-101-135-154.dukascopy.com/194.8.15.154:10443], transport name [DDS2 Standalone Transport Client]
2020-02-20 08:00:28.522 INFO  com.dukascopy.dds2.greed.market.LiveCurrencyMarketManager - LiveCurrencyMarketManager started.
2020-02-20 08:00:28.965 INFO  singlejartest.Main - Connected
2020-02-20 08:00:28.976 INFO  com.dukascopy.dds2.greed.agent.indicator.AccountProvider - Account representation: com.dukascopy.api.impl.connect.PlatformAccountImpl@1b4379a4[
  currency=PLN
  leverage=100.0
  credit line=1578083.0
  equity=15823.52
  balance=15822.51
  base equity=15824.87
  use of leverage=0.0
  used margin=42.69000000000051
  account state=OK
  global=false
  account id=1958578
  instrument quotes={bCHF=3.99904577089154175376, EUR=4.26865168975, USD=3.956155, aUSD=3.97625235, bUSD=3.93606080, bJPY=0.03528928337681666258768, aCHF=4.04029096174363583599, aJPY=0.03565026538754650839596}
  
  Initial values:
  margin mode=0
  margin cut level=200
  stop loss level=0.0
  over the weekend leverage=30
  currency precision=2
  client ids=[1723066]
  client info set=[Client ID = 1723066, State = OK, Equity = 15823.52, Stop Loss Level = 9871.80, Currency = PLN]
]
2020-02-20 08:00:28.985 DEBUG com.dukascopy.api.impl.connect.DCClientImpl - Order group received for instrument [USD/JPY], adding instrument to the list of the subscribed instruments
2020-02-20 08:00:28.997 DEBUG com.dukascopy.api.impl.connect.DCClientImpl - Order group received for instrument [USD/CHF], adding instrument to the list of the subscribed instruments
2020-02-20 08:00:28.999 DEBUG com.dukascopy.api.impl.connect.DCClientImpl - Order group received for instrument [EUR/USD], adding instrument to the list of the subscribed instruments
2020-02-20 08:00:29.000 DEBUG com.dukascopy.api.impl.connect.DCClientImpl - Order group received for instrument [COPPER.CMD/USD], adding instrument to the list of the subscribed instruments
2020-02-20 08:00:29.088 INFO  com.dukascopy.api.instrument.subscribe.InstrumentManager - SUBSCRIBED INSTRUMENTS: [COPPER.CMD/USD, EUR/USD, USD/CHF, USD/JPY]
2020-02-20 08:00:29.088 INFO  com.dukascopy.api.instrument.subscribe.InstrumentManager - FULL DEPTH INSTRUMENTS: [USD/JPY]
2020-02-20 08:00:29.090 INFO  com.dukascopy.api.instrument.subscribe.InstrumentManager - SUBSCRIBED INSTRUMENTS: [COPPER.CMD/USD, EUR/USD, USD/CHF, USD/JPY]
2020-02-20 08:00:29.090 INFO  com.dukascopy.api.instrument.subscribe.InstrumentManager - FULL DEPTH INSTRUMENTS: [USD/CHF, USD/JPY]
2020-02-20 08:00:29.092 INFO  com.dukascopy.api.instrument.subscribe.InstrumentManager - SUBSCRIBED INSTRUMENTS: [COPPER.CMD/USD, EUR/USD, USD/CHF, USD/JPY]
2020-02-20 08:00:29.092 INFO  com.dukascopy.api.instrument.subscribe.InstrumentManager - FULL DEPTH INSTRUMENTS: [EUR/USD, USD/CHF, USD/JPY]
2020-02-20 08:00:29.094 INFO  com.dukascopy.api.instrument.subscribe.InstrumentManager - SUBSCRIBED INSTRUMENTS: [COPPER.CMD/USD, EUR/USD, USD/CHF, USD/JPY]
2020-02-20 08:00:29.094 INFO  com.dukascopy.api.instrument.subscribe.InstrumentManager - FULL DEPTH INSTRUMENTS: [COPPER.CMD/USD, EUR/USD, USD/CHF, USD/JPY]
2020-02-20 08:00:29.742 INFO  singlejartest.Main - Subscribing instruments...
2020-02-20 08:00:29.742 INFO  singlejartest.Main - Starting strategy
2020-02-20 08:00:29.764 INFO  com.dukascopy.dds4.transport.client.netty.TransportClient - Ticks are being transferred via UDP
2020-02-20 08:00:31.133 INFO  singlejartest.Main - Strategy started: 52
2020-02-20 08:00:37.342 DEBUG com.dukascopy.api.impl.connect.ActivityLogger - jah : [{"datumType":"message","message":"Strategy \"Strategy2\" Strategy ID: 9071533F88894656599471315458B991 is started at 2020-02-20 07:00:31.084 GMT on the local computer with no parameters","clientTime":"1582182031105","timestamp":"1582182031085"}]
2020-02-20 08:00:37.781 DEBUG com.dukascopy.api.impl.connect.ActivityLogger - Trade Log (200) : https://demo-login.dukascopy.com/platformweb/export/tradeLog.php?check=fffd07fffdfffdfffd25fffd56fffd7bfffd3dfffd712efffd&login=DEMO2iLGsh&tzOffsetSeconds=-3600
2020-02-20 08:00:41.289 ERROR com.dukascopy.api.impl.execution.TaskOnBar - Label not unique(code 1). (Order already exists) [sell]:label=sell;getId()=185389450;groupId=185389450;openingOrderId=722658309;pendingOrderId=null;pendingOrderCommand=null;parentOrderId=null;tpOrderId=null;slOrderId=null;state=FILLED;instrument=EUR/USD;openPrice=1.07893;requestedAmount=0.001;amount=0.001;lastServerRequest=NONE;awaitingResubmit=false;
fill history:
	[time=2020-02-20 06:58:20, price=1.07893, amount=0.001]
com.dukascopy.api.JFException: Label not unique(code 1). (Order already exists) [sell]:label=sell;getId()=185389450;groupId=185389450;openingOrderId=722658309;pendingOrderId=null;pendingOrderCommand=null;parentOrderId=null;tpOrderId=null;slOrderId=null;state=FILLED;instrument=EUR/USD;openPrice=1.07893;requestedAmount=0.001;amount=0.001;lastServerRequest=NONE;awaitingResubmit=false;
fill history:
	[time=2020-02-20 06:58:20, price=1.07893, amount=0.001]
	at com.dukascopy.api.impl.connect.OrdersInternalCollection.putToAllInstances(OrdersInternalCollection.java:180)
	at com.dukascopy.api.impl.connect.JForexEngineImpl.submitOrderMain(JForexEngineImpl.java:154)
	at com.dukascopy.api.impl.connect.JForexEngineImpl.submitOrder(JForexEngineImpl.java:306)
	at com.dukascopy.api.impl.connect.JForexEngineImpl.submitOrder(JForexEngineImpl.java:320)
	at com.dukascopy.api.impl.connect.JForexEngineImpl.submitOrder(JForexEngineImpl.java:333)
	at com.dukascopy.api.impl.connect.JForexEngineImpl.submitOrder(JForexEngineImpl.java:346)
	at com.dukascopy.api.impl.connect.JForexEngineImpl.submitOrder(JForexEngineImpl.java:370)
	at com.dukascopy.api.impl.connect.JForexEngineImpl.submitOrder(JForexEngineImpl.java:381)
	at singlejartest.Strategy2.onBar(Strategy2.java:70)
	at com.dukascopy.api.impl.execution.TaskOnBar.postData(TaskOnBar.java:85)
	at com.dukascopy.api.impl.execution.TaskOnBar.call(TaskOnBar.java:63)
	at com.dukascopy.api.impl.execution.TaskOnBar.call(TaskOnBar.java:23)
	at java.base/java.util.concurrent.FutureTask.run(FutureTask.java:264)
	at com.dukascopy.api.impl.execution.ScienceThreadPoolExecutor$Worker.runTask(ScienceThreadPoolExecutor.java:904)
	at com.dukascopy.api.impl.execution.ScienceThreadPoolExecutor$Worker.run(ScienceThreadPoolExecutor.java:926)
	at java.base/java.lang.Thread.run(Thread.java:834)
2020-02-20 08:00:41.292 ERROR com.dukascopy.api.impl.connect.DCClientImpl$DefaultStrategyExceptionHandler - Exception thrown while running onBar method: Label not unique(code 1). (Order already exists) [sell]:label=sell;getId()=185389450;groupId=185389450;openingOrderId=722658309;pendingOrderId=null;pendingOrderCommand=null;parentOrderId=null;tpOrderId=null;slOrderId=null;state=FILLED;instrument=EUR/USD;openPrice=1.07893;requestedAmount=0.001;amount=0.001;lastServerRequest=NONE;awaitingResubmit=false;
fill history:
	[time=2020-02-20 06:58:20, price=1.07893, amount=0.001]
com.dukascopy.api.JFException: Label not unique(code 1). (Order already exists) [sell]:label=sell;getId()=185389450;groupId=185389450;openingOrderId=722658309;pendingOrderId=null;pendingOrderCommand=null;parentOrderId=null;tpOrderId=null;slOrderId=null;state=FILLED;instrument=EUR/USD;openPrice=1.07893;requestedAmount=0.001;amount=0.001;lastServerRequest=NONE;awaitingResubmit=false;
fill history:
	[time=2020-02-20 06:58:20, price=1.07893, amount=0.001]
	at com.dukascopy.api.impl.connect.OrdersInternalCollection.putToAllInstances(OrdersInternalCollection.java:180)
	at com.dukascopy.api.impl.connect.JForexEngineImpl.submitOrderMain(JForexEngineImpl.java:154)
	at com.dukascopy.api.impl.connect.JForexEngineImpl.submitOrder(JForexEngineImpl.java:306)
	at com.dukascopy.api.impl.connect.JForexEngineImpl.submitOrder(JForexEngineImpl.java:320)
	at com.dukascopy.api.impl.connect.JForexEngineImpl.submitOrder(JForexEngineImpl.java:333)
	at com.dukascopy.api.impl.connect.JForexEngineImpl.submitOrder(JForexEngineImpl.java:346)
	at com.dukascopy.api.impl.connect.JForexEngineImpl.submitOrder(JForexEngineImpl.java:370)
	at com.dukascopy.api.impl.connect.JForexEngineImpl.submitOrder(JForexEngineImpl.java:381)
	at singlejartest.Strategy2.onBar(Strategy2.java:70)
	at com.dukascopy.api.impl.execution.TaskOnBar.postData(TaskOnBar.java:85)
	at com.dukascopy.api.impl.execution.TaskOnBar.call(TaskOnBar.java:63)
	at com.dukascopy.api.impl.execution.TaskOnBar.call(TaskOnBar.java:23)
	at java.base/java.util.concurrent.FutureTask.run(FutureTask.java:264)
	at com.dukascopy.api.impl.execution.ScienceThreadPoolExecutor$Worker.runTask(ScienceThreadPoolExecutor.java:904)
	at com.dukascopy.api.impl.execution.ScienceThreadPoolExecutor$Worker.run(ScienceThreadPoolExecutor.java:926)
	at java.base/java.lang.Thread.run(Thread.java:834)
2020-02-20 08:00:41.293 INFO  singlejartest.Main - Strategy stopped: 52
2020-02-20 08:00:41.294 DEBUG com.dukascopy.api.impl.connect.ActivityLogger - jah : [{"datumType":"message","message":"com.dukascopy.api.JFException: Label not unique(code 1). (Order already exists) [sell]:label=sell;getId()=185389450;groupId=185389450;openingOrderId=722658309;pendingOrderId=null;pendingOrderCommand=null;parentOrderId=null;tpOrderId=null;slOrderId=null;state=FILLED;instrument=EUR/USD;openPrice=1.07893;requestedAmount=0.001;amount=0.001;lastServerRequest=NONE;awaitingResubmit=false;\nfill history:\n\t[time=2020-02-20 06:58:20, price=1.07893, amount=0.001] @ singlejartest.Strategy2.onBar(Strategy2.java:70)","clientTime":"1582182041289","timestamp":"1582182041269"},{"datumType":"message","message":"Stopping \"Strategy2\" strategy at 2020-02-20 07:00:41.272 GMT on the local computer","clientTime":"1582182041292","timestamp":"1582182041272"}]
2020-02-20 08:00:41.879 DEBUG com.dukascopy.api.impl.connect.ActivityLogger - Trade Log (200) : https://demo-login.dukascopy.com/platformweb/export/tradeLog.php?check=fffd07fffdfffdfffd25fffd56fffd7bfffd3dfffd712efffd&login=DEMO2iLGsh&tzOffsetSeconds=-3600
