2020-02-25 21:11:21.028 INFO  singlejartest.Main - Connecting...
2020-02-25 21:11:21.309 INFO  com.dukascopy.api.impl.connect.AuthorizationClient - environment(jnlp.client.mode)=DEMO, platformInstanceId=null
2020-02-25 21:11:21.319 INFO  com.dukascopy.api.impl.connect.AuthorizationClient - Auth step 1 request [40BF1FC597D59FE4B6D25A19420D3F6C0A8F3704]
2020-02-25 21:11:21.321 DEBUG com.dukascopy.api.impl.connect.AuthorizationClient - >> [https://login.dukascopy.com/authorization-1/demo/auth?munus=srp_api&passus=1&sermo=2d2149a9-734e-4f68-b757-9198410df964&putent_genus=0&appello=40BF1FC597D59FE4B6D25A19420D3F6C0A8F3704&obsecro_id=10d3babf-3b40-4e9e-825d-702c15917722&srp_versio=1]
2020-02-25 21:11:22.205 DEBUG com.dukascopy.api.impl.connect.AuthorizationClient - << [{"B":"38322ea6e34c56bde31f4d3116cd4bcec4b1248ecbb1538b38631cb65f60aa7e16653532e6d6582756b20af9870126c161a135f33ab4bcb7979a96cc74b8d56ac18750221b33af8f9ffeea6934f98669bcdf6ee2659dec5b3c5486e8273e90b291aad74e72d1add1c4626be873e4dd6425d0937d243f6cc52d5c3d65df7ac8edca01bf2d0f5a7063d9e4f34acbcc4f40687e98a901ba6593db2e651f284166edd75088c96238ac4382e76e145d0fa57dfcb4351e13118043218e75d074f6e457bd250ddb070a3f5a53665fd7750c9a64d56bf0628198206273e85512e5151dd373b102170373f0eab0b38d36b706cf539685b7020be9a8d76ed51734b1e10049","S":"257d98375016167f8b4ed282eb304d51","G":"2","H":"SHA-256","K":"5b9e8ef059c6b32ea59fc1d322d37f04aa30bae5aa9003b8321e21ddb04e300","N":"ac6bdb41324a9a9bf166de5e1389582faf72b6651987ee07fc3192943db56050a37329cbb4a099ed8193e0757767a13dd52312ab4b03310dcd7f48a9da04fd50e8083969edb767b0cf6095179a163ab3661a05fbd5faaae82918a9962f0b93b855f97993ec975eeaa80d740adbf4ff747359d041d5c33ea71d281e446b14773bca97b43a23fb801676bd207a436c6481f1d2b9078717461a5b9d32e688f87748544523b524b0d57d5ea77a2775d2ecfa032cfbdbf52fb3786160279004e57ae6af874e7303ce53299ccc041c7bc308d82a5698f3a8d0c38271ae35f8e9dbfbb694b5c803d89f7ae435de236d525f54759b65e372fcd68ef20fa7111f9e4aff73","srp_versio":"1"}]
2020-02-25 21:11:22.207 INFO  com.dukascopy.api.impl.connect.AuthorizationClient - Auth step 1 response [ServerResponseObject [passwordServerResponse=Step1ServerResponse [serverPublicValueB=38322ea6e34c56bde31f4d3116cd4bcec4b1248ecbb1538b38631cb65f60aa7e16653532e6d6582756b20af9870126c161a135f33ab4bcb7979a96cc74b8d56ac18750221b33af8f9ffeea6934f98669bcdf6ee2659dec5b3c5486e8273e90b291aad74e72d1add1c4626be873e4dd6425d0937d243f6cc52d5c3d65df7ac8edca01bf2d0f5a7063d9e4f34acbcc4f40687e98a901ba6593db2e651f284166edd75088c96238ac4382e76e145d0fa57dfcb4351e13118043218e75d074f6e457bd250ddb070a3f5a53665fd7750c9a64d56bf0628198206273e85512e5151dd373b102170373f0eab0b38d36b706cf539685b7020be9a8d76ed51734b1e10049, saltS=257d98375016167f8b4ed282eb304d51, safePrimeN=ac6bdb41324a9a9bf166de5e1389582faf72b6651987ee07fc3192943db56050a37329cbb4a099ed8193e0757767a13dd52312ab4b03310dcd7f48a9da04fd50e8083969edb767b0cf6095179a163ab3661a05fbd5faaae82918a9962f0b93b855f97993ec975eeaa80d740adbf4ff747359d041d5c33ea71d281e446b14773bca97b43a23fb801676bd207a436c6481f1d2b9078717461a5b9d32e688f87748544523b524b0d57d5ea77a2775d2ecfa032cfbdbf52fb3786160279004e57ae6af874e7303ce53299ccc041c7bc308d82a5698f3a8d0c38271ae35f8e9dbfbb694b5c803d89f7ae435de236d525f54759b65e372fcd68ef20fa7111f9e4aff73, correspondingGeneratorG=2, hashAlgorithmH=SHA-256, srpProtocolVersion=1], ]]
2020-02-25 21:11:22.323 INFO  com.dukascopy.api.impl.connect.AuthorizationClient - Auth step 2 request A [20635163084549440808491019070476922752119434375353204915030388012367500267766837025112242992131497799857223547376225177152920537907262438795870506923220906315588218140355988239249805777832668174127268513857572932440458476375797648224127307079662594797925252782451866282294282795787490315551370085185835657621973998003185499369067659859631866055782831422924462192734797847850875278389321322636985801372395382843179687022945328711877421635674442920797317616656356624668090816432109483316950571380752364493245826798904262966447537216394748778864039475785483493836027120449117417496368731070462992396824808202835771585640], M1 [56811690858320080865828205322186823778003361332689166866739768651248212865720]
2020-02-25 21:11:22.325 DEBUG com.dukascopy.api.impl.connect.AuthorizationClient - >> [https://login.dukascopy.com/authorization-1/demo/auth?munus=srp_api&testimonium_nuntius=7d9a470ba0574a3939e8fcc39c3e568445168247028402722731f94bfacf72b8&passus=2&publicus_pendo=a37644380f5bdbe87e169fe9f92d9a0d7b4237b1e460ad68bd0c69200a52258dd40e3c6f449614b43a4920ff263c236b360e9dda2e7df257418b7280975cc62cab53d1b9d9fc1d640c153df4b59f0207a30adf884480afb5bf05c6c926b38ed0e1b2a29cef1048beb71a24e0a8930a9a720c657924181b2c1e2af999e5225b9e14aff2a528cceda5249dfa8020c94438029483057087df3e7b10c7ed871d972540a4ca66be008c2b58e87c4c0b7c930a938def95637213562e2b12eeff0632fd517010a8f0322a2fde40a478de2c65c8b3b4bf9915eb4151bc2c755150c27ac155f62093d2650bf7d4b23deb555be1ebcc7c6f92fd8c4054d2827ddfae00f468&sermo=2d2149a9-734e-4f68-b757-9198410df964&putent_genus=0&obsecro_id=10d3babf-3b40-4e9e-825d-702c15917722&srp_versio=1]
2020-02-25 21:11:22.810 DEBUG com.dukascopy.api.impl.connect.AuthorizationClient - << [{"M2":"dad5de8ad82c0f80fb626a4dcec770fd88590ac6e464fd738a80bbecc515c66d","srp_versio":"1"}]
2020-02-25 21:11:22.810 INFO  com.dukascopy.api.impl.connect.AuthorizationClient - Auth step 2 response [ServerResponseObject [passwordServerResponse=Step2ServerResponse [serverEvidenceMessageM2=dad5de8ad82c0f80fb626a4dcec770fd88590ac6e464fd738a80bbecc515c66d, srpProtocolVersion=1], ]]
2020-02-25 21:11:22.813 INFO  com.dukascopy.api.impl.connect.AuthorizationClient - Auth step 3 request
2020-02-25 21:11:22.813 DEBUG com.dukascopy.api.impl.connect.AuthorizationClient - >> [https://login.dukascopy.com/authorization-1/demo/auth?munus=srp_api&passus=3&sermo=2d2149a9-734e-4f68-b757-9198410df964&versio=318.4.87&willPing=true&occasus_content_vulgate=0&putent_genus=0&occasus=true&platform=DDS3_JFOREXSDK&obsecro_id=10d3babf-3b40-4e9e-825d-702c15917722&srp_versio=1]
2020-02-25 21:11:23.774 DEBUG com.dukascopy.api.impl.connect.AuthorizationClient - << [{"occasus":"rO0ABXNyABRqYXZhLnV0aWwuUHJvcGVydGllczkS0HpwNj6YAgABTAAIZGVmYXVsdHN0ABZMamF2\r\nYS91dGlsL1Byb3BlcnRpZX...","authApiURLs":["d-ja-gva-101-135-154.dukascopy.com:10443","d-ja-usa-e-96-4-a.dukascopy.com:10443","d-ja-sgn-04-a.dukascopy.com:10443","d-ja-jpn-102-100-c.dukascopy.com:10443","d-ja-hk-110-05.dukascopy.ch:10443","d-ja-msk-10.dukascopy.com:10443","d-ja-hk-111-4.dukascopy.ch:10443"],"srp_versio":"1"}]
2020-02-25 21:11:23.785 INFO  com.dukascopy.api.impl.connect.AuthorizationClient - Auth step 3 response [ServerResponseObject [passwordServerResponse=Step3ServerResponse [serverResponse={"occasus":"rO0ABXNyABRqYXZhLnV0aWwuUHJvcGVydGllczkS0HpwNj6YAgABTAAIZGVmYXVsdHN0ABZMamF2\r\nYS91dGlsL1Byb3BlcnRpZX...","authApiURLs":["d-ja-gva-101-135-154.dukascopy.com:10443","d-ja-usa-e-96-4-a.dukascopy.com:10443","d-ja-sgn-04-a.dukascopy.com:10443","d-ja-jpn-102-100-c.dukascopy.com:10443","d-ja-hk-110-05.dukascopy.ch:10443","d-ja-msk-10.dukascopy.com:10443","d-ja-hk-111-4.dukascopy.ch:10443"],"srp_versio":"1"}], responseHeaderFields={Transfer-Encoding=[chunked], null=[HTTP/1.1 200], idle-session-ttl=[900000], CF-RAY=[56ac53fc5a17cc77-WAW], Server=[cloudflare], Connection=[keep-alive], Client-Country=[PL], Pragma=[no-cache], Last-Modified=[Tue, 25 Feb 2020 20:11:23 GMT], Date=[Tue, 25 Feb 2020 20:11:23 GMT], CF-Cache-Status=[DYNAMIC], Cache-Control=[no-cache, must-revalidate, no-store, max-age=0], Access-Control-Allow-Credentials=[true], Client-IP=[37.47.205.155], Vary=[Accept-Encoding], Set-Cookie=[__cfduid=d8a1826277672fc0096f3353e2aaea5101582661482; expires=Thu, 26-Mar-20 20:11:22 GMT; path=/; domain=.dukascopy.com; HttpOnly; SameSite=Lax], Expires=[Thu, 01 Jan 1970 00:00:00 GMT], Expect-CT=[max-age=604800, report-uri="https://report-uri.cloudflare.com/cdn-cgi/beacon/expect-ct"], Content-Type=[text/plain;charset=UTF-8]}]]
2020-02-25 21:11:23.986 INFO  com.dukascopy.api.impl.connect.AuthorizationClient - APIC: Ping API server URLs synchronously
2020-02-25 21:11:23.987 INFO  com.dukascopy.api.impl.connect.PingHelper - Selecting the best server...
2020-02-25 21:11:24.312 INFO  com.dukascopy.api.impl.connect.PingHelper - The ping start time=2020-02-25 21:11:24:312
2020-02-25 21:11:24.664 INFO  com.dukascopy.api.impl.connect.PingHelper - The ping end time=2020-02-25 21:11:24:664, the ping processing time=[352]ms
2020-02-25 21:11:24.664 DEBUG com.dukascopy.api.impl.connect.PingHelper - Best api url [d-ja-gva-101-135-154.dukascopy.com:10443] with time [63]
2020-02-25 21:11:24.665 INFO  com.dukascopy.dds2.greed.ping.ApiServerManager - APIC: The ping is finished, the fastest API server is saved: d-ja-gva-101-135-154.dukascopy.com:10443 (63 ms)
2020-02-25 21:11:24.665 DEBUG com.dukascopy.api.impl.connect.DCClientImpl - d-ja-gva-101-135-154.dukascopy.com:10443@4c9d983545e3169c8258bb91d89d1d193fd8f7e243b5f0150a708e95a941ef68
2020-02-25 21:11:24.668 DEBUG com.dukascopy.api.impl.connect.DCClientImpl - UserAgent: {"clientType":"DDS3_JFOREXSDK","javaVersion":"11.0.5","jvmVersion":"11.0.5+10-b520.17","clientVersion":"318.4.87","osName":"Linux"}
2020-02-25 21:11:25.443 INFO  com.dukascopy.dds2.greed.util.FilePathManager - WL info is unavailable. Use default App folder for Platform data:  /home/rudojs/JForex
2020-02-25 21:11:26.012 INFO  com.dukascopy.api.instrument.subscribe.InstrumentManager - InstrumentManager created.
2020-02-25 21:11:26.311 WARN  com.dukascopy.api.impl.connect.WLabelData - White Label Image is not received
2020-02-25 21:11:26.679 INFO  com.dukascopy.dds2.greed.connection.GreedClientAuthorizationProvider - !!!:Thread[(DDS2 Standalone Transport Client) ClientConnector,5,main]
2020-02-25 21:11:26.681 INFO  com.dukascopy.dds4.transport.client.netty.ClientConnector - Authorize task in queue, server address [d-ja-gva-101-135-154.dukascopy.com/194.8.15.154:10443], transport name [DDS2 Standalone Transport Client]
2020-02-25 21:11:26.777 INFO  com.dukascopy.dds2.greed.market.LiveCurrencyMarketManager - LiveCurrencyMarketManager started.
2020-02-25 21:11:27.225 INFO  singlejartest.Main - Connected
2020-02-25 21:11:27.242 INFO  com.dukascopy.dds2.greed.agent.indicator.AccountProvider - Account representation: com.dukascopy.api.impl.connect.PlatformAccountImpl@4642ec9a[
  currency=PLN
  leverage=100.0
  credit line=1376594.0
  equity=13809.0
  balance=13811.16
  base equity=13809.05
  use of leverage=0.0
  used margin=43.05999999999949
  account state=OK
  global=false
  account id=1958578
  instrument quotes={bCHF=4.03384300610480443680, EUR=4.30607217255, USD=3.95846, aUSD=3.97876485, bUSD=3.93816025, bJPY=0.03576536631217589400315, aCHF=4.07580988332189516177, aJPY=0.03613511143604461190535}
  
  Initial values:
  margin mode=0
  margin cut level=200
  stop loss level=0.0
  over the weekend leverage=50
  currency precision=2
  client ids=[1723066]
  client info set=[Client ID = 1723066, State = OK, Equity = 13809.00, Stop Loss Level = 9871.80, Currency = PLN]
]
2020-02-25 21:11:27.256 DEBUG com.dukascopy.api.impl.connect.DCClientImpl - Order group received for instrument [USD/JPY], adding instrument to the list of the subscribed instruments
2020-02-25 21:11:27.274 DEBUG com.dukascopy.api.impl.connect.DCClientImpl - Order group received for instrument [USD/CHF], adding instrument to the list of the subscribed instruments
2020-02-25 21:11:27.276 DEBUG com.dukascopy.api.impl.connect.DCClientImpl - Order group received for instrument [EUR/USD], adding instrument to the list of the subscribed instruments
2020-02-25 21:11:27.277 DEBUG com.dukascopy.api.impl.connect.DCClientImpl - Order group received for instrument [COPPER.CMD/USD], adding instrument to the list of the subscribed instruments
2020-02-25 21:11:27.312 INFO  singlejartest.Main - Subscribing instruments...
2020-02-25 21:11:27.313 INFO  singlejartest.Main - Starting strategy
2020-02-25 21:11:27.339 INFO  com.dukascopy.api.instrument.subscribe.InstrumentManager - SUBSCRIBED INSTRUMENTS: [COPPER.CMD/USD, EUR/USD, USD/CHF, USD/JPY]
2020-02-25 21:11:27.340 INFO  com.dukascopy.api.instrument.subscribe.InstrumentManager - FULL DEPTH INSTRUMENTS: [USD/JPY]
2020-02-25 21:11:27.348 INFO  com.dukascopy.api.instrument.subscribe.InstrumentManager - SUBSCRIBED INSTRUMENTS: [COPPER.CMD/USD, EUR/USD, USD/CHF, USD/JPY]
2020-02-25 21:11:27.348 INFO  com.dukascopy.api.instrument.subscribe.InstrumentManager - FULL DEPTH INSTRUMENTS: [USD/CHF, USD/JPY]
2020-02-25 21:11:27.352 INFO  com.dukascopy.api.instrument.subscribe.InstrumentManager - SUBSCRIBED INSTRUMENTS: [COPPER.CMD/USD, EUR/USD, USD/CHF, USD/JPY]
2020-02-25 21:11:27.352 INFO  com.dukascopy.api.instrument.subscribe.InstrumentManager - FULL DEPTH INSTRUMENTS: [EUR/USD, USD/CHF, USD/JPY]
2020-02-25 21:11:27.355 INFO  com.dukascopy.api.instrument.subscribe.InstrumentManager - SUBSCRIBED INSTRUMENTS: [COPPER.CMD/USD, EUR/USD, USD/CHF, USD/JPY]
2020-02-25 21:11:27.355 INFO  com.dukascopy.api.instrument.subscribe.InstrumentManager - FULL DEPTH INSTRUMENTS: [COPPER.CMD/USD, EUR/USD, USD/CHF, USD/JPY]
2020-02-25 21:11:27.381 INFO  com.dukascopy.api.instrument.subscribe.InstrumentManager - FULL DEPTH INSTRUMENTS: [COPPER.CMD/USD, EUR/USD, USD/CHF, USD/JPY]
2020-02-25 21:11:27.952 INFO  com.dukascopy.dds4.transport.client.netty.TransportClient - Ticks are being transferred via UDP
2020-02-25 21:12:27.811 DEBUG com.dukascopy.api.impl.connect.ActivityLogger - jah : [{"datumType":"message","message":"Strategy \"Strategy2\" Strategy ID: B7D372826FA2C8A724C11FD018B7BE77 is started at 2020-02-25 20:11:29.488 GMT on the local computer with no parameters","clientTime":"1582661489357","timestamp":"1582661489489"}]
2020-02-25 21:12:27.843 WARN  com.dukascopy.charts.data.datacache.time.TimeManager - Local time was changed, was<2020-02-25 20:11:29:419>, now<2020-02-25 20:12:27:809>
2020-02-25 21:12:27.848 WARN  com.dukascopy.charts.data.datacache.CurvesJsonProtocolHandler - Data downloaded in [58475.796532] milliseconds, size [22], first data time [2020.02.01 00:00:00 000], last data time [2020.02.25 20:11:20 000], request - instrument [USD/JPY] period [null] side [null] from [292269055.12.02 16:47:04 192] to [2020.02.25 20:11:29 195]
2020-02-25 21:12:27.849 ERROR com.dukascopy.api.impl.connect.DCClientImpl$DefaultStrategyExceptionHandler - Exception thrown while running onStart method: Label not unique(code 1). (Order already exists) [buy]:label=buy;getId()=185588924;groupId=185588924;openingOrderId=723724787;pendingOrderId=null;pendingOrderCommand=null;parentOrderId=null;tpOrderId=723724789;slOrderId=723724788;state=FILLED;instrument=EUR/USD;openPrice=1.08774;requestedAmount=0.001;amount=0.001;lastServerRequest=NONE;awaitingResubmit=false;
fill history:
	[time=2020-02-25 20:07:09, price=1.08774, amount=0.001]
com.dukascopy.api.JFException: Label not unique(code 1). (Order already exists) [buy]:label=buy;getId()=185588924;groupId=185588924;openingOrderId=723724787;pendingOrderId=null;pendingOrderCommand=null;parentOrderId=null;tpOrderId=723724789;slOrderId=723724788;state=FILLED;instrument=EUR/USD;openPrice=1.08774;requestedAmount=0.001;amount=0.001;lastServerRequest=NONE;awaitingResubmit=false;
fill history:
	[time=2020-02-25 20:07:09, price=1.08774, amount=0.001]
	at com.dukascopy.api.impl.connect.OrdersInternalCollection.putToAllInstances(OrdersInternalCollection.java:180)
	at com.dukascopy.api.impl.connect.JForexEngineImpl.submitOrderMain(JForexEngineImpl.java:154)
	at com.dukascopy.api.impl.connect.JForexEngineImpl.submitOrder(JForexEngineImpl.java:306)
	at com.dukascopy.api.impl.connect.JForexEngineImpl.submitOrder(JForexEngineImpl.java:320)
	at com.dukascopy.api.impl.connect.JForexEngineImpl.submitOrder(JForexEngineImpl.java:333)
	at singlejartest.Strategy2.openOrder(Strategy2.java:108)
	at singlejartest.Strategy2.onStart(Strategy2.java:46)
	at com.dukascopy.api.impl.execution.TaskStart.call(TaskStart.java:30)
	at com.dukascopy.api.impl.execution.TaskStart.call(TaskStart.java:15)
	at com.dukascopy.api.impl.connect.JFRunnableProcessor.onStart(JFRunnableProcessor.java:140)
	at com.dukascopy.api.impl.connect.JForexTaskManager.lambda$executeStart$0(JForexTaskManager.java:877)
	at com.dukascopy.api.impl.execution.TaskCustom.call(TaskCustom.java:34)
	at java.base/java.util.concurrent.FutureTask.run$$$capture(FutureTask.java:264)
	at java.base/java.util.concurrent.FutureTask.run(FutureTask.java)
	at com.dukascopy.api.impl.execution.ScienceThreadPoolExecutor$Worker.runTask(ScienceThreadPoolExecutor.java:904)
	at com.dukascopy.api.impl.execution.ScienceThreadPoolExecutor$Worker.run(ScienceThreadPoolExecutor.java:926)
	at java.base/java.lang.Thread.run(Thread.java:834)
2020-02-25 21:12:27.855 INFO  singlejartest.Main - Strategy stopped: 53
2020-02-25 21:12:27.857 DEBUG com.dukascopy.api.impl.connect.ActivityLogger - jah : [{"datumType":"message","message":"com.dukascopy.api.JFException: Label not unique(code 1). (Order already exists) [buy]:label=buy;getId()=185588924;groupId=185588924;openingOrderId=723724787;pendingOrderId=null;pendingOrderCommand=null;parentOrderId=null;tpOrderId=723724789;slOrderId=723724788;state=FILLED;instrument=EUR/USD;openPrice=1.08774;requestedAmount=0.001;amount=0.001;lastServerRequest=NONE;awaitingResubmit=false;\nfill history:\n\t[time=2020-02-25 20:07:09, price=1.08774, amount=0.001] @ com.dukascopy.api.impl.connect.OrdersInternalCollection.putToAllInstances(OrdersInternalCollection.java:180)","clientTime":"1582661547848","timestamp":"1582661490255"},{"datumType":"message","message":"Stopping \"Strategy2\" strategy at 2020-02-25 20:11:30.260 GMT on the local computer","clientTime":"1582661547853","timestamp":"1582661490260"}]
2020-02-25 21:12:28.209 DEBUG com.dukascopy.api.impl.connect.ActivityLogger - Trade Log (200) : https://demo-login.dukascopy.com/platformweb/export/tradeLog.php?check=fffd07fffdfffdfffd25fffd56fffd7bfffd3dfffd712efffd&login=DEMO2iLGsh&tzOffsetSeconds=-3600
2020-02-25 21:12:28.216 DEBUG com.dukascopy.api.impl.connect.ActivityLogger - Trade Log (200) : https://demo-login.dukascopy.com/platformweb/export/tradeLog.php?check=fffd07fffdfffdfffd25fffd56fffd7bfffd3dfffd712efffd&login=DEMO2iLGsh&tzOffsetSeconds=-3600
