2020-02-25 21:10:12.962 INFO  singlejartest.Main - Connecting...
2020-02-25 21:10:13.371 INFO  com.dukascopy.api.impl.connect.AuthorizationClient - environment(jnlp.client.mode)=DEMO, platformInstanceId=null
2020-02-25 21:10:13.386 INFO  com.dukascopy.api.impl.connect.AuthorizationClient - Auth step 1 request [40BF1FC597D59FE4B6D25A19420D3F6C0A8F3704]
2020-02-25 21:10:13.388 DEBUG com.dukascopy.api.impl.connect.AuthorizationClient - >> [https://login.dukascopy.com/authorization-1/demo/auth?munus=srp_api&passus=1&sermo=4d752e98-be56-4122-a3f7-566497873418&putent_genus=0&appello=40BF1FC597D59FE4B6D25A19420D3F6C0A8F3704&obsecro_id=e691fdff-efe1-4a36-9ec1-e2df643f2672&srp_versio=1]
2020-02-25 21:10:14.210 DEBUG com.dukascopy.api.impl.connect.AuthorizationClient - << [{"B":"8cf1305b10ddf2fdffefa029e8c6554a07c6b233ff8a764289bb3e4490f6bd88a4e5f09ec1a65cd5c27098d448610a58b6b4d7f70251de58225162c0b461404071a093470418d2e38d56f59ea85abf8acd2ae240c4ec2cced5a88c93eabf7bb4317de77dbf81ada6cbfc90c37155bf356eece55340517b96fbbe814f9444d03a4d5749e4ac719f6e602a169f7d32661c7d6123545a8b887c616cf56387b4bbf63a9f3170ffdd34b8a633ca3a6e049f94bce8b14679694564b7a67b147d549b79b0d932add4a1d14b9811215eb5a699e693f7db398b580b8fe91c21578caad7b74e4c192d55c70d232b34d6565ce94c2146057eaae8d0df996b15ab391e3c561b","S":"33d386f68d1aff84716defc02bf7fb19","G":"2","H":"SHA-256","K":"5b9e8ef059c6b32ea59fc1d322d37f04aa30bae5aa9003b8321e21ddb04e300","N":"ac6bdb41324a9a9bf166de5e1389582faf72b6651987ee07fc3192943db56050a37329cbb4a099ed8193e0757767a13dd52312ab4b03310dcd7f48a9da04fd50e8083969edb767b0cf6095179a163ab3661a05fbd5faaae82918a9962f0b93b855f97993ec975eeaa80d740adbf4ff747359d041d5c33ea71d281e446b14773bca97b43a23fb801676bd207a436c6481f1d2b9078717461a5b9d32e688f87748544523b524b0d57d5ea77a2775d2ecfa032cfbdbf52fb3786160279004e57ae6af874e7303ce53299ccc041c7bc308d82a5698f3a8d0c38271ae35f8e9dbfbb694b5c803d89f7ae435de236d525f54759b65e372fcd68ef20fa7111f9e4aff73","srp_versio":"1"}]
2020-02-25 21:10:14.211 INFO  com.dukascopy.api.impl.connect.AuthorizationClient - Auth step 1 response [ServerResponseObject [passwordServerResponse=Step1ServerResponse [serverPublicValueB=8cf1305b10ddf2fdffefa029e8c6554a07c6b233ff8a764289bb3e4490f6bd88a4e5f09ec1a65cd5c27098d448610a58b6b4d7f70251de58225162c0b461404071a093470418d2e38d56f59ea85abf8acd2ae240c4ec2cced5a88c93eabf7bb4317de77dbf81ada6cbfc90c37155bf356eece55340517b96fbbe814f9444d03a4d5749e4ac719f6e602a169f7d32661c7d6123545a8b887c616cf56387b4bbf63a9f3170ffdd34b8a633ca3a6e049f94bce8b14679694564b7a67b147d549b79b0d932add4a1d14b9811215eb5a699e693f7db398b580b8fe91c21578caad7b74e4c192d55c70d232b34d6565ce94c2146057eaae8d0df996b15ab391e3c561b, saltS=33d386f68d1aff84716defc02bf7fb19, safePrimeN=ac6bdb41324a9a9bf166de5e1389582faf72b6651987ee07fc3192943db56050a37329cbb4a099ed8193e0757767a13dd52312ab4b03310dcd7f48a9da04fd50e8083969edb767b0cf6095179a163ab3661a05fbd5faaae82918a9962f0b93b855f97993ec975eeaa80d740adbf4ff747359d041d5c33ea71d281e446b14773bca97b43a23fb801676bd207a436c6481f1d2b9078717461a5b9d32e688f87748544523b524b0d57d5ea77a2775d2ecfa032cfbdbf52fb3786160279004e57ae6af874e7303ce53299ccc041c7bc308d82a5698f3a8d0c38271ae35f8e9dbfbb694b5c803d89f7ae435de236d525f54759b65e372fcd68ef20fa7111f9e4aff73, correspondingGeneratorG=2, hashAlgorithmH=SHA-256, srpProtocolVersion=1], ]]
2020-02-25 21:10:14.328 INFO  com.dukascopy.api.impl.connect.AuthorizationClient - Auth step 2 request A [4520184027836943517323704222407184071977470591656251227955218177817082024287117409740840228022242103746578028723676929759052436878755405391847002615466576210319301861642567605531529608332043827983675891129011220380453793931187205333291668952302368446295901984113955895377416683140532771217921646836163008266813473942027895175049665360729337741815211271223875172282301470084154939890946829456220592105191357463398181176134135443633958175199764267461910130513384776455131104324613527696701388896532745334819481168604132577740877280773170494858486917071203872840984975135657676346283447051188522191718948278691640881898], M1 [10073174669690650458474485681991858637056215469773556862939647693063118972539]
2020-02-25 21:10:14.328 DEBUG com.dukascopy.api.impl.connect.AuthorizationClient - >> [https://login.dukascopy.com/authorization-1/demo/auth?munus=srp_api&testimonium_nuntius=164536fe6aeb4dbff6a36c49571cff8bb45b90052a5069d86f998632d53ce67b&passus=2&publicus_pendo=23ce877af27a7cbbe6ad16699745b1240ef4a6212245e7f3758a800f2f4951aa43f265a0c84f9f8859afc7bbdcf57320cd541cbc5f3fcea6bc6640ef7019a3e59bc741a5729e11a9afcee43655f94eaa5bb52cdb7beb0c03f1d7beb2ff9a07e2b86182f56a1f32cb8dbe88fb7fc56f2eca7cc4d73dfdb4216214ca5a0c582fbf3784d19caaea2d2654632cb4aabda4a45e6121362c51576ed15b2467feede6a7e44c335d39c10eb0821a9dbf60e0471348157ecf257f501bb6c222d3f8527169a62675faa1975d0f4b354f7d9fbd2d95732ccdd7009c88448fae213fa7ebefe1a3cc7f9a1ee7d0ca17345b4d3568d023f679b17624deca3e3140de08212bb2ea&sermo=4d752e98-be56-4122-a3f7-566497873418&putent_genus=0&obsecro_id=e691fdff-efe1-4a36-9ec1-e2df643f2672&srp_versio=1]
2020-02-25 21:10:14.816 DEBUG com.dukascopy.api.impl.connect.AuthorizationClient - << [{"M2":"ebfa27ab60d0d7a126f3bb44d448df56675621ff2dbbdcb5ff95f93fc135b3b1","srp_versio":"1"}]
2020-02-25 21:10:14.817 INFO  com.dukascopy.api.impl.connect.AuthorizationClient - Auth step 2 response [ServerResponseObject [passwordServerResponse=Step2ServerResponse [serverEvidenceMessageM2=ebfa27ab60d0d7a126f3bb44d448df56675621ff2dbbdcb5ff95f93fc135b3b1, srpProtocolVersion=1], ]]
2020-02-25 21:10:14.819 INFO  com.dukascopy.api.impl.connect.AuthorizationClient - Auth step 3 request
2020-02-25 21:10:14.819 DEBUG com.dukascopy.api.impl.connect.AuthorizationClient - >> [https://login.dukascopy.com/authorization-1/demo/auth?munus=srp_api&passus=3&sermo=4d752e98-be56-4122-a3f7-566497873418&versio=318.4.87&willPing=true&occasus_content_vulgate=0&putent_genus=0&occasus=true&platform=DDS3_JFOREXSDK&obsecro_id=e691fdff-efe1-4a36-9ec1-e2df643f2672&srp_versio=1]
2020-02-25 21:10:15.741 DEBUG com.dukascopy.api.impl.connect.AuthorizationClient - << [{"occasus":"rO0ABXNyABRqYXZhLnV0aWwuUHJvcGVydGllczkS0HpwNj6YAgABTAAIZGVmYXVsdHN0ABZMamF2\r\nYS91dGlsL1Byb3BlcnRpZX...","authApiURLs":["d-ja-gva-101-135-154.dukascopy.com:10443","d-ja-usa-e-96-4-a.dukascopy.com:10443","d-ja-sgn-04-b.dukascopy.com:10443","d-ja-jpn-102-100-c.dukascopy.com:10443","d-ja-hk-110-05.dukascopy.ch:10443","d-ja-msk-10.dukascopy.com:10443","d-ja-hk-111-4.dukascopy.ch:10443"],"srp_versio":"1"}]
2020-02-25 21:10:15.762 INFO  com.dukascopy.api.impl.connect.AuthorizationClient - Auth step 3 response [ServerResponseObject [passwordServerResponse=Step3ServerResponse [serverResponse={"occasus":"rO0ABXNyABRqYXZhLnV0aWwuUHJvcGVydGllczkS0HpwNj6YAgABTAAIZGVmYXVsdHN0ABZMamF2\r\nYS91dGlsL1Byb3BlcnRpZX...","authApiURLs":["d-ja-gva-101-135-154.dukascopy.com:10443","d-ja-usa-e-96-4-a.dukascopy.com:10443","d-ja-sgn-04-b.dukascopy.com:10443","d-ja-jpn-102-100-c.dukascopy.com:10443","d-ja-hk-110-05.dukascopy.ch:10443","d-ja-msk-10.dukascopy.com:10443","d-ja-hk-111-4.dukascopy.ch:10443"],"srp_versio":"1"}], responseHeaderFields={Transfer-Encoding=[chunked], null=[HTTP/1.1 200], idle-session-ttl=[900000], CF-RAY=[56ac52537907f2a8-WAW], Server=[cloudflare], Connection=[keep-alive], Client-Country=[PL], Pragma=[no-cache], Last-Modified=[Tue, 25 Feb 2020 20:10:15 GMT], Date=[Tue, 25 Feb 2020 20:10:15 GMT], CF-Cache-Status=[DYNAMIC], Cache-Control=[no-cache, must-revalidate, no-store, max-age=0], Access-Control-Allow-Credentials=[true], Client-IP=[37.47.205.155], Vary=[Accept-Encoding], Set-Cookie=[__cfduid=def16b96e5b66715b4e477c09e919b8061582661414; expires=Thu, 26-Mar-20 20:10:14 GMT; path=/; domain=.dukascopy.com; HttpOnly; SameSite=Lax], Expires=[Thu, 01 Jan 1970 00:00:00 GMT], Expect-CT=[max-age=604800, report-uri="https://report-uri.cloudflare.com/cdn-cgi/beacon/expect-ct"], Content-Type=[text/plain;charset=UTF-8]}]]
2020-02-25 21:10:16.002 INFO  com.dukascopy.api.impl.connect.AuthorizationClient - APIC: Ping API server URLs synchronously
2020-02-25 21:10:16.003 INFO  com.dukascopy.api.impl.connect.PingHelper - Selecting the best server...
2020-02-25 21:10:16.022 INFO  com.dukascopy.api.impl.connect.PingHelper - The ping start time=2020-02-25 21:10:16:022
2020-02-25 21:10:16.394 INFO  com.dukascopy.api.impl.connect.PingHelper - The ping end time=2020-02-25 21:10:16:394, the ping processing time=[372]ms
2020-02-25 21:10:16.394 DEBUG com.dukascopy.api.impl.connect.PingHelper - Best api url [d-ja-gva-101-135-154.dukascopy.com:10443] with time [72]
2020-02-25 21:10:16.395 INFO  com.dukascopy.dds2.greed.ping.ApiServerManager - APIC: The ping is finished, the fastest API server is saved: d-ja-gva-101-135-154.dukascopy.com:10443 (72 ms)
2020-02-25 21:10:16.395 DEBUG com.dukascopy.api.impl.connect.DCClientImpl - d-ja-gva-101-135-154.dukascopy.com:10443@cc748247e5d12f07444d47380a737386ba41d783b7b5c75313f5427599bae5bb
2020-02-25 21:10:16.396 DEBUG com.dukascopy.api.impl.connect.DCClientImpl - UserAgent: {"clientType":"DDS3_JFOREXSDK","javaVersion":"11.0.5","jvmVersion":"11.0.5+10-b520.17","clientVersion":"318.4.87","osName":"Linux"}
2020-02-25 21:10:16.983 INFO  com.dukascopy.dds2.greed.util.FilePathManager - WL info is unavailable. Use default App folder for Platform data:  /home/rudojs/JForex
2020-02-25 21:10:17.445 INFO  com.dukascopy.api.instrument.subscribe.InstrumentManager - InstrumentManager created.
2020-02-25 21:10:17.686 WARN  com.dukascopy.api.impl.connect.WLabelData - White Label Image is not received
2020-02-25 21:10:18.109 INFO  com.dukascopy.dds2.greed.connection.GreedClientAuthorizationProvider - !!!:Thread[(DDS2 Standalone Transport Client) ClientConnector,5,main]
2020-02-25 21:10:18.112 INFO  com.dukascopy.dds4.transport.client.netty.ClientConnector - Authorize task in queue, server address [d-ja-gva-101-135-154.dukascopy.com/194.8.15.154:10443], transport name [DDS2 Standalone Transport Client]
2020-02-25 21:10:18.190 INFO  com.dukascopy.dds2.greed.market.LiveCurrencyMarketManager - LiveCurrencyMarketManager started.
2020-02-25 21:10:18.585 INFO  singlejartest.Main - Connected
2020-02-25 21:10:18.599 INFO  com.dukascopy.dds2.greed.agent.indicator.AccountProvider - Account representation: com.dukascopy.api.impl.connect.PlatformAccountImpl@46b92f7a[
  currency=PLN
  leverage=100.0
  credit line=1376554.0
  equity=13808.6
  balance=13811.16
  base equity=13809.05
  use of leverage=0.0
  used margin=43.05999999999949
  account state=OK
  global=false
  account id=1958578
  instrument quotes={bCHF=4.03399998975819132625, EUR=4.30626369175, USD=3.95900, aUSD=3.97924725, bUSD=3.93875725, bJPY=0.03576591586001489134495, aCHF=4.07584477107446580120, aJPY=0.03613456998083960829300}
  
  Initial values:
  margin mode=0
  margin cut level=200
  stop loss level=0.0
  over the weekend leverage=50
  currency precision=2
  client ids=[1723066]
  client info set=[Client ID = 1723066, State = OK, Equity = 13808.60, Stop Loss Level = 9871.80, Currency = PLN]
]
2020-02-25 21:10:18.608 DEBUG com.dukascopy.api.impl.connect.DCClientImpl - Order group received for instrument [USD/JPY], adding instrument to the list of the subscribed instruments
2020-02-25 21:10:18.622 DEBUG com.dukascopy.api.impl.connect.DCClientImpl - Order group received for instrument [USD/CHF], adding instrument to the list of the subscribed instruments
2020-02-25 21:10:18.623 DEBUG com.dukascopy.api.impl.connect.DCClientImpl - Order group received for instrument [EUR/USD], adding instrument to the list of the subscribed instruments
2020-02-25 21:10:18.625 DEBUG com.dukascopy.api.impl.connect.DCClientImpl - Order group received for instrument [COPPER.CMD/USD], adding instrument to the list of the subscribed instruments
2020-02-25 21:10:18.687 INFO  singlejartest.Main - Subscribing instruments...
2020-02-25 21:10:18.688 INFO  singlejartest.Main - Starting strategy
2020-02-25 21:10:18.700 INFO  com.dukascopy.api.instrument.subscribe.InstrumentManager - SUBSCRIBED INSTRUMENTS: [COPPER.CMD/USD, EUR/USD, USD/CHF, USD/JPY]
2020-02-25 21:10:18.700 INFO  com.dukascopy.api.instrument.subscribe.InstrumentManager - FULL DEPTH INSTRUMENTS: [USD/JPY]
2020-02-25 21:10:18.712 INFO  com.dukascopy.api.instrument.subscribe.InstrumentManager - SUBSCRIBED INSTRUMENTS: [COPPER.CMD/USD, EUR/USD, USD/CHF, USD/JPY]
2020-02-25 21:10:18.712 INFO  com.dukascopy.api.instrument.subscribe.InstrumentManager - FULL DEPTH INSTRUMENTS: [USD/CHF, USD/JPY]
2020-02-25 21:10:18.713 INFO  com.dukascopy.api.instrument.subscribe.InstrumentManager - SUBSCRIBED INSTRUMENTS: [COPPER.CMD/USD, EUR/USD, USD/CHF, USD/JPY]
2020-02-25 21:10:18.713 INFO  com.dukascopy.api.instrument.subscribe.InstrumentManager - FULL DEPTH INSTRUMENTS: [EUR/USD, USD/CHF, USD/JPY]
2020-02-25 21:10:18.714 INFO  com.dukascopy.api.instrument.subscribe.InstrumentManager - SUBSCRIBED INSTRUMENTS: [COPPER.CMD/USD, EUR/USD, USD/CHF, USD/JPY]
2020-02-25 21:10:18.714 INFO  com.dukascopy.api.instrument.subscribe.InstrumentManager - FULL DEPTH INSTRUMENTS: [COPPER.CMD/USD, EUR/USD, USD/CHF, USD/JPY]
2020-02-25 21:10:19.099 INFO  com.dukascopy.api.instrument.subscribe.InstrumentManager - FULL DEPTH INSTRUMENTS: [COPPER.CMD/USD, EUR/USD, USD/CHF, USD/JPY]
2020-02-25 21:10:19.122 INFO  com.dukascopy.dds4.transport.client.netty.TransportClient - Ticks are being transferred via UDP
2020-02-25 21:10:20.743 ERROR com.dukascopy.api.impl.connect.DCClientImpl$DefaultStrategyExceptionHandler - Exception thrown while running onStart method: Label not unique(code 1). (Order already exists) [buy]:label=buy;getId()=185588924;groupId=185588924;openingOrderId=723724787;pendingOrderId=null;pendingOrderCommand=null;parentOrderId=null;tpOrderId=723724789;slOrderId=723724788;state=FILLED;instrument=EUR/USD;openPrice=1.08774;requestedAmount=0.001;amount=0.001;lastServerRequest=NONE;awaitingResubmit=false;
fill history:
	[time=2020-02-25 20:07:09, price=1.08774, amount=0.001]
com.dukascopy.api.JFException: Label not unique(code 1). (Order already exists) [buy]:label=buy;getId()=185588924;groupId=185588924;openingOrderId=723724787;pendingOrderId=null;pendingOrderCommand=null;parentOrderId=null;tpOrderId=723724789;slOrderId=723724788;state=FILLED;instrument=EUR/USD;openPrice=1.08774;requestedAmount=0.001;amount=0.001;lastServerRequest=NONE;awaitingResubmit=false;
fill history:
	[time=2020-02-25 20:07:09, price=1.08774, amount=0.001]
	at com.dukascopy.api.impl.connect.OrdersInternalCollection.putToAllInstances(OrdersInternalCollection.java:180)
	at com.dukascopy.api.impl.connect.JForexEngineImpl.submitOrderMain(JForexEngineImpl.java:154)
	at com.dukascopy.api.impl.connect.JForexEngineImpl.submitOrder(JForexEngineImpl.java:306)
	at com.dukascopy.api.impl.connect.JForexEngineImpl.submitOrder(JForexEngineImpl.java:320)
	at com.dukascopy.api.impl.connect.JForexEngineImpl.submitOrder(JForexEngineImpl.java:333)
	at singlejartest.Strategy2.openOrder(Strategy2.java:108)
	at singlejartest.Strategy2.onStart(Strategy2.java:46)
	at com.dukascopy.api.impl.execution.TaskStart.call(TaskStart.java:30)
	at com.dukascopy.api.impl.execution.TaskStart.call(TaskStart.java:15)
	at com.dukascopy.api.impl.connect.JFRunnableProcessor.onStart(JFRunnableProcessor.java:140)
	at com.dukascopy.api.impl.connect.JForexTaskManager.lambda$executeStart$0(JForexTaskManager.java:877)
	at com.dukascopy.api.impl.execution.TaskCustom.call(TaskCustom.java:34)
	at java.base/java.util.concurrent.FutureTask.run(FutureTask.java:264)
	at com.dukascopy.api.impl.execution.ScienceThreadPoolExecutor$Worker.runTask(ScienceThreadPoolExecutor.java:904)
	at com.dukascopy.api.impl.execution.ScienceThreadPoolExecutor$Worker.run(ScienceThreadPoolExecutor.java:926)
	at java.base/java.lang.Thread.run(Thread.java:834)
2020-02-25 21:10:20.746 INFO  singlejartest.Main - Strategy stopped: 52
2020-02-25 21:10:20.749 DEBUG com.dukascopy.api.impl.connect.ActivityLogger - jah : [{"datumType":"message","message":"Strategy \"Strategy2\" Strategy ID: B7D372826FA2C8A724C11FD018B7BE77 is started at 2020-02-25 20:10:20.619 GMT on the local computer with no parameters","clientTime":"1582661420714","timestamp":"1582661420619"},{"datumType":"message","message":"com.dukascopy.api.JFException: Label not unique(code 1). (Order already exists) [buy]:label=buy;getId()=185588924;groupId=185588924;openingOrderId=723724787;pendingOrderId=null;pendingOrderCommand=null;parentOrderId=null;tpOrderId=723724789;slOrderId=723724788;state=FILLED;instrument=EUR/USD;openPrice=1.08774;requestedAmount=0.001;amount=0.001;lastServerRequest=NONE;awaitingResubmit=false;\nfill history:\n\t[time=2020-02-25 20:07:09, price=1.08774, amount=0.001] @ com.dukascopy.api.impl.connect.OrdersInternalCollection.putToAllInstances(OrdersInternalCollection.java:180)","clientTime":"1582661420742","timestamp":"1582661420648"},{"datumType":"message","message":"Stopping \"Strategy2\" strategy at 2020-02-25 20:10:20.650 GMT on the local computer","clientTime":"1582661420745","timestamp":"1582661420650"}]
2020-02-25 21:10:21.071 DEBUG com.dukascopy.api.impl.connect.ActivityLogger - Trade Log (200) : https://demo-login.dukascopy.com/platformweb/export/tradeLog.php?check=fffd07fffdfffdfffd25fffd56fffd7bfffd3dfffd712efffd&login=DEMO2iLGsh&tzOffsetSeconds=-3600
