2020-02-16 09:04:41.710 INFO  singlejartest.Main - Connecting...
2020-02-16 09:04:42.044 INFO  com.dukascopy.api.impl.connect.AuthorizationClient - environment(jnlp.client.mode)=DEMO, platformInstanceId=null
2020-02-16 09:04:42.056 INFO  com.dukascopy.api.impl.connect.AuthorizationClient - Auth step 1 request [40BF1FC597D59FE4B6D25A19420D3F6C0A8F3704]
2020-02-16 09:04:42.057 DEBUG com.dukascopy.api.impl.connect.AuthorizationClient - >> [https://login.dukascopy.com/authorization-1/demo/auth?munus=srp_api&passus=1&sermo=b8033320-bce6-4f0b-a0d9-73975d6abac4&putent_genus=0&appello=40BF1FC597D59FE4B6D25A19420D3F6C0A8F3704&obsecro_id=1a75a2c0-a09d-4c8b-bfe2-4da0775cf9f3&srp_versio=1]
2020-02-16 09:04:43.251 DEBUG com.dukascopy.api.impl.connect.AuthorizationClient - << [{"B":"63ca6f26c15ec945d50a821d10ff48689907d115e4a60321c85bbe854a787aceca385c6cc428765ae2b6bfac2400dce0ca0aff275c634e1aca493b036990ca447a7419093b6e222ff7d22dd11ddf51e129ecf47ad8a0cb142f0bd813f34d7ae589d8a7f6cdccb390b203be622b7e32f5898184075b08fedcb275b2c641e78edcbeed0b8db277907932c257187f71c8f1cc9c72cefd51cd224aa43bb87a84d4b2eed92129fb229b300795146b858779eda4d546973270c41ddfea059f62a57b3ea3b2c3d1f3221e28e42980843d8c1ee058b827b7ec02f7e08bb990a46ee25b8a0c9516ff23f49b8f727b3bd2dee52f2a1e48e918d92910abf0003cd347b9753e","S":"6b73442768dd0b32cfc6964cf9c7cfd6","G":"2","H":"SHA-256","K":"5b9e8ef059c6b32ea59fc1d322d37f04aa30bae5aa9003b8321e21ddb04e300","N":"ac6bdb41324a9a9bf166de5e1389582faf72b6651987ee07fc3192943db56050a37329cbb4a099ed8193e0757767a13dd52312ab4b03310dcd7f48a9da04fd50e8083969edb767b0cf6095179a163ab3661a05fbd5faaae82918a9962f0b93b855f97993ec975eeaa80d740adbf4ff747359d041d5c33ea71d281e446b14773bca97b43a23fb801676bd207a436c6481f1d2b9078717461a5b9d32e688f87748544523b524b0d57d5ea77a2775d2ecfa032cfbdbf52fb3786160279004e57ae6af874e7303ce53299ccc041c7bc308d82a5698f3a8d0c38271ae35f8e9dbfbb694b5c803d89f7ae435de236d525f54759b65e372fcd68ef20fa7111f9e4aff73","srp_versio":"1"}]
2020-02-16 09:04:43.252 INFO  com.dukascopy.api.impl.connect.AuthorizationClient - Auth step 1 response [ServerResponseObject [passwordServerResponse=Step1ServerResponse [serverPublicValueB=63ca6f26c15ec945d50a821d10ff48689907d115e4a60321c85bbe854a787aceca385c6cc428765ae2b6bfac2400dce0ca0aff275c634e1aca493b036990ca447a7419093b6e222ff7d22dd11ddf51e129ecf47ad8a0cb142f0bd813f34d7ae589d8a7f6cdccb390b203be622b7e32f5898184075b08fedcb275b2c641e78edcbeed0b8db277907932c257187f71c8f1cc9c72cefd51cd224aa43bb87a84d4b2eed92129fb229b300795146b858779eda4d546973270c41ddfea059f62a57b3ea3b2c3d1f3221e28e42980843d8c1ee058b827b7ec02f7e08bb990a46ee25b8a0c9516ff23f49b8f727b3bd2dee52f2a1e48e918d92910abf0003cd347b9753e, saltS=6b73442768dd0b32cfc6964cf9c7cfd6, safePrimeN=ac6bdb41324a9a9bf166de5e1389582faf72b6651987ee07fc3192943db56050a37329cbb4a099ed8193e0757767a13dd52312ab4b03310dcd7f48a9da04fd50e8083969edb767b0cf6095179a163ab3661a05fbd5faaae82918a9962f0b93b855f97993ec975eeaa80d740adbf4ff747359d041d5c33ea71d281e446b14773bca97b43a23fb801676bd207a436c6481f1d2b9078717461a5b9d32e688f87748544523b524b0d57d5ea77a2775d2ecfa032cfbdbf52fb3786160279004e57ae6af874e7303ce53299ccc041c7bc308d82a5698f3a8d0c38271ae35f8e9dbfbb694b5c803d89f7ae435de236d525f54759b65e372fcd68ef20fa7111f9e4aff73, correspondingGeneratorG=2, hashAlgorithmH=SHA-256, srpProtocolVersion=1], ]]
2020-02-16 09:04:43.337 INFO  com.dukascopy.api.impl.connect.AuthorizationClient - Auth step 2 request A [4951573845023104095543239719977604308521337052622339891454656651497282336037122047723395673570751456347034801408624057005731435763464786152189691578460230062472337795404075465609325095306521240562123384828495507902589117731365213195650330577608902865217942283797750873256843350242879535514143635839075004143464646834246904402466299204748148113075502783817022622285810448197763909624931176665568851597234180411702033553356748566141885114447377957009900232927794003221186755803944099287821385513233739988588387464008874392564002477995428789258232182658541961734917056436960239586670581014821361290855659468100353071524], M1 [50497044136723358164109628474126221628419945305598432121358895380347345807741]
2020-02-16 09:04:43.337 DEBUG com.dukascopy.api.impl.connect.AuthorizationClient - >> [https://login.dukascopy.com/authorization-1/demo/auth?munus=srp_api&testimonium_nuntius=6fa4506b08e1188983799a12164c111fa408b525bcc8dc5ae251a9e6c5e1a97d&passus=2&publicus_pendo=2739596613d2a8c1d4efa443d86421064d64cbdc4c8b4dc9b150a07cde500f294836827fc9730f38708f79b0e2111dbf88d5a4a8f079d93a3920c1a5e8ef5f4600b07822175746474e4a2b8986516a128d47d0be4a5413b676d0a08c0229efc02ad6a3ab82debc7a11d95f27379e14f795d5efde8dda046221712b0bb4911dc39ffca8491e97378276e4df1530a7c77d0e7d72b3d3b45ab5752e7f420faadfc806fbab6ec43a4329cd97e449237d27d58910e34ee427431eec6cf47706be09ee73ecf6b9f1ae913dd0f65d424025e97b677abd7ccb195e4f0185923f43ef9efeb4af11c4882e8e10a58d983579066467d4ff6692521fc303317cfab6177b19a4&sermo=b8033320-bce6-4f0b-a0d9-73975d6abac4&putent_genus=0&obsecro_id=1a75a2c0-a09d-4c8b-bfe2-4da0775cf9f3&srp_versio=1]
2020-02-16 09:04:43.726 DEBUG com.dukascopy.api.impl.connect.AuthorizationClient - << [{"M2":"20b153f27785c6a1c335cd833ae40b82e4e9363c92040466c7ee1707de7da661","srp_versio":"1"}]
2020-02-16 09:04:43.727 INFO  com.dukascopy.api.impl.connect.AuthorizationClient - Auth step 2 response [ServerResponseObject [passwordServerResponse=Step2ServerResponse [serverEvidenceMessageM2=20b153f27785c6a1c335cd833ae40b82e4e9363c92040466c7ee1707de7da661, srpProtocolVersion=1], ]]
2020-02-16 09:04:43.727 INFO  com.dukascopy.api.impl.connect.AuthorizationClient - Auth step 3 request
2020-02-16 09:04:43.727 DEBUG com.dukascopy.api.impl.connect.AuthorizationClient - >> [https://login.dukascopy.com/authorization-1/demo/auth?munus=srp_api&passus=3&sermo=b8033320-bce6-4f0b-a0d9-73975d6abac4&versio=318.4.87&willPing=true&occasus_content_vulgate=0&putent_genus=0&occasus=true&platform=DDS3_JFOREXSDK&obsecro_id=1a75a2c0-a09d-4c8b-bfe2-4da0775cf9f3&srp_versio=1]
2020-02-16 09:04:44.690 DEBUG com.dukascopy.api.impl.connect.AuthorizationClient - << [{"occasus":"rO0ABXNyABRqYXZhLnV0aWwuUHJvcGVydGllczkS0HpwNj6YAgABTAAIZGVmYXVsdHN0ABZMamF2\r\nYS91dGlsL1Byb3BlcnRpZX...","authApiURLs":["d-ja-gva-101-135-154.dukascopy.com:10443","d-ja-usa-e-97-4-b.dukascopy.com:10443","d-ja-sgn-04-a.dukascopy.com:10443","d-ja-jpn-04-a.dukascopy.com:10443","d-ja-hk-110-05.dukascopy.ch:10443","d-ja-msk-10.dukascopy.com:10443","d-ja-hk-111-4.dukascopy.ch:10443"],"srp_versio":"1"}]
2020-02-16 09:04:44.702 INFO  com.dukascopy.api.impl.connect.AuthorizationClient - Auth step 3 response [ServerResponseObject [passwordServerResponse=Step3ServerResponse [serverResponse={"occasus":"rO0ABXNyABRqYXZhLnV0aWwuUHJvcGVydGllczkS0HpwNj6YAgABTAAIZGVmYXVsdHN0ABZMamF2\r\nYS91dGlsL1Byb3BlcnRpZX...","authApiURLs":["d-ja-gva-101-135-154.dukascopy.com:10443","d-ja-usa-e-97-4-b.dukascopy.com:10443","d-ja-sgn-04-a.dukascopy.com:10443","d-ja-jpn-04-a.dukascopy.com:10443","d-ja-hk-110-05.dukascopy.ch:10443","d-ja-msk-10.dukascopy.com:10443","d-ja-hk-111-4.dukascopy.ch:10443"],"srp_versio":"1"}], responseHeaderFields={Transfer-Encoding=[chunked], null=[HTTP/1.1 200], idle-session-ttl=[900000], CF-RAY=[565e032e1f86ffd4-WAW], Server=[cloudflare], Connection=[keep-alive], Client-Country=[PL], Pragma=[no-cache], Last-Modified=[Sun, 16 Feb 2020 08:04:44 GMT], Date=[Sun, 16 Feb 2020 08:04:44 GMT], CF-Cache-Status=[DYNAMIC], Cache-Control=[no-cache, must-revalidate, no-store, max-age=0], Access-Control-Allow-Credentials=[true], Client-IP=[37.47.197.228], Vary=[Accept-Encoding], Set-Cookie=[__cfduid=d66c7042da36b4b468bb1ae4373e6f0d61581840283; expires=Tue, 17-Mar-20 08:04:43 GMT; path=/; domain=.dukascopy.com; HttpOnly; SameSite=Lax], Expires=[Thu, 01 Jan 1970 00:00:00 GMT], Expect-CT=[max-age=604800, report-uri="https://report-uri.cloudflare.com/cdn-cgi/beacon/expect-ct"], Content-Type=[text/plain;charset=UTF-8]}]]
2020-02-16 09:04:44.852 INFO  com.dukascopy.api.impl.connect.AuthorizationClient - APIC: Ping API server URLs synchronously
2020-02-16 09:04:44.852 INFO  com.dukascopy.api.impl.connect.PingHelper - Selecting the best server...
2020-02-16 09:04:44.942 INFO  com.dukascopy.api.impl.connect.PingHelper - The ping start time=2020-02-16 09:04:44:941
2020-02-16 09:04:45.277 INFO  com.dukascopy.api.impl.connect.PingHelper - The ping end time=2020-02-16 09:04:45:277, the ping processing time=[336]ms
2020-02-16 09:04:45.277 DEBUG com.dukascopy.api.impl.connect.PingHelper - Best api url [d-ja-gva-101-135-154.dukascopy.com:10443] with time [68]
2020-02-16 09:04:45.278 INFO  com.dukascopy.dds2.greed.ping.ApiServerManager - APIC: The ping is finished, the fastest API server is saved: d-ja-gva-101-135-154.dukascopy.com:10443 (68 ms)
2020-02-16 09:04:45.278 DEBUG com.dukascopy.api.impl.connect.DCClientImpl - d-ja-gva-101-135-154.dukascopy.com:10443@93a9fefc5455a7e1f3274a9a314a93daaac37c26b8ad3bbe84ed52e1dccee477
2020-02-16 09:04:45.281 DEBUG com.dukascopy.api.impl.connect.DCClientImpl - UserAgent: {"clientType":"DDS3_JFOREXSDK","javaVersion":"11.0.5","jvmVersion":"11.0.5+10-b520.17","clientVersion":"318.4.87","osName":"Linux"}
2020-02-16 09:04:45.894 INFO  com.dukascopy.dds2.greed.util.FilePathManager - WL info is unavailable. Use default App folder for Platform data:  /home/rudojs/JForex
2020-02-16 09:04:46.303 INFO  com.dukascopy.api.instrument.subscribe.InstrumentManager - InstrumentManager created.
2020-02-16 09:04:46.512 WARN  com.dukascopy.api.impl.connect.WLabelData - White Label Image is not received
2020-02-16 09:04:46.966 INFO  com.dukascopy.dds2.greed.connection.GreedClientAuthorizationProvider - !!!:Thread[(DDS2 Standalone Transport Client) ClientConnector,5,main]
2020-02-16 09:04:46.968 INFO  com.dukascopy.dds4.transport.client.netty.ClientConnector - Authorize task in queue, server address [d-ja-gva-101-135-154.dukascopy.com/194.8.15.154:10443], transport name [DDS2 Standalone Transport Client]
2020-02-16 09:04:47.043 INFO  com.dukascopy.dds2.greed.market.LiveCurrencyMarketManager - LiveCurrencyMarketManager started.
2020-02-16 09:04:47.702 INFO  singlejartest.Main - Connected
2020-02-16 09:04:47.716 INFO  com.dukascopy.dds2.greed.agent.indicator.AccountProvider - Account representation: com.dukascopy.api.impl.connect.PlatformAccountImpl@3589d042[
  currency=PLN
  leverage=100.0
  credit line=980640.0
  equity=19550.74
  balance=19593.99
  base equity=19593.99
  use of leverage=50.0
  used margin=9744.340000000002
  account state=OK
  global=false
  account id=1958578
  instrument quotes={EUR=4.2499125818, GBP=5.1190816818, USD=3.92366, aUSD=3.94486620, bUSD=3.90246960, COPPER.CMD=10.195240672, bJPY=0.03554291231010237285088, aJPY=0.03595099016668337428536}
  
  Initial values:
  margin mode=0
  margin cut level=200
  stop loss level=0.0
  over the weekend leverage=30
  currency precision=2
  client ids=[1723066]
  client info set=[Client ID = 1723066, State = OK, Equity = 19550.74, Stop Loss Level = 9871.80, Currency = PLN]
]
2020-02-16 09:04:47.726 DEBUG com.dukascopy.api.impl.connect.DCClientImpl - Order group received for instrument [USD/JPY], adding instrument to the list of the subscribed instruments
2020-02-16 09:04:47.737 DEBUG com.dukascopy.api.impl.connect.DCClientImpl - Order group received for instrument [COPPER.CMD/USD], adding instrument to the list of the subscribed instruments
2020-02-16 09:04:47.738 DEBUG com.dukascopy.api.impl.connect.DCClientImpl - Order group received for instrument [GBP/USD], adding instrument to the list of the subscribed instruments
2020-02-16 09:04:47.739 DEBUG com.dukascopy.api.impl.connect.DCClientImpl - Order group received for instrument [EUR/USD], adding instrument to the list of the subscribed instruments
2020-02-16 09:04:47.821 INFO  com.dukascopy.api.instrument.subscribe.InstrumentManager - SUBSCRIBED INSTRUMENTS: [COPPER.CMD/USD, EUR/USD, GBP/USD, USD/JPY]
2020-02-16 09:04:47.821 INFO  com.dukascopy.api.instrument.subscribe.InstrumentManager - FULL DEPTH INSTRUMENTS: [USD/JPY]
2020-02-16 09:04:47.842 INFO  com.dukascopy.api.instrument.subscribe.InstrumentManager - SUBSCRIBED INSTRUMENTS: [COPPER.CMD/USD, EUR/USD, GBP/USD, USD/JPY]
2020-02-16 09:04:47.842 INFO  com.dukascopy.api.instrument.subscribe.InstrumentManager - FULL DEPTH INSTRUMENTS: [COPPER.CMD/USD, USD/JPY]
2020-02-16 09:04:47.844 INFO  com.dukascopy.api.instrument.subscribe.InstrumentManager - SUBSCRIBED INSTRUMENTS: [COPPER.CMD/USD, EUR/USD, GBP/USD, USD/JPY]
2020-02-16 09:04:47.844 INFO  com.dukascopy.api.instrument.subscribe.InstrumentManager - FULL DEPTH INSTRUMENTS: [COPPER.CMD/USD, GBP/USD, USD/JPY]
2020-02-16 09:04:47.845 INFO  com.dukascopy.api.instrument.subscribe.InstrumentManager - SUBSCRIBED INSTRUMENTS: [COPPER.CMD/USD, EUR/USD, GBP/USD, USD/JPY]
2020-02-16 09:04:47.845 INFO  com.dukascopy.api.instrument.subscribe.InstrumentManager - FULL DEPTH INSTRUMENTS: [COPPER.CMD/USD, EUR/USD, GBP/USD, USD/JPY]
2020-02-16 09:04:48.512 INFO  singlejartest.Main - Subscribing instruments...
2020-02-16 09:04:48.513 INFO  singlejartest.Main - Starting strategy
2020-02-16 09:04:49.866 INFO  singlejartest.Main - Strategy started: 52
2020-02-16 09:04:56.131 DEBUG com.dukascopy.api.impl.connect.ActivityLogger - jah : [{"datumType":"message","message":"Strategy \"Strategy2\" Strategy ID: FC7AA0135EFB7E25F159CFC5BED8554D is started at 2020-02-16 08:04:49.643 GMT on the local computer with no parameters","clientTime":"1581840289835","timestamp":"1581840289643"}]
2020-02-16 09:04:56.554 DEBUG com.dukascopy.api.impl.connect.ActivityLogger - Trade Log (200) : https://demo-login.dukascopy.com/platformweb/export/tradeLog.php?check=fffd07fffdfffdfffd25fffd56fffd7bfffd3dfffd712efffd&login=DEMO2iLGsh&tzOffsetSeconds=-3600
