2020-02-20 07:58:09.101 INFO  singlejartest.Main - Connecting...
2020-02-20 07:58:09.952 INFO  com.dukascopy.api.impl.connect.AuthorizationClient - environment(jnlp.client.mode)=DEMO, platformInstanceId=null
2020-02-20 07:58:09.960 INFO  com.dukascopy.api.impl.connect.AuthorizationClient - Auth step 1 request [40BF1FC597D59FE4B6D25A19420D3F6C0A8F3704]
2020-02-20 07:58:09.961 DEBUG com.dukascopy.api.impl.connect.AuthorizationClient - >> [https://login.dukascopy.com/authorization-1/demo/auth?munus=srp_api&passus=1&sermo=3be749c4-8a55-4fa8-ab8d-0ff9734ee36c&putent_genus=0&appello=40BF1FC597D59FE4B6D25A19420D3F6C0A8F3704&obsecro_id=f43da31d-55c6-4cb6-9905-8de82b8ca330&srp_versio=1]
2020-02-20 07:58:10.754 DEBUG com.dukascopy.api.impl.connect.AuthorizationClient - << [{"B":"70b2feb4966d9ca2ec632aa44d9c66323681aac26c2237648cdc4030d78036aa8f5d54899c39a7118f4ee640f58aa999d1eb5ecd7188776ed2d3d27a02c3c9dc3443c51b33728f1ee0e9e15e78e2eeaf8da1d98ef07a355d5d73216497535e5d634187ab939b7648c4bca657162c7786c45bf8b24ee1b4a777344ae6414428eb4d2cfdceea7152987c4c2a2f02b1b906809b4f41ed35a50a25e35934efaa4f797acf9572e5be5cf1bcb4b840112bd977e4d3d9e89ea4f7135c8e818ad8d27ba62ec052c7bb36e6da14fc390709caabe7cfaf5703e344257a3530883bbb634e9a07fba1396995c03e322acf4145e81acaa9aaef1d8adbe12e9b22974e16aa7cc2","S":"3f0b2fa82fbb6013a07a3157e65a1178","G":"2","H":"SHA-256","K":"5b9e8ef059c6b32ea59fc1d322d37f04aa30bae5aa9003b8321e21ddb04e300","N":"ac6bdb41324a9a9bf166de5e1389582faf72b6651987ee07fc3192943db56050a37329cbb4a099ed8193e0757767a13dd52312ab4b03310dcd7f48a9da04fd50e8083969edb767b0cf6095179a163ab3661a05fbd5faaae82918a9962f0b93b855f97993ec975eeaa80d740adbf4ff747359d041d5c33ea71d281e446b14773bca97b43a23fb801676bd207a436c6481f1d2b9078717461a5b9d32e688f87748544523b524b0d57d5ea77a2775d2ecfa032cfbdbf52fb3786160279004e57ae6af874e7303ce53299ccc041c7bc308d82a5698f3a8d0c38271ae35f8e9dbfbb694b5c803d89f7ae435de236d525f54759b65e372fcd68ef20fa7111f9e4aff73","srp_versio":"1"}]
2020-02-20 07:58:10.755 INFO  com.dukascopy.api.impl.connect.AuthorizationClient - Auth step 1 response [ServerResponseObject [passwordServerResponse=Step1ServerResponse [serverPublicValueB=70b2feb4966d9ca2ec632aa44d9c66323681aac26c2237648cdc4030d78036aa8f5d54899c39a7118f4ee640f58aa999d1eb5ecd7188776ed2d3d27a02c3c9dc3443c51b33728f1ee0e9e15e78e2eeaf8da1d98ef07a355d5d73216497535e5d634187ab939b7648c4bca657162c7786c45bf8b24ee1b4a777344ae6414428eb4d2cfdceea7152987c4c2a2f02b1b906809b4f41ed35a50a25e35934efaa4f797acf9572e5be5cf1bcb4b840112bd977e4d3d9e89ea4f7135c8e818ad8d27ba62ec052c7bb36e6da14fc390709caabe7cfaf5703e344257a3530883bbb634e9a07fba1396995c03e322acf4145e81acaa9aaef1d8adbe12e9b22974e16aa7cc2, saltS=3f0b2fa82fbb6013a07a3157e65a1178, safePrimeN=ac6bdb41324a9a9bf166de5e1389582faf72b6651987ee07fc3192943db56050a37329cbb4a099ed8193e0757767a13dd52312ab4b03310dcd7f48a9da04fd50e8083969edb767b0cf6095179a163ab3661a05fbd5faaae82918a9962f0b93b855f97993ec975eeaa80d740adbf4ff747359d041d5c33ea71d281e446b14773bca97b43a23fb801676bd207a436c6481f1d2b9078717461a5b9d32e688f87748544523b524b0d57d5ea77a2775d2ecfa032cfbdbf52fb3786160279004e57ae6af874e7303ce53299ccc041c7bc308d82a5698f3a8d0c38271ae35f8e9dbfbb694b5c803d89f7ae435de236d525f54759b65e372fcd68ef20fa7111f9e4aff73, correspondingGeneratorG=2, hashAlgorithmH=SHA-256, srpProtocolVersion=1], ]]
2020-02-20 07:58:10.837 INFO  com.dukascopy.api.impl.connect.AuthorizationClient - Auth step 2 request A [2365915775086596065569896737382623029966060368047095334292756743736551887590090807539224668931309698439032718744549607042460623816926257063097564363089345904122198401977760092315262153691592794106423970363017264046946060283286166910216127776247819737405994796258161691064071068931209489304184995991123136725880454420778950232731974993648738038733486756588286319123477105872877983216608742972332440094796855746744305618129896992757680161630766038280641652105214111527854825070366603200416108345758012757789152376176883346521590981515402812345581734653142500204495520819257321343921589314455526596012649715188758602574], M1 [15155524420146896985762292869603711923625692973813000676390209844357100030891]
2020-02-20 07:58:10.837 DEBUG com.dukascopy.api.impl.connect.AuthorizationClient - >> [https://login.dukascopy.com/authorization-1/demo/auth?munus=srp_api&testimonium_nuntius=2181b90bf6059811e0db3745dc6d4331d6ff4e19394e9dcde986a5dfa3e94bab&passus=2&publicus_pendo=12bddda11c506626424a936d76f3272fa4f18049aee77cd9498e98edf8b3244b8323ff155a942084d92238deab4023feaf35541d98cd2b9f2f7978625284f279bdf78293b4ded380437148c2cadecfbf2a3a94069baea9d48dfee1bef09099f8209a06ef22f1ff9339bfecd560020a0cbefeaf3b479d852c9440fcee5e449b34d37fd8428ad31add5009e2fab51f8e244b7465e92ae24dac36f18e79178b864db87025e4da64bdc38b38079575eb4038e3e20914ce1713b4dd04fb3b7a9369fa0b9f4966adafa1513a1c733008d0ab379ba9922ffd9204d61c6347ad7e2bdf9aaf40d38978c8a18aea3fe7be205344551432883604f4af61339f4f816251e34e&sermo=3be749c4-8a55-4fa8-ab8d-0ff9734ee36c&putent_genus=0&obsecro_id=f43da31d-55c6-4cb6-9905-8de82b8ca330&srp_versio=1]
2020-02-20 07:58:11.361 DEBUG com.dukascopy.api.impl.connect.AuthorizationClient - << [{"M2":"8e462e3ec5fe6cac66fcd4e55377850685e627087c8be004c0410ffa7e9b4f9a","srp_versio":"1"}]
2020-02-20 07:58:11.362 INFO  com.dukascopy.api.impl.connect.AuthorizationClient - Auth step 2 response [ServerResponseObject [passwordServerResponse=Step2ServerResponse [serverEvidenceMessageM2=8e462e3ec5fe6cac66fcd4e55377850685e627087c8be004c0410ffa7e9b4f9a, srpProtocolVersion=1], ]]
2020-02-20 07:58:11.362 INFO  com.dukascopy.api.impl.connect.AuthorizationClient - Auth step 3 request
2020-02-20 07:58:11.363 DEBUG com.dukascopy.api.impl.connect.AuthorizationClient - >> [https://login.dukascopy.com/authorization-1/demo/auth?munus=srp_api&passus=3&sermo=3be749c4-8a55-4fa8-ab8d-0ff9734ee36c&versio=318.4.87&willPing=true&occasus_content_vulgate=0&putent_genus=0&occasus=true&platform=DDS3_JFOREXSDK&obsecro_id=f43da31d-55c6-4cb6-9905-8de82b8ca330&srp_versio=1]
2020-02-20 07:58:12.524 DEBUG com.dukascopy.api.impl.connect.AuthorizationClient - << [{"occasus":"rO0ABXNyABRqYXZhLnV0aWwuUHJvcGVydGllczkS0HpwNj6YAgABTAAIZGVmYXVsdHN0ABZMamF2\r\nYS91dGlsL1Byb3BlcnRpZX...","authApiURLs":["d-ja-gva-101-135-154.dukascopy.com:10443","d-ja-usa-e-97-4-b.dukascopy.com:10443","d-ja-sgn-04-a.dukascopy.com:10443","d-ja-jpn-04-a.dukascopy.com:10443","d-ja-hk-110-05.dukascopy.ch:10443","d-ja-msk-10.dukascopy.com:10443","d-ja-hk-111-4.dukascopy.ch:10443"],"srp_versio":"1"}]
2020-02-20 07:58:12.534 INFO  com.dukascopy.api.impl.connect.AuthorizationClient - Auth step 3 response [ServerResponseObject [passwordServerResponse=Step3ServerResponse [serverResponse={"occasus":"rO0ABXNyABRqYXZhLnV0aWwuUHJvcGVydGllczkS0HpwNj6YAgABTAAIZGVmYXVsdHN0ABZMamF2\r\nYS91dGlsL1Byb3BlcnRpZX...","authApiURLs":["d-ja-gva-101-135-154.dukascopy.com:10443","d-ja-usa-e-97-4-b.dukascopy.com:10443","d-ja-sgn-04-a.dukascopy.com:10443","d-ja-jpn-04-a.dukascopy.com:10443","d-ja-hk-110-05.dukascopy.ch:10443","d-ja-msk-10.dukascopy.com:10443","d-ja-hk-111-4.dukascopy.ch:10443"],"srp_versio":"1"}], responseHeaderFields={Transfer-Encoding=[chunked], null=[HTTP/1.1 200], idle-session-ttl=[900000], CF-RAY=[567e9735eee4f2a8-WAW], Server=[cloudflare], Connection=[keep-alive], Client-Country=[PL], Pragma=[no-cache], Last-Modified=[Thu, 20 Feb 2020 06:58:11 GMT], Date=[Thu, 20 Feb 2020 06:58:12 GMT], CF-Cache-Status=[DYNAMIC], Cache-Control=[no-cache, must-revalidate, no-store, max-age=0], Access-Control-Allow-Credentials=[true], Client-IP=[37.47.204.122], Vary=[Accept-Encoding], Set-Cookie=[__cfduid=d3b9087f4a5775bfaa537b06f8fb1dd3f1582181891; expires=Sat, 21-Mar-20 06:58:11 GMT; path=/; domain=.dukascopy.com; HttpOnly; SameSite=Lax], Expires=[Thu, 01 Jan 1970 00:00:00 GMT], Expect-CT=[max-age=604800, report-uri="https://report-uri.cloudflare.com/cdn-cgi/beacon/expect-ct"], Content-Type=[text/plain;charset=UTF-8]}]]
2020-02-20 07:58:12.681 INFO  com.dukascopy.api.impl.connect.AuthorizationClient - APIC: Ping API server URLs synchronously
2020-02-20 07:58:12.683 INFO  com.dukascopy.api.impl.connect.PingHelper - Selecting the best server...
2020-02-20 07:58:14.191 INFO  com.dukascopy.api.impl.connect.PingHelper - The ping start time=2020-02-20 07:58:14:191
2020-02-20 07:58:14.545 INFO  com.dukascopy.api.impl.connect.PingHelper - The ping end time=2020-02-20 07:58:14:545, the ping processing time=[354]ms
2020-02-20 07:58:14.545 DEBUG com.dukascopy.api.impl.connect.PingHelper - Best api url [d-ja-gva-101-135-154.dukascopy.com:10443] with time [97]
2020-02-20 07:58:14.546 INFO  com.dukascopy.dds2.greed.ping.ApiServerManager - APIC: The ping is finished, the fastest API server is saved: d-ja-gva-101-135-154.dukascopy.com:10443 (97 ms)
2020-02-20 07:58:14.546 DEBUG com.dukascopy.api.impl.connect.DCClientImpl - d-ja-gva-101-135-154.dukascopy.com:10443@7bcaa1112e54defd41efa6dbea86a526ac8afaac207bff92c665f6c2e2dcd935
2020-02-20 07:58:14.548 DEBUG com.dukascopy.api.impl.connect.DCClientImpl - UserAgent: {"clientType":"DDS3_JFOREXSDK","javaVersion":"11.0.5","jvmVersion":"11.0.5+10-b520.17","clientVersion":"318.4.87","osName":"Linux"}
2020-02-20 07:58:15.072 INFO  com.dukascopy.dds2.greed.util.FilePathManager - WL info is unavailable. Use default App folder for Platform data:  /home/rudojs/JForex
2020-02-20 07:58:15.457 INFO  com.dukascopy.api.instrument.subscribe.InstrumentManager - InstrumentManager created.
2020-02-20 07:58:15.672 WARN  com.dukascopy.api.impl.connect.WLabelData - White Label Image is not received
2020-02-20 07:58:16.119 INFO  com.dukascopy.dds2.greed.connection.GreedClientAuthorizationProvider - !!!:Thread[(DDS2 Standalone Transport Client) ClientConnector,5,main]
2020-02-20 07:58:16.122 INFO  com.dukascopy.dds4.transport.client.netty.ClientConnector - Authorize task in queue, server address [d-ja-gva-101-135-154.dukascopy.com/194.8.15.154:10443], transport name [DDS2 Standalone Transport Client]
2020-02-20 07:58:16.206 INFO  com.dukascopy.dds2.greed.market.LiveCurrencyMarketManager - LiveCurrencyMarketManager started.
2020-02-20 07:58:16.657 INFO  singlejartest.Main - Connected
2020-02-20 07:58:16.669 INFO  com.dukascopy.dds2.greed.agent.indicator.AccountProvider - Account representation: com.dukascopy.api.impl.connect.PlatformAccountImpl@279f78d2[
  currency=PLN
  leverage=100.0
  credit line=1582398.0
  equity=15823.98
  balance=15822.51
  base equity=15825.01
  use of leverage=0.0
  used margin=0.0
  account state=OK
  global=false
  account id=1958578
  instrument quotes={bCHF=3.99852963587597144425, USD=3.95625, aUSD=3.97683525, bUSD=3.93567275, bJPY=0.03528453886911539110930, aCHF=4.04080113191826528370, aJPY=0.03565453253599670023480}
  
  Initial values:
  margin mode=0
  margin cut level=200
  stop loss level=0.0
  over the weekend leverage=30
  currency precision=2
  client ids=[1723066]
  client info set=[Client ID = 1723066, State = OK, Equity = 15823.98, Stop Loss Level = 9871.80, Currency = PLN]
]
2020-02-20 07:58:16.673 INFO  singlejartest.Main - Subscribing instruments...
2020-02-20 07:58:16.681 DEBUG com.dukascopy.api.impl.connect.DCClientImpl - Order group received for instrument [USD/JPY], adding instrument to the list of the subscribed instruments
2020-02-20 07:58:16.684 INFO  singlejartest.Main - Starting strategy
2020-02-20 07:58:16.690 DEBUG com.dukascopy.api.impl.connect.DCClientImpl - Order group received for instrument [USD/CHF], adding instrument to the list of the subscribed instruments
2020-02-20 07:58:16.700 DEBUG com.dukascopy.api.impl.connect.DCClientImpl - Order group received for instrument [COPPER.CMD/USD], adding instrument to the list of the subscribed instruments
2020-02-20 07:58:16.704 DEBUG com.dukascopy.api.impl.connect.DCClientImpl - Unrecognized protocol message : class com.dukascopy.dds3.transport.msg.dfs.ServerTimeResponseMessage / <ServerTimeResponseMessage(serverTime=1582181896406,serverSystemTime=1582181896401,lastKnownTickTime=1582181896293,sessionId=3be749c4-8a55-4fa8-ab8d-0ff9734ee36c,userId=1958578,requestId=0,timestamp=1582181896401)>
2020-02-20 07:58:16.758 INFO  com.dukascopy.api.instrument.subscribe.InstrumentManager - SUBSCRIBED INSTRUMENTS: [COPPER.CMD/USD, EUR/USD, USD/CHF, USD/JPY]
2020-02-20 07:58:16.758 INFO  com.dukascopy.api.instrument.subscribe.InstrumentManager - FULL DEPTH INSTRUMENTS: [EUR/USD]
2020-02-20 07:58:16.763 INFO  com.dukascopy.api.instrument.subscribe.InstrumentManager - SUBSCRIBED INSTRUMENTS: [COPPER.CMD/USD, EUR/USD, USD/CHF, USD/JPY]
2020-02-20 07:58:16.764 INFO  com.dukascopy.api.instrument.subscribe.InstrumentManager - FULL DEPTH INSTRUMENTS: [EUR/USD, USD/JPY]
2020-02-20 07:58:16.770 INFO  com.dukascopy.api.instrument.subscribe.InstrumentManager - SUBSCRIBED INSTRUMENTS: [COPPER.CMD/USD, EUR/USD, USD/CHF, USD/JPY]
2020-02-20 07:58:16.770 INFO  com.dukascopy.api.instrument.subscribe.InstrumentManager - FULL DEPTH INSTRUMENTS: [EUR/USD, USD/CHF, USD/JPY]
2020-02-20 07:58:16.771 INFO  com.dukascopy.api.instrument.subscribe.InstrumentManager - SUBSCRIBED INSTRUMENTS: [COPPER.CMD/USD, EUR/USD, USD/CHF, USD/JPY]
2020-02-20 07:58:16.771 INFO  com.dukascopy.api.instrument.subscribe.InstrumentManager - FULL DEPTH INSTRUMENTS: [COPPER.CMD/USD, EUR/USD, USD/CHF, USD/JPY]
2020-02-20 07:58:18.324 INFO  com.dukascopy.dds4.transport.client.netty.TransportClient - Ticks are being transferred via UDP
2020-02-20 07:58:18.793 INFO  singlejartest.Main - Strategy started: 53
2020-02-20 07:58:20.681 DEBUG com.dukascopy.api.impl.connect.JForexEngineImpl - Submitting order [<OrderGroupMessage(,instrument=EUR/USD,orders=[<OrderMessageExt(,executorBlackList=[],primeBroker=[],properties=[],instrument=EUR/USD,amount=1000.000,side=SELL,priceTrailingLimit=0.00050,priceClient=1.07893,direction=OPEN,state=CREATED,trades=[],externalSysId=sell,strategyId=Strategy2.class 0F9097A469B8995885B50B8BD7924CB4,sessionId=3be749c4-8a55-4fa8-ab8d-0ff9734ee36c,strategyType=0,internalIp=127.0.0.1,externalIp=37.47.204.122,managerType=TRADER)>],externalSysId=sell,managerType=TRADER,timestamp=1582181900680)>]
2020-02-20 07:58:20.766 DEBUG com.dukascopy.api.impl.connect.PlatformOrderImpl - processing OrderGroupMessage [<OrderGroupMessage(orderGroupId=185389450,instrument=EUR/USD,orders=[<OrderMessageExt(,executorBlackList=[],primeBroker=[],equity=15823.98,properties=[],orderId=722658309,instrument=EUR/USD,amount=1000,side=SELL,priceTrailingLimit=0.00050,priceClient=1.07893,orderGroupId=185389450,direction=OPEN,state=EXECUTING,trades=[],parentOrderId=722658309,createdDate=Thu Feb 20 07:58:20 CET 2020,externalSysId=sell,strategyId=Strategy2.class 0F9097A469B8995885B50B8BD7924CB4,origAmount=1000,sessionId=3be749c4-8a55-4fa8-ab8d-0ff9734ee36c,strategyType=0,bestBid=1.07893,bestAsk=1.07897,checkTime=1582181900710,internalIp=127.0.0.1,externalIp=37.47.204.122,platform=DDS3_JFOREXSDK,managerType=TRADER,ts=1582181900709,userId=1958578,requestId=c88eac71-93ff-417d-83de-2c8171717aab-1,accountLoginId=1909596,timestamp=1582181900710)>],amount=0,pricePosOpen=0,side=SHORT,status=OPEN,externalSysId=sell,accCcy=PLN,pricePl=0,accSwap=0,platform=DDS3_JFOREXSDK,managerType=TRADER,ts=1582181900709,userId=1958578,requestId=c88eac71-93ff-417d-83de-2c8171717aab-1,accountLoginId=1909596,timestamp=1582181900704)>]
2020-02-20 07:58:20.766 DEBUG com.dukascopy.api.impl.connect.PlatformOrderImpl - transiting order from CREATED state to OPENED as a response to EXECUTING order update message
2020-02-20 07:58:20.788 DEBUG com.dukascopy.api.impl.connect.PlatformOrderImpl - processing OrderGroupMessage [<OrderGroupMessage(orderGroupId=185389450,instrument=EUR/USD,orders=[<OrderMessageExt(,executorBlackList=[],zlPresent=1.07895,zlOnReceive=1.07895,commonId=722658309,primeBroker=[],allowSdex=1,wlPartnerId=1,equity=15823.98,properties=[AMOUNT_SELL=1000.000, AMOUNT_BUY=0, SWAP_BASE_CUR=0],orderId=722658309,rootOrderId=722658309,instrument=EUR/USD,amount=1000.0000000,side=SELL,priceTrailingLimit=0.00050,priceClient=1.07893,priceClientInitial=1.07893,orderGroupId=185389450,direction=OPEN,state=FILLED,trades=[],notes=,parentOrderId=722658309,createdDate=Thu Feb 20 07:58:20 CET 2020,externalSysId=sell,strategyId=Strategy2.class 0F9097A469B8995885B50B8BD7924CB4,rollover=true,pricePosOpen=1.07893,origAmount=1000,sessionId=3be749c4-8a55-4fa8-ab8d-0ff9734ee36c,orderCommission=0.15,strategyType=0,execAmount=1000.000,execPrice=1.07893,routerExecTime=Thu Feb 20 07:58:20 CET 2020,accCcy=PLN,bestBid=1.07893,bestAsk=1.07897,checkTime=1582181900710,internalIp=127.0.0.1,externalIp=37.47.204.122,platform=DDS3_JFOREXSDK,managerType=TRADER,ts=1582181900709,userId=1958578,requestId=c88eac71-93ff-417d-83de-2c8171717aab-1,accountLoginId=1909596,timestamp=1582181900726)>],summaryCommission=0.15,amount=1000.0000000,priceOpen=1.07893,pricePosOpen=1.07893,side=SHORT,status=OPEN,externalSysId=sell,accCcy=PLN,pricePl=1.07893,accSwap=0,platform=DDS3_JFOREXSDK,managerType=TRADER,ts=1582181900709,userId=1958578,requestId=c88eac71-93ff-417d-83de-2c8171717aab-1,accountLoginId=1909596,timestamp=1582181900721)>]
2020-02-20 07:58:20.789 DEBUG com.dukascopy.api.impl.connect.PlatformOrderImpl - transiting order from OPENED to FILLED state as a response to FILLED order update message
2020-02-20 07:58:25.289 DEBUG com.dukascopy.api.impl.connect.ActivityLogger - jah : [{"datumType":"message","message":"Strategy \"Strategy2\" Strategy ID: 0F9097A469B8995885B50B8BD7924CB4 is started at 2020-02-20 06:58:18.626 GMT on the local computer with no parameters","clientTime":"1582181898772","timestamp":"1582181898626"},{"datumType":"message","message":"Order SELL 1000 EUR/USD @ MKT  is sent at 2020-02-20 06:58:20.682 GMT by the strategy \"Strategy2\": from the local computer","clientTime":"1582181900682","timestamp":"1582181900537"},{"datumType":"message","message":"Order ACCEPTED: #722658309 SELL 0.001 mil. EUR/USD @ MKT MAX SLIPPAGE 0.0005 - Position #185389450","clientTime":"1582181900764","timestamp":"1582181900618"},{"datumType":"message","message":"Order FILLED at 1.07893 (#722658309 SELL 0.001 mil. EUR/USD @ MKT MAX SLIPPAGE 0.0005)  - Position #185389450","clientTime":"1582181900778","timestamp":"1582181900632"}]
2020-02-20 07:58:25.902 DEBUG com.dukascopy.api.impl.connect.ActivityLogger - Trade Log (200) : https://demo-login.dukascopy.com/platformweb/export/tradeLog.php?check=fffd07fffdfffdfffd25fffd56fffd7bfffd3dfffd712efffd&login=DEMO2iLGsh&tzOffsetSeconds=-3600
