2020-02-22 03:14:12.059 INFO  singlejartest.Main - Connecting...
2020-02-22 03:14:13.053 INFO  com.dukascopy.api.impl.connect.AuthorizationClient - environment(jnlp.client.mode)=DEMO, platformInstanceId=null
2020-02-22 03:14:13.061 INFO  com.dukascopy.api.impl.connect.AuthorizationClient - Auth step 1 request [40BF1FC597D59FE4B6D25A19420D3F6C0A8F3704]
2020-02-22 03:14:13.063 DEBUG com.dukascopy.api.impl.connect.AuthorizationClient - >> [https://login.dukascopy.com/authorization-1/demo/auth?munus=srp_api&passus=1&sermo=31d0bfc7-6f59-4c61-9750-99a7b8a8bba0&putent_genus=0&appello=40BF1FC597D59FE4B6D25A19420D3F6C0A8F3704&obsecro_id=da51cfde-ee98-4eba-8a89-da016c6d78b4&srp_versio=1]
2020-02-22 03:14:14.061 DEBUG com.dukascopy.api.impl.connect.AuthorizationClient - << [{"B":"42a612e4d179ae5647b928465726d3c60204b686993e48c054f38b4bfec0210aad8ee6bd5751268cef183e4f81b78eb5fd428bc33b9feb20cbc954934ca2295713990ea1580d712e6f90f4921de15790a80bb260b627a98d6e2aab29b7722d69036f583443a6ee1ce83521afc4ac7eecafac89b36f87ded27870125a747c2aff83617d29a616a44468b59b1edb01372c7f17b61702bbef5f9faaa03d815f3478e4171437719b65c6ca29e0f678a1d4820d8dc220a802b4c1e891f2cb59af05f10776d46a29e5d28f291e7004207d8e928aa32e002eb8af93089989a2a2c4cf477342e876f4b74bdc9870eaebdd70f5afde66d6001432c6ecc63f2e75186eda51","S":"2b27f5202f2b70d773653dd31288d1ee","G":"2","H":"SHA-256","K":"5b9e8ef059c6b32ea59fc1d322d37f04aa30bae5aa9003b8321e21ddb04e300","N":"ac6bdb41324a9a9bf166de5e1389582faf72b6651987ee07fc3192943db56050a37329cbb4a099ed8193e0757767a13dd52312ab4b03310dcd7f48a9da04fd50e8083969edb767b0cf6095179a163ab3661a05fbd5faaae82918a9962f0b93b855f97993ec975eeaa80d740adbf4ff747359d041d5c33ea71d281e446b14773bca97b43a23fb801676bd207a436c6481f1d2b9078717461a5b9d32e688f87748544523b524b0d57d5ea77a2775d2ecfa032cfbdbf52fb3786160279004e57ae6af874e7303ce53299ccc041c7bc308d82a5698f3a8d0c38271ae35f8e9dbfbb694b5c803d89f7ae435de236d525f54759b65e372fcd68ef20fa7111f9e4aff73","srp_versio":"1"}]
2020-02-22 03:14:14.062 INFO  com.dukascopy.api.impl.connect.AuthorizationClient - Auth step 1 response [ServerResponseObject [passwordServerResponse=Step1ServerResponse [serverPublicValueB=42a612e4d179ae5647b928465726d3c60204b686993e48c054f38b4bfec0210aad8ee6bd5751268cef183e4f81b78eb5fd428bc33b9feb20cbc954934ca2295713990ea1580d712e6f90f4921de15790a80bb260b627a98d6e2aab29b7722d69036f583443a6ee1ce83521afc4ac7eecafac89b36f87ded27870125a747c2aff83617d29a616a44468b59b1edb01372c7f17b61702bbef5f9faaa03d815f3478e4171437719b65c6ca29e0f678a1d4820d8dc220a802b4c1e891f2cb59af05f10776d46a29e5d28f291e7004207d8e928aa32e002eb8af93089989a2a2c4cf477342e876f4b74bdc9870eaebdd70f5afde66d6001432c6ecc63f2e75186eda51, saltS=2b27f5202f2b70d773653dd31288d1ee, safePrimeN=ac6bdb41324a9a9bf166de5e1389582faf72b6651987ee07fc3192943db56050a37329cbb4a099ed8193e0757767a13dd52312ab4b03310dcd7f48a9da04fd50e8083969edb767b0cf6095179a163ab3661a05fbd5faaae82918a9962f0b93b855f97993ec975eeaa80d740adbf4ff747359d041d5c33ea71d281e446b14773bca97b43a23fb801676bd207a436c6481f1d2b9078717461a5b9d32e688f87748544523b524b0d57d5ea77a2775d2ecfa032cfbdbf52fb3786160279004e57ae6af874e7303ce53299ccc041c7bc308d82a5698f3a8d0c38271ae35f8e9dbfbb694b5c803d89f7ae435de236d525f54759b65e372fcd68ef20fa7111f9e4aff73, correspondingGeneratorG=2, hashAlgorithmH=SHA-256, srpProtocolVersion=1], ]]
2020-02-22 03:14:14.144 INFO  com.dukascopy.api.impl.connect.AuthorizationClient - Auth step 2 request A [19077020304814150594395151181493713145872625704681096330930520164222472029712460462891769613091155320691551886126979137111599605619971321082345234816024565665824799514369148818423147761961933256280256233349965108249658495108375422938985207485685496087634500716153993117392493375715179940381570522820783835409603051913241555201149563967474481839854376237345582269707158514351363230728770299576003251075104729439603468936543812735358850445217679026256764397959762603652335455554412055656112931805877955926723130690564139404688262797516553673006136332271859733270226789023993516378030780882832339220111216753984561956681], M1 [15560205500752549292641345319852867098860026027604508702512646615737420682123]
2020-02-22 03:14:14.145 DEBUG com.dukascopy.api.impl.connect.AuthorizationClient - >> [https://login.dukascopy.com/authorization-1/demo/auth?munus=srp_api&testimonium_nuntius=2266c3a37e57111e08e69589052b7ba6f752223f1c430a0a8c9eda3535e3138b&passus=2&publicus_pendo=971e7dff95a572a5339c55c4934dd4f0b1ff437c5f6f229d41d396de84e1cea8cf1c2345cd7e054b23e1a9cd613399aabceae37c150a4a845071a82d7931ccc4ccd18b5d8a7f6246aa6ead99893f7128404202a16958a67a801d41bac2e4d2318f6c95c9320afeb1ea2ea270058e04778982e80c7416397a38bb737cc3cabfa7635f6d0c024a1c35c58c69c119df795d782d08425e2a6346c817c0c7aef7fbaaf86d638a204af1bd9f39825eebfe759819eac6ac0d16d2dc93f62905937ccd0f747d196c02806d5f91150ffdda4b0291eceedbe3eaa90595cc5c7369f0607cd3da6222013229be85bad43c811dded1292dec4bcaad48cda1e395639156534749&sermo=31d0bfc7-6f59-4c61-9750-99a7b8a8bba0&putent_genus=0&obsecro_id=da51cfde-ee98-4eba-8a89-da016c6d78b4&srp_versio=1]
2020-02-22 03:14:14.668 DEBUG com.dukascopy.api.impl.connect.AuthorizationClient - << [{"M2":"b1826f7538233fddada32fd3fa3f4b8aec4dadca5c4b7424c7bec1bc025e89cc","srp_versio":"1"}]
2020-02-22 03:14:14.668 INFO  com.dukascopy.api.impl.connect.AuthorizationClient - Auth step 2 response [ServerResponseObject [passwordServerResponse=Step2ServerResponse [serverEvidenceMessageM2=b1826f7538233fddada32fd3fa3f4b8aec4dadca5c4b7424c7bec1bc025e89cc, srpProtocolVersion=1], ]]
2020-02-22 03:14:14.669 INFO  com.dukascopy.api.impl.connect.AuthorizationClient - Auth step 3 request
2020-02-22 03:14:14.669 DEBUG com.dukascopy.api.impl.connect.AuthorizationClient - >> [https://login.dukascopy.com/authorization-1/demo/auth?munus=srp_api&passus=3&sermo=31d0bfc7-6f59-4c61-9750-99a7b8a8bba0&versio=318.4.87&willPing=true&occasus_content_vulgate=0&putent_genus=0&occasus=true&platform=DDS3_JFOREXSDK&obsecro_id=da51cfde-ee98-4eba-8a89-da016c6d78b4&srp_versio=1]
2020-02-22 03:14:15.830 DEBUG com.dukascopy.api.impl.connect.AuthorizationClient - << [{"occasus":"rO0ABXNyABRqYXZhLnV0aWwuUHJvcGVydGllczkS0HpwNj6YAgABTAAIZGVmYXVsdHN0ABZMamF2\r\nYS91dGlsL1Byb3BlcnRpZX...","authApiURLs":["d-ja-gva-101-135-154.dukascopy.com:10443","d-ja-usa-e-97-4-b.dukascopy.com:10443","d-ja-sgn-04-b.dukascopy.com:10443","d-ja-jpn-102-100-c.dukascopy.com:10443","d-ja-hk-110-05.dukascopy.ch:10443","d-ja-msk-10.dukascopy.com:10443","d-ja-hk-111-4.dukascopy.ch:10443"],"srp_versio":"1"}]
2020-02-22 03:14:15.849 INFO  com.dukascopy.api.impl.connect.AuthorizationClient - Auth step 3 response [ServerResponseObject [passwordServerResponse=Step3ServerResponse [serverResponse={"occasus":"rO0ABXNyABRqYXZhLnV0aWwuUHJvcGVydGllczkS0HpwNj6YAgABTAAIZGVmYXVsdHN0ABZMamF2\r\nYS91dGlsL1Byb3BlcnRpZX...","authApiURLs":["d-ja-gva-101-135-154.dukascopy.com:10443","d-ja-usa-e-97-4-b.dukascopy.com:10443","d-ja-sgn-04-b.dukascopy.com:10443","d-ja-jpn-102-100-c.dukascopy.com:10443","d-ja-hk-110-05.dukascopy.ch:10443","d-ja-msk-10.dukascopy.com:10443","d-ja-hk-111-4.dukascopy.ch:10443"],"srp_versio":"1"}], responseHeaderFields={Transfer-Encoding=[chunked], null=[HTTP/1.1 200], idle-session-ttl=[900000], CF-RAY=[568d7206bf57f2b8-WAW], Server=[cloudflare], Connection=[keep-alive], Client-Country=[PL], Pragma=[no-cache], Last-Modified=[Sat, 22 Feb 2020 02:14:14 GMT], Date=[Sat, 22 Feb 2020 02:14:15 GMT], CF-Cache-Status=[DYNAMIC], Cache-Control=[no-cache, must-revalidate, no-store, max-age=0], Access-Control-Allow-Credentials=[true], Client-IP=[37.47.234.33], Vary=[Accept-Encoding], Set-Cookie=[__cfduid=dc47750b24aa97b0062df2dd625fb3acb1582337654; expires=Mon, 23-Mar-20 02:14:14 GMT; path=/; domain=.dukascopy.com; HttpOnly; SameSite=Lax], Expires=[Thu, 01 Jan 1970 00:00:00 GMT], Expect-CT=[max-age=604800, report-uri="https://report-uri.cloudflare.com/cdn-cgi/beacon/expect-ct"], Content-Type=[text/plain;charset=UTF-8]}]]
2020-02-22 03:14:16.078 INFO  com.dukascopy.api.impl.connect.AuthorizationClient - APIC: Ping API server URLs synchronously
2020-02-22 03:14:16.079 INFO  com.dukascopy.api.impl.connect.PingHelper - Selecting the best server...
2020-02-22 03:14:18.154 INFO  com.dukascopy.api.impl.connect.PingHelper - The ping start time=2020-02-22 03:14:18:153
2020-02-22 03:14:18.509 INFO  com.dukascopy.api.impl.connect.PingHelper - The ping end time=2020-02-22 03:14:18:509, the ping processing time=[356]ms
2020-02-22 03:14:18.509 DEBUG com.dukascopy.api.impl.connect.PingHelper - Best api url [d-ja-gva-101-135-154.dukascopy.com:10443] with time [79]
2020-02-22 03:14:18.510 INFO  com.dukascopy.dds2.greed.ping.ApiServerManager - APIC: The ping is finished, the fastest API server is saved: d-ja-gva-101-135-154.dukascopy.com:10443 (79 ms)
2020-02-22 03:14:18.510 DEBUG com.dukascopy.api.impl.connect.DCClientImpl - d-ja-gva-101-135-154.dukascopy.com:10443@d876072e35e48cb271da2be3b825dd7fe44cd32a98617493bbafe1a836cfbf14
2020-02-22 03:14:18.512 DEBUG com.dukascopy.api.impl.connect.DCClientImpl - UserAgent: {"clientType":"DDS3_JFOREXSDK","javaVersion":"11.0.5","jvmVersion":"11.0.5+10-b520.17","clientVersion":"318.4.87","osName":"Linux"}
2020-02-22 03:14:19.091 INFO  com.dukascopy.dds2.greed.util.FilePathManager - WL info is unavailable. Use default App folder for Platform data:  /home/rudojs/JForex
2020-02-22 03:14:19.731 INFO  com.dukascopy.api.instrument.subscribe.InstrumentManager - InstrumentManager created.
2020-02-22 03:14:19.991 WARN  com.dukascopy.api.impl.connect.WLabelData - White Label Image is not received
2020-02-22 03:14:20.429 INFO  com.dukascopy.dds2.greed.connection.GreedClientAuthorizationProvider - !!!:Thread[(DDS2 Standalone Transport Client) ClientConnector,5,main]
2020-02-22 03:14:20.431 INFO  com.dukascopy.dds4.transport.client.netty.ClientConnector - Authorize task in queue, server address [d-ja-gva-101-135-154.dukascopy.com/194.8.15.154:10443], transport name [DDS2 Standalone Transport Client]
2020-02-22 03:14:20.496 INFO  com.dukascopy.dds2.greed.market.LiveCurrencyMarketManager - LiveCurrencyMarketManager started.
2020-02-22 03:14:21.115 INFO  singlejartest.Main - Connected
2020-02-22 03:14:21.130 INFO  com.dukascopy.dds2.greed.agent.indicator.AccountProvider - Account representation: com.dukascopy.api.impl.connect.PlatformAccountImpl@25a818c5[
  currency=PLN
  leverage=100.0
  credit line=1392945.0
  equity=13929.45
  balance=13929.6
  base equity=13929.6
  use of leverage=0.0
  used margin=0.0
  account state=OK
  global=false
  account id=1958578
  instrument quotes={bCHF=4.01832672437580982330, bJPY=0.03524329207077678819695, aCHF=4.06434518576073082536, USD=3.953645, aJPY=0.03564095102337215098116}
  
  Initial values:
  margin mode=0
  margin cut level=200
  stop loss level=0.0
  over the weekend leverage=50
  currency precision=2
  client ids=[1723066]
  client info set=[Client ID = 1723066, State = OK, Equity = 13929.45, Stop Loss Level = 9871.80, Currency = PLN]
]
2020-02-22 03:14:21.139 DEBUG com.dukascopy.api.impl.connect.DCClientImpl - Order group received for instrument [USD/JPY], adding instrument to the list of the subscribed instruments
2020-02-22 03:14:21.152 DEBUG com.dukascopy.api.impl.connect.DCClientImpl - Order group received for instrument [USD/CHF], adding instrument to the list of the subscribed instruments
2020-02-22 03:14:21.153 DEBUG com.dukascopy.api.impl.connect.DCClientImpl - Order group received for instrument [COPPER.CMD/USD], adding instrument to the list of the subscribed instruments
2020-02-22 03:14:21.229 INFO  com.dukascopy.api.instrument.subscribe.InstrumentManager - SUBSCRIBED INSTRUMENTS: [COPPER.CMD/USD, USD/CHF, USD/JPY]
2020-02-22 03:14:21.229 INFO  com.dukascopy.api.instrument.subscribe.InstrumentManager - FULL DEPTH INSTRUMENTS: [USD/JPY]
2020-02-22 03:14:21.230 INFO  com.dukascopy.api.instrument.subscribe.InstrumentManager - SUBSCRIBED INSTRUMENTS: [COPPER.CMD/USD, USD/CHF, USD/JPY]
2020-02-22 03:14:21.230 INFO  com.dukascopy.api.instrument.subscribe.InstrumentManager - FULL DEPTH INSTRUMENTS: [USD/CHF, USD/JPY]
2020-02-22 03:14:21.231 INFO  com.dukascopy.api.instrument.subscribe.InstrumentManager - SUBSCRIBED INSTRUMENTS: [COPPER.CMD/USD, USD/CHF, USD/JPY]
2020-02-22 03:14:21.231 INFO  com.dukascopy.api.instrument.subscribe.InstrumentManager - FULL DEPTH INSTRUMENTS: [COPPER.CMD/USD, USD/CHF, USD/JPY]
2020-02-22 03:14:21.992 INFO  singlejartest.Main - Subscribing instruments...
2020-02-22 03:14:21.992 INFO  singlejartest.Main - Starting strategy
2020-02-22 03:14:22.245 INFO  com.dukascopy.api.instrument.subscribe.InstrumentManager - SUBSCRIBED INSTRUMENTS: [COPPER.CMD/USD, EUR/USD, USD/CHF, USD/JPY]
2020-02-22 03:14:22.245 INFO  com.dukascopy.api.instrument.subscribe.InstrumentManager - FULL DEPTH INSTRUMENTS: [COPPER.CMD/USD, EUR/USD, USD/CHF, USD/JPY]
2020-02-22 03:14:23.264 INFO  singlejartest.Main - Strategy started: 52
2020-02-22 03:14:29.446 DEBUG com.dukascopy.api.impl.connect.ActivityLogger - jah : [{"datumType":"message","message":"Strategy \"Strategy2\" Strategy ID: E92DECFF76B323F8FBB926CA9D5E50BE is started at 2020-02-22 02:14:22.969 GMT on the local computer with no parameters","clientTime":"1582337663241","timestamp":"1582337662969"}]
2020-02-22 03:14:30.027 DEBUG com.dukascopy.api.impl.connect.ActivityLogger - Trade Log (200) : https://demo-login.dukascopy.com/platformweb/export/tradeLog.php?check=fffd07fffdfffdfffd25fffd56fffd7bfffd3dfffd712efffd&login=DEMO2iLGsh&tzOffsetSeconds=-3600
2020-02-22 03:24:19.659 DEBUG com.dukascopy.api.impl.connect.DCClientImpl - Unrecognized protocol message : class com.dukascopy.dds3.transport.msg.dfs.ServerTimeResponseMessage / <ServerTimeResponseMessage(serverTime=1582338259616,serverSystemTime=1582338259618,lastKnownTickTime=1582322396070,sessionId=31d0bfc7-6f59-4c61-9750-99a7b8a8bba0,userId=1958578,requestId=37,timestamp=1582338259618)>
