2020-02-16 09:13:29.502 INFO  singlejartest.Main - Connecting...
2020-02-16 09:13:30.385 INFO  com.dukascopy.api.impl.connect.AuthorizationClient - environment(jnlp.client.mode)=DEMO, platformInstanceId=null
2020-02-16 09:13:30.393 INFO  com.dukascopy.api.impl.connect.AuthorizationClient - Auth step 1 request [40BF1FC597D59FE4B6D25A19420D3F6C0A8F3704]
2020-02-16 09:13:30.394 DEBUG com.dukascopy.api.impl.connect.AuthorizationClient - >> [https://login.dukascopy.com/authorization-1/demo/auth?munus=srp_api&passus=1&sermo=f97c45bc-801f-449c-a787-a41748948f3d&putent_genus=0&appello=40BF1FC597D59FE4B6D25A19420D3F6C0A8F3704&obsecro_id=bdb3b9ba-86e2-4810-b04a-7afd5a8c5365&srp_versio=1]
2020-02-16 09:13:31.167 DEBUG com.dukascopy.api.impl.connect.AuthorizationClient - << [{"B":"1d4b9d81b84b05978814324b9685fbefeebe2056a345ac8616e43bfe05404eefa3873c629fe627ae06bf44746bd517a5676b15067f1233e02cd83bcad4f61bddd72e0699e06fe8d34ee0388a5ca65373d798b8dcfa72295cb9138dcce22e6c14f3fffff9046b69832cc5654d94c9daca6ace62d87dd9904165f5f88fbc1c09221fc0d94b3f70031621fc3c795acf155cd9b50a12fcddf2aaf764b11278e945c6cb99071c2e8152959752139335b7a6e5b95063914b28d3a6ef3ed750e205a233e7589b5d58c882a61a2fd5b07ad293567b2ea4b4ba32a50e3527156d56b20ce2d6c8072b5aaf87e1670c85f8b7b4192397d48ded4295b0fbce5dd21bb2ba9c83","S":"72b53b97d9252331b1ece2a1eaee85e5","G":"2","H":"SHA-256","K":"5b9e8ef059c6b32ea59fc1d322d37f04aa30bae5aa9003b8321e21ddb04e300","N":"ac6bdb41324a9a9bf166de5e1389582faf72b6651987ee07fc3192943db56050a37329cbb4a099ed8193e0757767a13dd52312ab4b03310dcd7f48a9da04fd50e8083969edb767b0cf6095179a163ab3661a05fbd5faaae82918a9962f0b93b855f97993ec975eeaa80d740adbf4ff747359d041d5c33ea71d281e446b14773bca97b43a23fb801676bd207a436c6481f1d2b9078717461a5b9d32e688f87748544523b524b0d57d5ea77a2775d2ecfa032cfbdbf52fb3786160279004e57ae6af874e7303ce53299ccc041c7bc308d82a5698f3a8d0c38271ae35f8e9dbfbb694b5c803d89f7ae435de236d525f54759b65e372fcd68ef20fa7111f9e4aff73","srp_versio":"1"}]
2020-02-16 09:13:31.168 INFO  com.dukascopy.api.impl.connect.AuthorizationClient - Auth step 1 response [ServerResponseObject [passwordServerResponse=Step1ServerResponse [serverPublicValueB=1d4b9d81b84b05978814324b9685fbefeebe2056a345ac8616e43bfe05404eefa3873c629fe627ae06bf44746bd517a5676b15067f1233e02cd83bcad4f61bddd72e0699e06fe8d34ee0388a5ca65373d798b8dcfa72295cb9138dcce22e6c14f3fffff9046b69832cc5654d94c9daca6ace62d87dd9904165f5f88fbc1c09221fc0d94b3f70031621fc3c795acf155cd9b50a12fcddf2aaf764b11278e945c6cb99071c2e8152959752139335b7a6e5b95063914b28d3a6ef3ed750e205a233e7589b5d58c882a61a2fd5b07ad293567b2ea4b4ba32a50e3527156d56b20ce2d6c8072b5aaf87e1670c85f8b7b4192397d48ded4295b0fbce5dd21bb2ba9c83, saltS=72b53b97d9252331b1ece2a1eaee85e5, safePrimeN=ac6bdb41324a9a9bf166de5e1389582faf72b6651987ee07fc3192943db56050a37329cbb4a099ed8193e0757767a13dd52312ab4b03310dcd7f48a9da04fd50e8083969edb767b0cf6095179a163ab3661a05fbd5faaae82918a9962f0b93b855f97993ec975eeaa80d740adbf4ff747359d041d5c33ea71d281e446b14773bca97b43a23fb801676bd207a436c6481f1d2b9078717461a5b9d32e688f87748544523b524b0d57d5ea77a2775d2ecfa032cfbdbf52fb3786160279004e57ae6af874e7303ce53299ccc041c7bc308d82a5698f3a8d0c38271ae35f8e9dbfbb694b5c803d89f7ae435de236d525f54759b65e372fcd68ef20fa7111f9e4aff73, correspondingGeneratorG=2, hashAlgorithmH=SHA-256, srpProtocolVersion=1], ]]
2020-02-16 09:13:31.260 INFO  com.dukascopy.api.impl.connect.AuthorizationClient - Auth step 2 request A [6139352661249251256538641343290269615149934988751301079843095339910418095776315258916607017349287449532908558486442043728334167948990609379237670367864125785709822418339770524055260550525253246469805389840238718937775753400845856277855493326792117950786275497214123481176012157344009378249901916553199469938739366049496748764732217472704641754749873946356111670545746812338324656902887302749777403060152329923007560177401550814430800892499688461711789837547442540087124033087197065370965456487602449066025081667388536744786610867454301757444394935968311014758313946166957466601339139851504770594864863634202712033011], M1 [82907544434854761890664655624544742204829828137551567672619797092357517575987]
2020-02-16 09:13:31.261 DEBUG com.dukascopy.api.impl.connect.AuthorizationClient - >> [https://login.dukascopy.com/authorization-1/demo/auth?munus=srp_api&testimonium_nuntius=b74c01d98fc111e31ca25b14d36e98c1146c4686e537f1633a5d4bfff8cf8733&passus=2&publicus_pendo=30a20ef99a38056cd8b98ca44e2a9f335482c8ca91eb9fca71af13f7aa30d0b10a5ca252d9757056a86475489d9ab210d4e83f2cac9fc842c01991422c6e2051e70cb79bdbf031f2d0314c56873b3d653b56d82c19876b81f48af7e32ef8ab339bbbea300f965961dfe52a1c0bc76e78993c5ab36029bd0a90ed6aa1fc1a2ff8d302da21ba6294b2418d913e0542121bba3ebf277031752b4a7f20f36da3f5a347b13c9fa25df7b2d91f4e75560e5e8373fe73c913248fecdaf6274b60118c6ea11bdaf08ab39748ee65180462dd9aa5321ef0dfca610a790a17f8824de0f0a22073ad87d82b8634b40be43f292d33f73bfa79cb8c6d4c41075d19a68f4746f3&sermo=f97c45bc-801f-449c-a787-a41748948f3d&putent_genus=0&obsecro_id=bdb3b9ba-86e2-4810-b04a-7afd5a8c5365&srp_versio=1]
2020-02-16 09:13:31.832 DEBUG com.dukascopy.api.impl.connect.AuthorizationClient - << [{"M2":"274fd69474289ea5da11bc841c1302e13e517979e9b61d1ec135ee2c8754005a","srp_versio":"1"}]
2020-02-16 09:13:31.833 INFO  com.dukascopy.api.impl.connect.AuthorizationClient - Auth step 2 response [ServerResponseObject [passwordServerResponse=Step2ServerResponse [serverEvidenceMessageM2=274fd69474289ea5da11bc841c1302e13e517979e9b61d1ec135ee2c8754005a, srpProtocolVersion=1], ]]
2020-02-16 09:13:31.834 INFO  com.dukascopy.api.impl.connect.AuthorizationClient - Auth step 3 request
2020-02-16 09:13:31.834 DEBUG com.dukascopy.api.impl.connect.AuthorizationClient - >> [https://login.dukascopy.com/authorization-1/demo/auth?munus=srp_api&passus=3&sermo=f97c45bc-801f-449c-a787-a41748948f3d&versio=318.4.87&willPing=true&occasus_content_vulgate=0&putent_genus=0&occasus=true&platform=DDS3_JFOREXSDK&obsecro_id=bdb3b9ba-86e2-4810-b04a-7afd5a8c5365&srp_versio=1]
2020-02-16 09:13:33.014 DEBUG com.dukascopy.api.impl.connect.AuthorizationClient - << [{"occasus":"rO0ABXNyABRqYXZhLnV0aWwuUHJvcGVydGllczkS0HpwNj6YAgABTAAIZGVmYXVsdHN0ABZMamF2\r\nYS91dGlsL1Byb3BlcnRpZX...","authApiURLs":["d-ja-gva-91-191.dukascopy.com:10443","d-ja-usa-e-97-4-b.dukascopy.com:10443","d-ja-sgn-04-a.dukascopy.com:10443","d-ja-jpn-04-a.dukascopy.com:10443","d-ja-hk-110-05.dukascopy.ch:10443","d-ja-msk-10.dukascopy.com:10443","d-ja-hk-111-4.dukascopy.ch:10443"],"srp_versio":"1"}]
2020-02-16 09:13:33.025 INFO  com.dukascopy.api.impl.connect.AuthorizationClient - Auth step 3 response [ServerResponseObject [passwordServerResponse=Step3ServerResponse [serverResponse={"occasus":"rO0ABXNyABRqYXZhLnV0aWwuUHJvcGVydGllczkS0HpwNj6YAgABTAAIZGVmYXVsdHN0ABZMamF2\r\nYS91dGlsL1Byb3BlcnRpZX...","authApiURLs":["d-ja-gva-91-191.dukascopy.com:10443","d-ja-usa-e-97-4-b.dukascopy.com:10443","d-ja-sgn-04-a.dukascopy.com:10443","d-ja-jpn-04-a.dukascopy.com:10443","d-ja-hk-110-05.dukascopy.ch:10443","d-ja-msk-10.dukascopy.com:10443","d-ja-hk-111-4.dukascopy.ch:10443"],"srp_versio":"1"}], responseHeaderFields={Transfer-Encoding=[chunked], null=[HTTP/1.1 200], idle-session-ttl=[900000], CF-RAY=[565e10130a26ffd4-WAW], Server=[cloudflare], Connection=[keep-alive], Client-Country=[PL], Pragma=[no-cache], Last-Modified=[Sun, 16 Feb 2020 08:13:32 GMT], Date=[Sun, 16 Feb 2020 08:13:32 GMT], CF-Cache-Status=[DYNAMIC], Cache-Control=[no-cache, must-revalidate, no-store, max-age=0], Access-Control-Allow-Credentials=[true], Client-IP=[37.47.197.228], Vary=[Accept-Encoding], Set-Cookie=[__cfduid=d6d9a0cb46de8af786f3425c54e0fceab1581840812; expires=Tue, 17-Mar-20 08:13:32 GMT; path=/; domain=.dukascopy.com; HttpOnly; SameSite=Lax], Expires=[Thu, 01 Jan 1970 00:00:00 GMT], Expect-CT=[max-age=604800, report-uri="https://report-uri.cloudflare.com/cdn-cgi/beacon/expect-ct"], Content-Type=[text/plain;charset=UTF-8]}]]
2020-02-16 09:13:33.192 INFO  com.dukascopy.api.impl.connect.AuthorizationClient - APIC: Ping API server URLs synchronously
2020-02-16 09:13:33.193 INFO  com.dukascopy.api.impl.connect.PingHelper - Selecting the best server...
2020-02-16 09:13:34.163 INFO  com.dukascopy.api.impl.connect.PingHelper - The ping start time=2020-02-16 09:13:34:163
2020-02-16 09:13:34.522 INFO  com.dukascopy.api.impl.connect.PingHelper - The ping end time=2020-02-16 09:13:34:522, the ping processing time=[359]ms
2020-02-16 09:13:34.522 DEBUG com.dukascopy.api.impl.connect.PingHelper - Best api url [d-ja-gva-91-191.dukascopy.com:10443] with time [93]
2020-02-16 09:13:34.523 INFO  com.dukascopy.dds2.greed.ping.ApiServerManager - APIC: The ping is finished, the fastest API server is saved: d-ja-gva-91-191.dukascopy.com:10443 (93 ms)
2020-02-16 09:13:34.523 DEBUG com.dukascopy.api.impl.connect.DCClientImpl - d-ja-gva-91-191.dukascopy.com:10443@4da7716c5e5eb2359b95fd03c09cf011849f6e5a2b661f7b33768c0f3ed8fe53
2020-02-16 09:13:34.525 DEBUG com.dukascopy.api.impl.connect.DCClientImpl - UserAgent: {"clientType":"DDS3_JFOREXSDK","javaVersion":"11.0.5","jvmVersion":"11.0.5+10-b520.17","clientVersion":"318.4.87","osName":"Linux"}
2020-02-16 09:13:35.072 INFO  com.dukascopy.dds2.greed.util.FilePathManager - WL info is unavailable. Use default App folder for Platform data:  /home/rudojs/JForex
2020-02-16 09:13:35.451 INFO  com.dukascopy.api.instrument.subscribe.InstrumentManager - InstrumentManager created.
2020-02-16 09:13:35.682 WARN  com.dukascopy.api.impl.connect.WLabelData - White Label Image is not received
2020-02-16 09:13:36.127 INFO  com.dukascopy.dds2.greed.connection.GreedClientAuthorizationProvider - !!!:Thread[(DDS2 Standalone Transport Client) ClientConnector,5,main]
2020-02-16 09:13:36.129 INFO  com.dukascopy.dds4.transport.client.netty.ClientConnector - Authorize task in queue, server address [d-ja-gva-91-191.dukascopy.com/194.8.15.191:10443], transport name [DDS2 Standalone Transport Client]
2020-02-16 09:13:36.200 INFO  com.dukascopy.dds2.greed.market.LiveCurrencyMarketManager - LiveCurrencyMarketManager started.
2020-02-16 09:13:36.870 INFO  singlejartest.Main - Connected
2020-02-16 09:13:36.883 INFO  com.dukascopy.dds2.greed.agent.indicator.AccountProvider - Account representation: com.dukascopy.api.impl.connect.PlatformAccountImpl@70201a3a[
  currency=PLN
  leverage=100.0
  credit line=980640.0
  equity=19550.74
  balance=19593.99
  base equity=19593.99
  use of leverage=50.0
  used margin=9744.340000000002
  account state=OK
  global=false
  account id=1958578
  instrument quotes={EUR=4.2499125818, GBP=5.1190816818, USD=3.92366, aUSD=3.94486620, bUSD=3.90246960, COPPER.CMD=10.195240672, bJPY=0.03554291231010237285088, aJPY=0.03595099016668337428536}
  
  Initial values:
  margin mode=0
  margin cut level=200
  stop loss level=0.0
  over the weekend leverage=30
  currency precision=2
  client ids=[1723066]
  client info set=[Client ID = 1723066, State = OK, Equity = 19550.74, Stop Loss Level = 9871.80, Currency = PLN]
]
2020-02-16 09:13:36.894 DEBUG com.dukascopy.api.impl.connect.DCClientImpl - Order group received for instrument [USD/JPY], adding instrument to the list of the subscribed instruments
2020-02-16 09:13:36.907 DEBUG com.dukascopy.api.impl.connect.DCClientImpl - Order group received for instrument [COPPER.CMD/USD], adding instrument to the list of the subscribed instruments
2020-02-16 09:13:36.908 DEBUG com.dukascopy.api.impl.connect.DCClientImpl - Order group received for instrument [GBP/USD], adding instrument to the list of the subscribed instruments
2020-02-16 09:13:36.909 DEBUG com.dukascopy.api.impl.connect.DCClientImpl - Order group received for instrument [EUR/USD], adding instrument to the list of the subscribed instruments
2020-02-16 09:13:36.977 INFO  com.dukascopy.api.instrument.subscribe.InstrumentManager - SUBSCRIBED INSTRUMENTS: [COPPER.CMD/USD, EUR/USD, GBP/USD, USD/JPY]
2020-02-16 09:13:36.977 INFO  com.dukascopy.api.instrument.subscribe.InstrumentManager - FULL DEPTH INSTRUMENTS: [USD/JPY]
2020-02-16 09:13:36.983 INFO  com.dukascopy.api.instrument.subscribe.InstrumentManager - SUBSCRIBED INSTRUMENTS: [COPPER.CMD/USD, EUR/USD, GBP/USD, USD/JPY]
2020-02-16 09:13:36.983 INFO  com.dukascopy.api.instrument.subscribe.InstrumentManager - FULL DEPTH INSTRUMENTS: [COPPER.CMD/USD, USD/JPY]
2020-02-16 09:13:36.985 INFO  com.dukascopy.api.instrument.subscribe.InstrumentManager - SUBSCRIBED INSTRUMENTS: [COPPER.CMD/USD, EUR/USD, GBP/USD, USD/JPY]
2020-02-16 09:13:36.985 INFO  com.dukascopy.api.instrument.subscribe.InstrumentManager - FULL DEPTH INSTRUMENTS: [COPPER.CMD/USD, GBP/USD, USD/JPY]
2020-02-16 09:13:36.987 INFO  com.dukascopy.api.instrument.subscribe.InstrumentManager - SUBSCRIBED INSTRUMENTS: [COPPER.CMD/USD, EUR/USD, GBP/USD, USD/JPY]
2020-02-16 09:13:36.987 INFO  com.dukascopy.api.instrument.subscribe.InstrumentManager - FULL DEPTH INSTRUMENTS: [COPPER.CMD/USD, EUR/USD, GBP/USD, USD/JPY]
2020-02-16 09:13:37.682 INFO  singlejartest.Main - Subscribing instruments...
2020-02-16 09:13:37.683 INFO  singlejartest.Main - Starting strategy
2020-02-16 09:13:39.021 INFO  singlejartest.Main - Strategy started: 52
2020-02-16 09:13:45.289 DEBUG com.dukascopy.api.impl.connect.ActivityLogger - jah : [{"datumType":"message","message":"Strategy \"Strategy2\" Strategy ID: 187BA6C75647FFB8EAAB1613AC5FD2AB is started at 2020-02-16 08:13:38.789 GMT on the local computer with no parameters","clientTime":"1581840818990","timestamp":"1581840818789"}]
2020-02-16 09:13:45.963 DEBUG com.dukascopy.api.impl.connect.ActivityLogger - Trade Log (200) : https://demo-login.dukascopy.com/platformweb/export/tradeLog.php?check=fffd07fffdfffdfffd25fffd56fffd7bfffd3dfffd712efffd&login=DEMO2iLGsh&tzOffsetSeconds=-3600
2020-02-16 09:23:35.485 DEBUG com.dukascopy.api.impl.connect.DCClientImpl - Unrecognized protocol message : class com.dukascopy.dds3.transport.msg.dfs.ServerTimeResponseMessage / <ServerTimeResponseMessage(serverTime=1581841415451,serverSystemTime=1581841415450,lastKnownTickTime=1581717596099,sessionId=f97c45bc-801f-449c-a787-a41748948f3d,userId=1958578,requestId=37,timestamp=1581841415450)>
2020-02-16 09:33:35.550 DEBUG com.dukascopy.api.impl.connect.DCClientImpl - Unrecognized protocol message : class com.dukascopy.dds3.transport.msg.dfs.ServerTimeResponseMessage / <ServerTimeResponseMessage(serverTime=1581842015458,serverSystemTime=1581842015457,lastKnownTickTime=1581717596099,sessionId=f97c45bc-801f-449c-a787-a41748948f3d,userId=1958578,requestId=38,timestamp=1581842015457)>
2020-02-16 09:43:35.484 DEBUG com.dukascopy.api.impl.connect.DCClientImpl - Unrecognized protocol message : class com.dukascopy.dds3.transport.msg.dfs.ServerTimeResponseMessage / <ServerTimeResponseMessage(serverTime=1581842615451,serverSystemTime=1581842615450,lastKnownTickTime=1581717596099,sessionId=f97c45bc-801f-449c-a787-a41748948f3d,userId=1958578,requestId=39,timestamp=1581842615450)>
2020-02-16 09:53:35.482 DEBUG com.dukascopy.api.impl.connect.DCClientImpl - Unrecognized protocol message : class com.dukascopy.dds3.transport.msg.dfs.ServerTimeResponseMessage / <ServerTimeResponseMessage(serverTime=1581843215448,serverSystemTime=1581843215447,lastKnownTickTime=1581717596099,sessionId=f97c45bc-801f-449c-a787-a41748948f3d,userId=1958578,requestId=40,timestamp=1581843215447)>
