2020-02-25 21:12:31.842 INFO  singlejartest.Main - Connecting...
2020-02-25 21:12:32.136 INFO  com.dukascopy.api.impl.connect.AuthorizationClient - environment(jnlp.client.mode)=DEMO, platformInstanceId=null
2020-02-25 21:12:32.148 INFO  com.dukascopy.api.impl.connect.AuthorizationClient - Auth step 1 request [40BF1FC597D59FE4B6D25A19420D3F6C0A8F3704]
2020-02-25 21:12:32.149 DEBUG com.dukascopy.api.impl.connect.AuthorizationClient - >> [https://login.dukascopy.com/authorization-1/demo/auth?munus=srp_api&passus=1&sermo=7455de5c-0169-4eb3-8900-94bccce10b9c&putent_genus=0&appello=40BF1FC597D59FE4B6D25A19420D3F6C0A8F3704&obsecro_id=18a57730-38c0-49b8-bcc9-358ae09f0b1a&srp_versio=1]
2020-02-25 21:12:33.071 DEBUG com.dukascopy.api.impl.connect.AuthorizationClient - << [{"B":"371c568b17406e40cb2ee130a0cd1aee1f841b0b61e9a89cf467aed0f2979414dc898149524197e1eac9a97140fb74520f973a8f0d0b062c5d1fbd92a38793e0c8eaf73fd38beefeb7903e4cc97219a92605bdabee6c4eeff027c732e500e00f9360410fb875c93351cf290aea4b72e1477c3d1b14785f24ca5ce5cb1f7761333dca119dbd18022e0f26d8e4a4c857aa4599b511941be85944e102a6b2553954d72b35d82f0dd83226d7d356c5d268615ebf8c173442fea9fbfe02ba94bafb167b7f243d8383f44730e456637ae0da9bda89633ed992c06bf644916fed72fa04ec151310ab65b0da953c822f7065233e169c62c88aa151c00bd2b1c09a502aba","S":"4dcec8f74097d2437e0194fb88f8577a","G":"2","H":"SHA-256","K":"5b9e8ef059c6b32ea59fc1d322d37f04aa30bae5aa9003b8321e21ddb04e300","N":"ac6bdb41324a9a9bf166de5e1389582faf72b6651987ee07fc3192943db56050a37329cbb4a099ed8193e0757767a13dd52312ab4b03310dcd7f48a9da04fd50e8083969edb767b0cf6095179a163ab3661a05fbd5faaae82918a9962f0b93b855f97993ec975eeaa80d740adbf4ff747359d041d5c33ea71d281e446b14773bca97b43a23fb801676bd207a436c6481f1d2b9078717461a5b9d32e688f87748544523b524b0d57d5ea77a2775d2ecfa032cfbdbf52fb3786160279004e57ae6af874e7303ce53299ccc041c7bc308d82a5698f3a8d0c38271ae35f8e9dbfbb694b5c803d89f7ae435de236d525f54759b65e372fcd68ef20fa7111f9e4aff73","srp_versio":"1"}]
2020-02-25 21:12:33.073 INFO  com.dukascopy.api.impl.connect.AuthorizationClient - Auth step 1 response [ServerResponseObject [passwordServerResponse=Step1ServerResponse [serverPublicValueB=371c568b17406e40cb2ee130a0cd1aee1f841b0b61e9a89cf467aed0f2979414dc898149524197e1eac9a97140fb74520f973a8f0d0b062c5d1fbd92a38793e0c8eaf73fd38beefeb7903e4cc97219a92605bdabee6c4eeff027c732e500e00f9360410fb875c93351cf290aea4b72e1477c3d1b14785f24ca5ce5cb1f7761333dca119dbd18022e0f26d8e4a4c857aa4599b511941be85944e102a6b2553954d72b35d82f0dd83226d7d356c5d268615ebf8c173442fea9fbfe02ba94bafb167b7f243d8383f44730e456637ae0da9bda89633ed992c06bf644916fed72fa04ec151310ab65b0da953c822f7065233e169c62c88aa151c00bd2b1c09a502aba, saltS=4dcec8f74097d2437e0194fb88f8577a, safePrimeN=ac6bdb41324a9a9bf166de5e1389582faf72b6651987ee07fc3192943db56050a37329cbb4a099ed8193e0757767a13dd52312ab4b03310dcd7f48a9da04fd50e8083969edb767b0cf6095179a163ab3661a05fbd5faaae82918a9962f0b93b855f97993ec975eeaa80d740adbf4ff747359d041d5c33ea71d281e446b14773bca97b43a23fb801676bd207a436c6481f1d2b9078717461a5b9d32e688f87748544523b524b0d57d5ea77a2775d2ecfa032cfbdbf52fb3786160279004e57ae6af874e7303ce53299ccc041c7bc308d82a5698f3a8d0c38271ae35f8e9dbfbb694b5c803d89f7ae435de236d525f54759b65e372fcd68ef20fa7111f9e4aff73, correspondingGeneratorG=2, hashAlgorithmH=SHA-256, srpProtocolVersion=1], ]]
2020-02-25 21:12:33.272 INFO  com.dukascopy.api.impl.connect.AuthorizationClient - Auth step 2 request A [5840811185358747214077962092233384910118457056630373970251777222864507726660722868341038331401653631783304621904718550592790601534363721055156361113687101798057162331356124829916551197402068343975588156767473634752562989523852743668002464103449173518707445103049384234564310127239734315815244484580693879743983247865457058676669812341268634024023137425831721214364223478163183645003422292853657952039466899671591421976138638380139069707693746603983411961384432814108170847735958546358597523786431139185898461905052765816995413161283135070470626139860255278452437870092852464515582362459741403373552266860485449108727], M1 [31826404734628415896852234824052422793387389784149295166489282915379006026077]
2020-02-25 21:12:33.272 DEBUG com.dukascopy.api.impl.connect.AuthorizationClient - >> [https://login.dukascopy.com/authorization-1/demo/auth?munus=srp_api&testimonium_nuntius=465d1b51f5a270c146be152df16e966ff1cbd478090f556faf3a461073ea315d&passus=2&publicus_pendo=2e44a49fe82ceefd75ba62a3b89e381f0a74a84900ebbb88aef36dd77ee9bfcee2d6b87c737e143947b9820860e00526deb2f76ed7911efdd6bb8a38de930884793aa18fc8b1338351dc70717249916e962a201f131a76422ad7dd0a47fa0fe6f113fda88fc3b2e7be46b17e991d5aa0b398896413cfdf5deeb45b4d555636d426c2ba113ed11c5e84d0036dee834d035b7ab8364f43822f2a15e21f92bb96e3adb2ce37708f83dd0ae0353e2367f6914a9d6d57c6cb71e913189b250adc914ebd393c427479f8e22822c17d1c8dcadee8927108b33488b9cf6173fd1481dcb86b27132044cb7753c2defb2daf28bbeff20d51c69f0eca3f2f37b445a1884cf7&sermo=7455de5c-0169-4eb3-8900-94bccce10b9c&putent_genus=0&obsecro_id=18a57730-38c0-49b8-bcc9-358ae09f0b1a&srp_versio=1]
2020-02-25 21:12:33.672 DEBUG com.dukascopy.api.impl.connect.AuthorizationClient - << [{"M2":"d84a08711137db04131ebf3c5717545967d275f167b6df10820b75f0e7e2beb4","srp_versio":"1"}]
2020-02-25 21:12:33.672 INFO  com.dukascopy.api.impl.connect.AuthorizationClient - Auth step 2 response [ServerResponseObject [passwordServerResponse=Step2ServerResponse [serverEvidenceMessageM2=d84a08711137db04131ebf3c5717545967d275f167b6df10820b75f0e7e2beb4, srpProtocolVersion=1], ]]
2020-02-25 21:12:33.675 INFO  com.dukascopy.api.impl.connect.AuthorizationClient - Auth step 3 request
2020-02-25 21:12:33.675 DEBUG com.dukascopy.api.impl.connect.AuthorizationClient - >> [https://login.dukascopy.com/authorization-1/demo/auth?munus=srp_api&passus=3&sermo=7455de5c-0169-4eb3-8900-94bccce10b9c&versio=318.4.87&willPing=true&occasus_content_vulgate=0&putent_genus=0&occasus=true&platform=DDS3_JFOREXSDK&obsecro_id=18a57730-38c0-49b8-bcc9-358ae09f0b1a&srp_versio=1]
2020-02-25 21:12:34.698 DEBUG com.dukascopy.api.impl.connect.AuthorizationClient - << [{"occasus":"rO0ABXNyABRqYXZhLnV0aWwuUHJvcGVydGllczkS0HpwNj6YAgABTAAIZGVmYXVsdHN0ABZMamF2\r\nYS91dGlsL1Byb3BlcnRpZX...","authApiURLs":["d-ja-gva-101-135-154.dukascopy.com:10443","d-ja-usa-e-97-4-b.dukascopy.com:10443","d-ja-sgn-04-a.dukascopy.com:10443","d-ja-jpn-102-100-c.dukascopy.com:10443","d-ja-hk-110-05.dukascopy.ch:10443","d-ja-msk-10.dukascopy.com:10443","d-ja-hk-111-4.dukascopy.ch:10443"],"srp_versio":"1"}]
2020-02-25 21:12:34.716 INFO  com.dukascopy.api.impl.connect.AuthorizationClient - Auth step 3 response [ServerResponseObject [passwordServerResponse=Step3ServerResponse [serverResponse={"occasus":"rO0ABXNyABRqYXZhLnV0aWwuUHJvcGVydGllczkS0HpwNj6YAgABTAAIZGVmYXVsdHN0ABZMamF2\r\nYS91dGlsL1Byb3BlcnRpZX...","authApiURLs":["d-ja-gva-101-135-154.dukascopy.com:10443","d-ja-usa-e-97-4-b.dukascopy.com:10443","d-ja-sgn-04-a.dukascopy.com:10443","d-ja-jpn-102-100-c.dukascopy.com:10443","d-ja-hk-110-05.dukascopy.ch:10443","d-ja-msk-10.dukascopy.com:10443","d-ja-hk-111-4.dukascopy.ch:10443"],"srp_versio":"1"}], responseHeaderFields={Transfer-Encoding=[chunked], null=[HTTP/1.1 200], idle-session-ttl=[900000], CF-RAY=[56ac55b76c2ff2d0-WAW], Server=[cloudflare], Connection=[keep-alive], Client-Country=[PL], Pragma=[no-cache], Last-Modified=[Tue, 25 Feb 2020 20:12:33 GMT], Date=[Tue, 25 Feb 2020 20:12:34 GMT], CF-Cache-Status=[DYNAMIC], Cache-Control=[no-cache, must-revalidate, no-store, max-age=0], Access-Control-Allow-Credentials=[true], Client-IP=[37.47.205.155], Vary=[Accept-Encoding], Set-Cookie=[__cfduid=d5029d9f25d201d30ce71b79097b7a10d1582661553; expires=Thu, 26-Mar-20 20:12:33 GMT; path=/; domain=.dukascopy.com; HttpOnly; SameSite=Lax], Expires=[Thu, 01 Jan 1970 00:00:00 GMT], Expect-CT=[max-age=604800, report-uri="https://report-uri.cloudflare.com/cdn-cgi/beacon/expect-ct"], Content-Type=[text/plain;charset=UTF-8]}]]
2020-02-25 21:12:34.907 INFO  com.dukascopy.api.impl.connect.AuthorizationClient - APIC: Ping API server URLs synchronously
2020-02-25 21:12:34.908 INFO  com.dukascopy.api.impl.connect.PingHelper - Selecting the best server...
2020-02-25 21:12:35.788 INFO  com.dukascopy.api.impl.connect.PingHelper - The ping start time=2020-02-25 21:12:35:787
2020-02-25 21:12:36.153 INFO  com.dukascopy.api.impl.connect.PingHelper - The ping end time=2020-02-25 21:12:36:153, the ping processing time=[366]ms
2020-02-25 21:12:36.153 DEBUG com.dukascopy.api.impl.connect.PingHelper - Best api url [d-ja-gva-101-135-154.dukascopy.com:10443] with time [72]
2020-02-25 21:12:36.154 INFO  com.dukascopy.dds2.greed.ping.ApiServerManager - APIC: The ping is finished, the fastest API server is saved: d-ja-gva-101-135-154.dukascopy.com:10443 (72 ms)
2020-02-25 21:12:36.154 DEBUG com.dukascopy.api.impl.connect.DCClientImpl - d-ja-gva-101-135-154.dukascopy.com:10443@40c05b70e4c9ef823cb4cdda063975d2fb58626a0071372445a09baec6a915f8
2020-02-25 21:12:36.157 DEBUG com.dukascopy.api.impl.connect.DCClientImpl - UserAgent: {"clientType":"DDS3_JFOREXSDK","javaVersion":"11.0.5","jvmVersion":"11.0.5+10-b520.17","clientVersion":"318.4.87","osName":"Linux"}
2020-02-25 21:12:36.991 INFO  com.dukascopy.dds2.greed.util.FilePathManager - WL info is unavailable. Use default App folder for Platform data:  /home/rudojs/JForex
2020-02-25 21:12:37.728 INFO  com.dukascopy.api.instrument.subscribe.InstrumentManager - InstrumentManager created.
2020-02-25 21:12:38.252 WARN  com.dukascopy.api.impl.connect.WLabelData - White Label Image is not received
2020-02-25 21:12:38.581 INFO  com.dukascopy.dds2.greed.connection.GreedClientAuthorizationProvider - !!!:Thread[(DDS2 Standalone Transport Client) ClientConnector,5,main]
2020-02-25 21:12:38.584 INFO  com.dukascopy.dds4.transport.client.netty.ClientConnector - Authorize task in queue, server address [d-ja-gva-101-135-154.dukascopy.com/194.8.15.154:10443], transport name [DDS2 Standalone Transport Client]
2020-02-25 21:12:38.693 INFO  com.dukascopy.dds2.greed.market.LiveCurrencyMarketManager - LiveCurrencyMarketManager started.
2020-02-25 21:12:39.140 INFO  singlejartest.Main - Connected
2020-02-25 21:12:39.158 INFO  com.dukascopy.dds2.greed.agent.indicator.AccountProvider - Account representation: com.dukascopy.api.impl.connect.PlatformAccountImpl@465c5859[
  currency=PLN
  leverage=100.0
  credit line=1376619.0
  equity=13809.24
  balance=13811.16
  base equity=13809.05
  use of leverage=0.0
  used margin=43.04999999999927
  account state=OK
  global=false
  account id=1958578
  instrument quotes={bCHF=4.03329756502320330905, EUR=4.30531971375, USD=3.95755, aUSD=3.97784025, bUSD=3.93726475, bJPY=0.03575983170304169601140, aCHF=4.07523844892941269575, aJPY=0.03612966739025785955015}
  
  Initial values:
  margin mode=0
  margin cut level=200
  stop loss level=0.0
  over the weekend leverage=50
  currency precision=2
  client ids=[1723066]
  client info set=[Client ID = 1723066, State = OK, Equity = 13809.24, Stop Loss Level = 9871.80, Currency = PLN]
]
2020-02-25 21:12:39.169 DEBUG com.dukascopy.api.impl.connect.DCClientImpl - Order group received for instrument [USD/JPY], adding instrument to the list of the subscribed instruments
2020-02-25 21:12:39.185 DEBUG com.dukascopy.api.impl.connect.DCClientImpl - Order group received for instrument [USD/CHF], adding instrument to the list of the subscribed instruments
2020-02-25 21:12:39.186 DEBUG com.dukascopy.api.impl.connect.DCClientImpl - Order group received for instrument [EUR/USD], adding instrument to the list of the subscribed instruments
2020-02-25 21:12:39.187 DEBUG com.dukascopy.api.impl.connect.DCClientImpl - Order group received for instrument [COPPER.CMD/USD], adding instrument to the list of the subscribed instruments
2020-02-25 21:12:39.253 INFO  singlejartest.Main - Subscribing instruments...
2020-02-25 21:12:39.254 INFO  singlejartest.Main - Starting strategy
2020-02-25 21:12:39.266 INFO  com.dukascopy.api.instrument.subscribe.InstrumentManager - SUBSCRIBED INSTRUMENTS: [COPPER.CMD/USD, EUR/USD, USD/CHF, USD/JPY]
2020-02-25 21:12:39.266 INFO  com.dukascopy.api.instrument.subscribe.InstrumentManager - FULL DEPTH INSTRUMENTS: [USD/JPY]
2020-02-25 21:12:39.272 INFO  com.dukascopy.api.instrument.subscribe.InstrumentManager - SUBSCRIBED INSTRUMENTS: [COPPER.CMD/USD, EUR/USD, USD/CHF, USD/JPY]
2020-02-25 21:12:39.272 INFO  com.dukascopy.api.instrument.subscribe.InstrumentManager - FULL DEPTH INSTRUMENTS: [USD/CHF, USD/JPY]
2020-02-25 21:12:39.273 INFO  com.dukascopy.api.instrument.subscribe.InstrumentManager - SUBSCRIBED INSTRUMENTS: [COPPER.CMD/USD, EUR/USD, USD/CHF, USD/JPY]
2020-02-25 21:12:39.273 INFO  com.dukascopy.api.instrument.subscribe.InstrumentManager - FULL DEPTH INSTRUMENTS: [EUR/USD, USD/CHF, USD/JPY]
2020-02-25 21:12:39.275 INFO  com.dukascopy.api.instrument.subscribe.InstrumentManager - SUBSCRIBED INSTRUMENTS: [COPPER.CMD/USD, EUR/USD, USD/CHF, USD/JPY]
2020-02-25 21:12:39.275 INFO  com.dukascopy.api.instrument.subscribe.InstrumentManager - FULL DEPTH INSTRUMENTS: [COPPER.CMD/USD, EUR/USD, USD/CHF, USD/JPY]
2020-02-25 21:12:39.623 INFO  com.dukascopy.api.instrument.subscribe.InstrumentManager - FULL DEPTH INSTRUMENTS: [COPPER.CMD/USD, EUR/USD, USD/CHF, USD/JPY]
2020-02-25 21:12:41.313 INFO  singlejartest.Main - Strategy started: 53
2020-02-25 21:12:41.811 INFO  com.dukascopy.dds4.transport.client.netty.TransportClient - Ticks are being transferred via UDP
2020-02-25 21:12:42.681 INFO  com.dukascopy.charts.data.datacache.core.lock.GlobalLock - Lock on file /home/rudojs/JForex/.cache/USDJPY/2020/01/BID_candles_hour_1.bi5.lck is finally taken after 1 unsuccessful attempts
2020-02-25 21:12:47.340 DEBUG com.dukascopy.api.impl.connect.ActivityLogger - jah : [{"datumType":"message","message":"Strategy \"Strategy2\" Strategy ID: 96F2B3BF902EC105D29C43361D06CAC1 is started at 2020-02-25 20:12:41.100 GMT on the local computer with no parameters","clientTime":"1582661561282","timestamp":"1582661561100"}]
2020-02-25 21:12:47.682 DEBUG com.dukascopy.api.impl.connect.ActivityLogger - Trade Log (200) : https://demo-login.dukascopy.com/platformweb/export/tradeLog.php?check=fffd07fffdfffdfffd25fffd56fffd7bfffd3dfffd712efffd&login=DEMO2iLGsh&tzOffsetSeconds=-3600
2020-02-25 21:13:00.280 WARN  com.dukascopy.dds4.transport.client.netty.task.AbstractEventExecutorChannelTask - [DDS2 Standalone Transport Client] Event execution takes too long, execution time: 1163ms and still executing, possible application problem or deadLock, message [<CurrencyMarket(instrumentPrimary=USD,instrumentSecondary=CHF,creationTimestamp=1582661571906,asks=[]
2020-02-25 21:13:05.304 ERROR com.dukascopy.dds4.transport.client.netty.task.AbstractEventExecutorChannelTask - [DDS2 Standalone Transport Client] Event execution took 6190ms, critical timeout time 1000ms, possible application problem or deadLock, message [<CurrencyMarket(instrumentPrimary=USD,instrumentSecondary=CHF,creationTimestamp=1582661571906,asks=[]
2020-02-25 21:13:05.305 ERROR com.dukascopy.dds4.transport.client.netty.TransportClientSession - [DDS2 Standalone Transport Client] Request send failed because of CancellationException: null
2020-02-25 21:13:05.305 ERROR com.dukascopy.dds4.transport.client.netty.ClientConnector - Primary session ping failed: Task was cancelled., timeout: 2000, synchRequestId: 7
2020-02-25 21:13:05.394 WARN  com.dukascopy.dds4.transport.client.netty.udp.UdpClientProtocolHandler - Udp channel ping time out 5113, for com.dukascopy.dds4.transport.client.netty.TransportClientSession@64c1d090
